#
# There is insufficient memory for the Java Runtime Environment to continue.
# Native memory allocation (mmap) failed to map 202899456 bytes for committing reserved memory.
# Possible reasons:
#   The system is out of physical RAM or swap space
#   In 32 bit mode, the process size limit was hit
# Possible solutions:
#   Reduce memory load on the system
#   Increase physical memory or swap space
#   Check if swap backing store is full
#   Use 64 bit Java on a 64 bit OS
#   Decrease Java heap size (-Xmx/-Xms)
#   Decrease number of Java threads
#   Decrease Java thread stack sizes (-Xss)
#   Set larger code cache with -XX:ReservedCodeCacheSize=
# This output file may be truncated or incomplete.
#
#  Out of Memory Error (os_linux.cpp:2627), pid=18216, tid=0x00007ff9cedf5700
#
# JRE version: Java(TM) SE Runtime Environment (8.0_112-b15) (build 1.8.0_112-b15)
# Java VM: Java HotSpot(TM) 64-Bit Server VM (25.112-b15 mixed mode linux-amd64 compressed oops)
# Failed to write core dump. Core dumps have been disabled. To enable core dumping, try "ulimit -c unlimited" before starting Java again
#

---------------  T H R E A D  ---------------

Current thread (0x00007ff9e4078000):  VMThread [stack: 0x00007ff9cecf5000,0x00007ff9cedf6000] [id=18226]

Stack: [0x00007ff9cecf5000,0x00007ff9cedf6000],  sp=0x00007ff9cedf4120,  free space=1020k
Native frames: (J=compiled Java code, j=interpreted, Vv=VM code, C=native code)
V  [libjvm.so+0xac6f7a]  VMError::report_and_die()+0x2ba
V  [libjvm.so+0x4fc71b]  report_vm_out_of_memory(char const*, int, unsigned long, VMErrorType, char const*)+0x8b
V  [libjvm.so+0x923b13]  os::Linux::commit_memory_impl(char*, unsigned long, bool)+0x103
V  [libjvm.so+0x924069]  os::pd_commit_memory(char*, unsigned long, unsigned long, bool)+0x29
V  [libjvm.so+0x91e37a]  os::commit_memory(char*, unsigned long, unsigned long, bool)+0x2a
V  [libjvm.so+0x992da3]  PSVirtualSpace::expand_by(unsigned long)+0x53
V  [libjvm.so+0x9941a8]  PSYoungGen::resize_generation(unsigned long, unsigned long)+0xf8
V  [libjvm.so+0x993302]  PSYoungGen::resize(unsigned long, unsigned long)+0x22
V  [libjvm.so+0x9905db]  PSScavenge::invoke_no_policy()+0xf3b
V  [libjvm.so+0x990d61]  PSScavenge::invoke()+0x41
V  [libjvm.so+0x947ac0]  ParallelScavengeHeap::failed_mem_allocate(unsigned long)+0x70
V  [libjvm.so+0xac8997]  VM_ParallelGCFailedAllocation::doit()+0x97
V  [libjvm.so+0xad0475]  VM_Operation::evaluate()+0x55
V  [libjvm.so+0xace84a]  VMThread::evaluate_operation(VM_Operation*)+0xba
V  [libjvm.so+0xacebce]  VMThread::loop()+0x1ce
V  [libjvm.so+0xacf040]  VMThread::run()+0x70
V  [libjvm.so+0x926138]  java_start(Thread*)+0x108

VM_Operation (0x00007ff9ce005c70): ParallelGCFailedAllocation, mode: safepoint, requested by thread 0x00007ff9e41b9800


---------------  P R O C E S S  ---------------

Java Threads: ( => current thread )
  0x00007ff9e41bf800 JavaThread "pool-2-thread-4" [_thread_blocked, id=18239, stack(0x00007ff9cdb03000,0x00007ff9cdc04000)]
  0x00007ff9e41be000 JavaThread "pool-2-thread-3" [_thread_blocked, id=18238, stack(0x00007ff9cdc04000,0x00007ff9cdd05000)]
  0x00007ff9e41bc800 JavaThread "pool-2-thread-2" [_thread_blocked, id=18237, stack(0x00007ff9cdd05000,0x00007ff9cde06000)]
  0x00007ff9e41bb800 JavaThread "pool-3-thread-1" [_thread_blocked, id=18236, stack(0x00007ff9cde06000,0x00007ff9cdf07000)]
  0x00007ff9e41b9800 JavaThread "pool-2-thread-1" [_thread_blocked, id=18235, stack(0x00007ff9cdf07000,0x00007ff9ce008000)]
  0x00007ff9e40c8000 JavaThread "Service Thread" daemon [_thread_blocked, id=18233, stack(0x00007ff9ce1d6000,0x00007ff9ce2d7000)]
  0x00007ff9e40bd000 JavaThread "C1 CompilerThread2" daemon [_thread_blocked, id=18232, stack(0x00007ff9ce2d7000,0x00007ff9ce3d8000)]
  0x00007ff9e40bb000 JavaThread "C2 CompilerThread1" daemon [_thread_blocked, id=18231, stack(0x00007ff9ce3d8000,0x00007ff9ce4d9000)]
  0x00007ff9e40b8800 JavaThread "C2 CompilerThread0" daemon [_thread_blocked, id=18230, stack(0x00007ff9ce4d9000,0x00007ff9ce5da000)]
  0x00007ff9e40b7000 JavaThread "Signal Dispatcher" daemon [_thread_blocked, id=18229, stack(0x00007ff9ce5da000,0x00007ff9ce6db000)]
  0x00007ff9e4084000 JavaThread "Finalizer" daemon [_thread_blocked, id=18228, stack(0x00007ff9ceaf3000,0x00007ff9cebf4000)]
  0x00007ff9e407f800 JavaThread "Reference Handler" daemon [_thread_blocked, id=18227, stack(0x00007ff9cebf4000,0x00007ff9cecf5000)]
  0x00007ff9e400a000 JavaThread "main" [_thread_blocked, id=18221, stack(0x00007ff9ebc50000,0x00007ff9ebd51000)]

Other Threads:
=>0x00007ff9e4078000 VMThread [stack: 0x00007ff9cecf5000,0x00007ff9cedf6000] [id=18226]
  0x00007ff9e40cb000 WatcherThread [stack: 0x00007ff9ce0d5000,0x00007ff9ce1d6000] [id=18234]

VM state:at safepoint (normal execution)

VM Mutex/Monitor currently owned by a thread:  ([mutex/lock_event])
[0x00007ff9e40064f0] Threads_lock - owner thread: 0x00007ff9e4078000
[0x00007ff9e40069f0] Heap_lock - owner thread: 0x00007ff9e41b9800

Heap:
 PSYoungGen      total 548352K, used 65505K [0x000000076ab00000, 0x0000000791200000, 0x00000007c0000000)
  eden space 482816K, 0% used [0x000000076ab00000,0x000000076ab00000,0x0000000788280000)
  from space 65536K, 99% used [0x0000000788280000,0x000000078c2786c0,0x000000078c280000)
  to   space 49664K, 0% used [0x000000078c280000,0x000000078c280000,0x000000078f300000)
 ParOldGen       total 158720K, used 123473K [0x00000006c0000000, 0x00000006c9b00000, 0x000000076ab00000)
  object space 158720K, 77% used [0x00000006c0000000,0x00000006c78945c8,0x00000006c9b00000)
 Metaspace       used 6521K, capacity 7320K, committed 7680K, reserved 1056768K
  class space    used 622K, capacity 656K, committed 768K, reserved 1048576K

Card table byte_map: [0x00007ff9e81fb000,0x00007ff9e89fc000] byte_map_base: 0x00007ff9e4bfb000

Marking Bits: (ParMarkBitMap*) 0x00007ff9eb126c80
 Begin Bits: [0x00007ff9c0000000, 0x00007ff9c4000000)
 End Bits:   [0x00007ff9c4000000, 0x00007ff9c8000000)

Polling page: 0x00007ff9ebd76000

CodeCache: size=245760Kb used=10615Kb max_used=10616Kb free=235144Kb
 bounds [0x00007ff9d5000000, 0x00007ff9d5a70000, 0x00007ff9e4000000]
 total_blobs=2618 nmethods=2355 adapters=176
 compilation: enabled

Compilation events (10 events):
Event: 9.769 Thread 0x00007ff9e40bd000 2565 % !   3       com.android.dx.cf.code.BasicBlocker::doit @ 76 (156 bytes)
Event: 9.771 Thread 0x00007ff9e40bd000 nmethod 2565% 0x00007ff9d5a4c650 code [0x00007ff9d5a4c900, 0x00007ff9d5a4de18]
Event: 9.803 Thread 0x00007ff9e40bd000 2567 %     3       com.android.dx.cf.code.OneLocalsArray::makeInitialized @ 23 (55 bytes)
Event: 9.803 Thread 0x00007ff9e40bd000 nmethod 2567% 0x00007ff9d59fe150 code [0x00007ff9d59fe320, 0x00007ff9d59fea58]
Event: 9.911 Thread 0x00007ff9e40b8800 nmethod 2548 0x00007ff9d5a619d0 code [0x00007ff9d5a61e40, 0x00007ff9d5a65240]
Event: 9.911 Thread 0x00007ff9e40b8800 2562       4       com.android.dx.ssa.LocalVariableExtractor::processBlock (383 bytes)
Event: 9.993 Thread 0x00007ff9e40bd000 2569       3       com.android.dx.cf.code.OneLocalsArray::makeInitialized (55 bytes)
Event: 9.993 Thread 0x00007ff9e40bd000 nmethod 2569 0x00007ff9d5a19890 code [0x00007ff9d5a19a40, 0x00007ff9d5a1a0f8]
Event: 10.196 Thread 0x00007ff9e40bd000 2572       3       com.android.dx.ssa.back.RegisterAllocator::insertMoveBefore (240 bytes)
Event: 10.199 Thread 0x00007ff9e40bd000 nmethod 2572 0x00007ff9d5a69450 code [0x00007ff9d5a698c0, 0x00007ff9d5a6c588]

GC Heap History (10 events):
Event: 3.295 GC heap after
Heap after GC invocations=5 (full 0):
 PSYoungGen      total 132096K, used 5110K [0x000000076ab00000, 0x000000077d500000, 0x00000007c0000000)
  eden space 126976K, 0% used [0x000000076ab00000,0x000000076ab00000,0x0000000772700000)
  from space 5120K, 99% used [0x0000000772700000,0x0000000772bfd9a0,0x0000000772c00000)
  to   space 25600K, 0% used [0x000000077bc00000,0x000000077bc00000,0x000000077d500000)
 ParOldGen       total 84992K, used 31371K [0x00000006c0000000, 0x00000006c5300000, 0x000000076ab00000)
  object space 84992K, 36% used [0x00000006c0000000,0x00000006c1ea2d90,0x00000006c5300000)
 Metaspace       used 6188K, capacity 7064K, committed 7424K, reserved 1056768K
  class space    used 620K, capacity 656K, committed 768K, reserved 1048576K
}
Event: 4.013 GC heap before
{Heap before GC invocations=6 (full 0):
 PSYoungGen      total 132096K, used 132086K [0x000000076ab00000, 0x000000077d500000, 0x00000007c0000000)
  eden space 126976K, 100% used [0x000000076ab00000,0x0000000772700000,0x0000000772700000)
  from space 5120K, 99% used [0x0000000772700000,0x0000000772bfd9a0,0x0000000772c00000)
  to   space 25600K, 0% used [0x000000077bc00000,0x000000077bc00000,0x000000077d500000)
 ParOldGen       total 84992K, used 31371K [0x00000006c0000000, 0x00000006c5300000, 0x000000076ab00000)
  object space 84992K, 36% used [0x00000006c0000000,0x00000006c1ea2d90,0x00000006c5300000)
 Metaspace       used 6335K, capacity 7192K, committed 7424K, reserved 1056768K
  class space    used 620K, capacity 656K, committed 768K, reserved 1048576K
Event: 4.116 GC heap after
Heap after GC invocations=6 (full 0):
 PSYoungGen      total 274944K, used 23096K [0x000000076ab00000, 0x000000077de00000, 0x00000007c0000000)
  eden space 249344K, 0% used [0x000000076ab00000,0x000000076ab00000,0x0000000779e80000)
  from space 25600K, 90% used [0x000000077bc00000,0x000000077d28e118,0x000000077d500000)
  to   space 30208K, 0% used [0x0000000779e80000,0x0000000779e80000,0x000000077bc00000)
 ParOldGen       total 84992K, used 31371K [0x00000006c0000000, 0x00000006c5300000, 0x000000076ab00000)
  object space 84992K, 36% used [0x00000006c0000000,0x00000006c1ea2d90,0x00000006c5300000)
 Metaspace       used 6335K, capacity 7192K, committed 7424K, reserved 1056768K
  class space    used 620K, capacity 656K, committed 768K, reserved 1048576K
}
Event: 5.541 GC heap before
{Heap before GC invocations=7 (full 0):
 PSYoungGen      total 274944K, used 272440K [0x000000076ab00000, 0x000000077de00000, 0x00000007c0000000)
  eden space 249344K, 100% used [0x000000076ab00000,0x0000000779e80000,0x0000000779e80000)
  from space 25600K, 90% used [0x000000077bc00000,0x000000077d28e118,0x000000077d500000)
  to   space 30208K, 0% used [0x0000000779e80000,0x0000000779e80000,0x000000077bc00000)
 ParOldGen       total 84992K, used 31371K [0x00000006c0000000, 0x00000006c5300000, 0x000000076ab00000)
  object space 84992K, 36% used [0x00000006c0000000,0x00000006c1ea2d90,0x00000006c5300000)
 Metaspace       used 6465K, capacity 7256K, committed 7424K, reserved 1056768K
  class space    used 621K, capacity 656K, committed 768K, reserved 1048576K
Event: 5.679 GC heap after
Heap after GC invocations=7 (full 0):
 PSYoungGen      total 279552K, used 30184K [0x000000076ab00000, 0x000000078f300000, 0x00000007c0000000)
  eden space 249344K, 0% used [0x000000076ab00000,0x000000076ab00000,0x0000000779e80000)
  from space 30208K, 99% used [0x0000000779e80000,0x000000077bbfa278,0x000000077bc00000)
  to   space 49664K, 0% used [0x000000078c280000,0x000000078c280000,0x000000078f300000)
 ParOldGen       total 84992K, used 57575K [0x00000006c0000000, 0x00000006c5300000, 0x000000076ab00000)
  object space 84992K, 67% used [0x00000006c0000000,0x00000006c3839c28,0x00000006c5300000)
 Metaspace       used 6465K, capacity 7256K, committed 7424K, reserved 1056768K
  class space    used 621K, capacity 656K, committed 768K, reserved 1048576K
}
Event: 7.005 GC heap before
{Heap before GC invocations=8 (full 0):
 PSYoungGen      total 279552K, used 279528K [0x000000076ab00000, 0x000000078f300000, 0x00000007c0000000)
  eden space 249344K, 100% used [0x000000076ab00000,0x0000000779e80000,0x0000000779e80000)
  from space 30208K, 99% used [0x0000000779e80000,0x000000077bbfa278,0x000000077bc00000)
  to   space 49664K, 0% used [0x000000078c280000,0x000000078c280000,0x000000078f300000)
 ParOldGen       total 84992K, used 57575K [0x00000006c0000000, 0x00000006c5300000, 0x000000076ab00000)
  object space 84992K, 67% used [0x00000006c0000000,0x00000006c3839c28,0x00000006c5300000)
 Metaspace       used 6494K, capacity 7320K, committed 7680K, reserved 1056768K
  class space    used 621K, capacity 656K, committed 768K, reserved 1048576K
Event: 7.210 GC heap after
Heap after GC invocations=8 (full 0):
 PSYoungGen      total 532480K, used 49633K [0x000000076ab00000, 0x0000000791200000, 0x00000007c0000000)
  eden space 482816K, 0% used [0x000000076ab00000,0x000000076ab00000,0x0000000788280000)
  from space 49664K, 99% used [0x000000078c280000,0x000000078f2f8700,0x000000078f300000)
  to   space 65536K, 0% used [0x0000000788280000,0x0000000788280000,0x000000078c280000)
 ParOldGen       total 84992K, used 71585K [0x00000006c0000000, 0x00000006c5300000, 0x000000076ab00000)
  object space 84992K, 84% used [0x00000006c0000000,0x00000006c45e8508,0x00000006c5300000)
 Metaspace       used 6494K, capacity 7320K, committed 7680K, reserved 1056768K
  class space    used 621K, capacity 656K, committed 768K, reserved 1048576K
}
Event: 7.210 GC heap before
{Heap before GC invocations=9 (full 1):
 PSYoungGen      total 532480K, used 49633K [0x000000076ab00000, 0x0000000791200000, 0x00000007c0000000)
  eden space 482816K, 0% used [0x000000076ab00000,0x000000076ab00000,0x0000000788280000)
  from space 49664K, 99% used [0x000000078c280000,0x000000078f2f8700,0x000000078f300000)
  to   space 65536K, 0% used [0x0000000788280000,0x0000000788280000,0x000000078c280000)
 ParOldGen       total 84992K, used 71585K [0x00000006c0000000, 0x00000006c5300000, 0x000000076ab00000)
  object space 84992K, 84% used [0x00000006c0000000,0x00000006c45e8508,0x00000006c5300000)
 Metaspace       used 6494K, capacity 7320K, committed 7680K, reserved 1056768K
  class space    used 621K, capacity 656K, committed 768K, reserved 1048576K
Event: 7.925 GC heap after
Heap after GC invocations=9 (full 1):
 PSYoungGen      total 532480K, used 32633K [0x000000076ab00000, 0x0000000791200000, 0x00000007c0000000)
  eden space 482816K, 0% used [0x000000076ab00000,0x000000076ab00000,0x0000000788280000)
  from space 49664K, 65% used [0x000000078c280000,0x000000078e25e570,0x000000078f300000)
  to   space 65536K, 0% used [0x0000000788280000,0x0000000788280000,0x000000078c280000)
 ParOldGen       total 158720K, used 84636K [0x00000006c0000000, 0x00000006c9b00000, 0x000000076ab00000)
  object space 158720K, 53% used [0x00000006c0000000,0x00000006c52a7138,0x00000006c9b00000)
 Metaspace       used 6494K, capacity 7320K, committed 7680K, reserved 1056768K
  class space    used 621K, capacity 656K, committed 768K, reserved 1048576K
}
Event: 10.246 GC heap before
{Heap before GC invocations=10 (full 1):
 PSYoungGen      total 532480K, used 515449K [0x000000076ab00000, 0x0000000791200000, 0x00000007c0000000)
  eden space 482816K, 100% used [0x000000076ab00000,0x0000000788280000,0x0000000788280000)
  from space 49664K, 65% used [0x000000078c280000,0x000000078e25e570,0x000000078f300000)
  to   space 65536K, 0% used [0x0000000788280000,0x0000000788280000,0x000000078c280000)
 ParOldGen       total 158720K, used 84636K [0x00000006c0000000, 0x00000006c9b00000, 0x000000076ab00000)
  object space 158720K, 53% used [0x00000006c0000000,0x00000006c52a7138,0x00000006c9b00000)
 Metaspace       used 6521K, capacity 7320K, committed 7680K, reserved 1056768K
  class space    used 622K, capacity 656K, committed 768K, reserved 1048576K

Deoptimization events (10 events):
Event: 9.549 Thread 0x00007ff9e41be000 Uncommon trap: reason=bimorphic action=maybe_recompile pc=0x00007ff9d5a0ad58 method=com.android.dx.rop.code.RegisterSpec.withSimpleType()Lcom/android/dx/rop/code/RegisterSpec; @ 21
Event: 9.552 Thread 0x00007ff9e41be000 Uncommon trap: reason=bimorphic action=maybe_recompile pc=0x00007ff9d5a204cc method=com.android.dx.ssa.SCCP.setLatticeValueTo(IILcom/android/dx/rop/cst/Constant;)Z @ 43
Event: 9.552 Thread 0x00007ff9e41be000 Uncommon trap: reason=bimorphic action=maybe_recompile pc=0x00007ff9d5a204cc method=com.android.dx.ssa.SCCP.setLatticeValueTo(IILcom/android/dx/rop/cst/Constant;)Z @ 43
Event: 9.552 Thread 0x00007ff9e41be000 Uncommon trap: reason=bimorphic action=maybe_recompile pc=0x00007ff9d5a204cc method=com.android.dx.ssa.SCCP.setLatticeValueTo(IILcom/android/dx/rop/cst/Constant;)Z @ 43
Event: 9.552 Thread 0x00007ff9e41be000 Uncommon trap: reason=bimorphic action=maybe_recompile pc=0x00007ff9d5a204cc method=com.android.dx.ssa.SCCP.setLatticeValueTo(IILcom/android/dx/rop/cst/Constant;)Z @ 43
Event: 9.559 Thread 0x00007ff9e41bc800 Uncommon trap: reason=unstable_if action=reinterpret pc=0x00007ff9d5a1aa10 method=com.android.dx.cf.code.BaseMachine.getLocalTarget(Z)Lcom/android/dx/rop/code/RegisterSpec; @ 131
Event: 9.729 Thread 0x00007ff9e41b9800 Uncommon trap: reason=bimorphic action=maybe_recompile pc=0x00007ff9d5a0ad58 method=com.android.dx.rop.code.RegisterSpec.withSimpleType()Lcom/android/dx/rop/code/RegisterSpec; @ 21
Event: 9.739 Thread 0x00007ff9e41be000 Uncommon trap: reason=bimorphic action=maybe_recompile pc=0x00007ff9d5a0ad58 method=com.android.dx.rop.code.RegisterSpec.withSimpleType()Lcom/android/dx/rop/code/RegisterSpec; @ 21
Event: 9.994 Thread 0x00007ff9e41bf800 Uncommon trap: reason=bimorphic action=maybe_recompile pc=0x00007ff9d59ccd1c method=com.android.dx.cf.code.BytecodeArray.parseInstruction(ILcom/android/dx/cf/code/BytecodeArray$Visitor;)I @ 1003
Event: 9.994 Thread 0x00007ff9e41bf800 Uncommon trap: reason=bimorphic action=maybe_recompile pc=0x00007ff9d59ccd1c method=com.android.dx.cf.code.BytecodeArray.parseInstruction(ILcom/android/dx/cf/code/BytecodeArray$Visitor;)I @ 1003

Internal exceptions (8 events):
Event: 0.081 Thread 0x00007ff9e400a000 Exception <a 'java/lang/NoSuchMethodError': Method sun.misc.Unsafe.defineClass(Ljava/lang/String;[BII)Ljava/lang/Class; name or signature does not match> (0x000000076ab07c78) thrown at [/HUDSON3/workspace/8-2-build-linux-amd64/jdk8u112/7884/hotspot/src/sh
Event: 0.082 Thread 0x00007ff9e400a000 Exception <a 'java/lang/NoSuchMethodError': Method sun.misc.Unsafe.prefetchRead(Ljava/lang/Object;J)V name or signature does not match> (0x000000076ab07f60) thrown at [/HUDSON3/workspace/8-2-build-linux-amd64/jdk8u112/7884/hotspot/src/share/vm/prims/jni.c
Event: 0.605 Thread 0x00007ff9e400a000 Implicit null exception at 0x00007ff9d5172f34 to 0x00007ff9d517357d
Event: 1.351 Thread 0x00007ff9e400a000 Implicit null exception at 0x00007ff9d5350533 to 0x00007ff9d5352db9
Event: 1.818 Thread 0x00007ff9e41b9800 Implicit null exception at 0x00007ff9d536e028 to 0x00007ff9d5370db1
Event: 2.216 Thread 0x00007ff9e41b9800 Exception <a 'java/lang/ArrayIndexOutOfBoundsException': 18> (0x000000076bf5d7c0) thrown at [/HUDSON3/workspace/8-2-build-linux-amd64/jdk8u112/7884/hotspot/src/share/vm/interpreter/interpreterRuntime.cpp, line 366]
Event: 2.217 Thread 0x00007ff9e41b9800 Exception <a 'java/lang/ArrayIndexOutOfBoundsException': 145> (0x000000076bf5f340) thrown at [/HUDSON3/workspace/8-2-build-linux-amd64/jdk8u112/7884/hotspot/src/share/vm/interpreter/interpreterRuntime.cpp, line 366]
Event: 2.218 Thread 0x00007ff9e41b9800 Exception <a 'java/lang/ArrayIndexOutOfBoundsException': 40> (0x000000076bf60628) thrown at [/HUDSON3/workspace/8-2-build-linux-amd64/jdk8u112/7884/hotspot/src/share/vm/interpreter/interpreterRuntime.cpp, line 366]

Events (10 events):
Event: 10.158 Thread 0x00007ff9e41b9800 DEOPT UNPACKING pc=0x00007ff9d5047633 sp=0x00007ff9ce005bd0 mode 0
Event: 10.163 Thread 0x00007ff9e41b9800 DEOPT PACKING pc=0x00007ff9d54077d0 sp=0x00007ff9ce005c30
Event: 10.163 Thread 0x00007ff9e41b9800 DEOPT UNPACKING pc=0x00007ff9d5047633 sp=0x00007ff9ce005a18 mode 0
Event: 10.178 Thread 0x00007ff9e41b9800 DEOPT PACKING pc=0x00007ff9d54077d0 sp=0x00007ff9ce005c30
Event: 10.178 Thread 0x00007ff9e41b9800 DEOPT UNPACKING pc=0x00007ff9d5047633 sp=0x00007ff9ce005a18 mode 0
Event: 10.195 Thread 0x00007ff9e41bf800 DEOPT PACKING pc=0x00007ff9d5340168 sp=0x00007ff9cdc01690
Event: 10.195 Thread 0x00007ff9e41bf800 DEOPT UNPACKING pc=0x00007ff9d5047633 sp=0x00007ff9cdc013d0 mode 0
Event: 10.215 Thread 0x00007ff9e41b9800 DEOPT PACKING pc=0x00007ff9d540770a sp=0x00007ff9ce005c30
Event: 10.215 Thread 0x00007ff9e41b9800 DEOPT UNPACKING pc=0x00007ff9d5047633 sp=0x00007ff9ce005a18 mode 0
Event: 10.236 Executing VM operation: ParallelGCFailedAllocation


Dynamic libraries:
00400000-00401000 r-xp 00000000 08:02 2497811                            /usr/local/jdk1.8.0/bin/java
00600000-00601000 rw-p 00000000 08:02 2497811                            /usr/local/jdk1.8.0/bin/java
00d88000-00da9000 rw-p 00000000 00:00 0                                  [heap]
6c0000000-6c9b00000 rw-p 00000000 00:00 0 
6c9b00000-76ab00000 ---p 00000000 00:00 0 
76ab00000-791200000 rw-p 00000000 00:00 0 
79d380000-7c0000000 ---p 00000000 00:00 0 
7c0000000-7c00c0000 rw-p 00000000 00:00 0 
7c00c0000-800000000 ---p 00000000 00:00 0 
7ff978000000-7ff978041000 rw-p 00000000 00:00 0 
7ff978041000-7ff97c000000 ---p 00000000 00:00 0 
7ff980000000-7ff98003f000 rw-p 00000000 00:00 0 
7ff98003f000-7ff984000000 ---p 00000000 00:00 0 
7ff984000000-7ff984027000 rw-p 00000000 00:00 0 
7ff984027000-7ff988000000 ---p 00000000 00:00 0 
7ff988000000-7ff988036000 rw-p 00000000 00:00 0 
7ff988036000-7ff98c000000 ---p 00000000 00:00 0 
7ff98c000000-7ff98c021000 rw-p 00000000 00:00 0 
7ff98c021000-7ff990000000 ---p 00000000 00:00 0 
7ff990000000-7ff990021000 rw-p 00000000 00:00 0 
7ff990021000-7ff994000000 ---p 00000000 00:00 0 
7ff994000000-7ff994021000 rw-p 00000000 00:00 0 
7ff994021000-7ff998000000 ---p 00000000 00:00 0 
7ff998000000-7ff999b73000 rw-p 00000000 00:00 0 
7ff999b73000-7ff99c000000 ---p 00000000 00:00 0 
7ff99c000000-7ff99c914000 rw-p 00000000 00:00 0 
7ff99c914000-7ff9a0000000 ---p 00000000 00:00 0 
7ff9a0000000-7ff9a0021000 rw-p 00000000 00:00 0 
7ff9a0021000-7ff9a4000000 ---p 00000000 00:00 0 
7ff9a4000000-7ff9a4e94000 rw-p 00000000 00:00 0 
7ff9a4e94000-7ff9a8000000 ---p 00000000 00:00 0 
7ff9a8000000-7ff9a8021000 rw-p 00000000 00:00 0 
7ff9a8021000-7ff9ac000000 ---p 00000000 00:00 0 
7ff9ac000000-7ff9ac021000 rw-p 00000000 00:00 0 
7ff9ac021000-7ff9b0000000 ---p 00000000 00:00 0 
7ff9b0000000-7ff9b0021000 rw-p 00000000 00:00 0 
7ff9b0021000-7ff9b4000000 ---p 00000000 00:00 0 
7ff9b4000000-7ff9b4290000 rw-p 00000000 00:00 0 
7ff9b4290000-7ff9b8000000 ---p 00000000 00:00 0 
7ff9b8000000-7ff9b8021000 rw-p 00000000 00:00 0 
7ff9b8021000-7ff9bc000000 ---p 00000000 00:00 0 
7ff9bf800000-7ff9c8000000 rw-p 00000000 00:00 0 
7ff9c8000000-7ff9c8021000 rw-p 00000000 00:00 0 
7ff9c8021000-7ff9cc000000 ---p 00000000 00:00 0 
7ff9cdb03000-7ff9cdb06000 ---p 00000000 00:00 0 
7ff9cdb06000-7ff9cdc04000 rw-p 00000000 00:00 0 
7ff9cdc04000-7ff9cdc07000 ---p 00000000 00:00 0 
7ff9cdc07000-7ff9cdd05000 rw-p 00000000 00:00 0 
7ff9cdd05000-7ff9cdd08000 ---p 00000000 00:00 0 
7ff9cdd08000-7ff9cde06000 rw-p 00000000 00:00 0 
7ff9cde06000-7ff9cde09000 ---p 00000000 00:00 0 
7ff9cde09000-7ff9cdf07000 rw-p 00000000 00:00 0 
7ff9cdf07000-7ff9cdf0a000 ---p 00000000 00:00 0 
7ff9cdf0a000-7ff9ce008000 rw-p 00000000 00:00 0 
7ff9ce008000-7ff9ce0d5000 r--s 00949000 08:11 21767241                   /home/teocci/SourceCode/Android/YouTube-In-Background/app/build/intermediates/transforms/jarMerging/debug/jars/1/1f/combined.jar
7ff9ce0d5000-7ff9ce0d6000 ---p 00000000 00:00 0 
7ff9ce0d6000-7ff9ce1d6000 rw-p 00000000 00:00 0 
7ff9ce1d6000-7ff9ce1d9000 ---p 00000000 00:00 0 
7ff9ce1d9000-7ff9ce2d7000 rw-p 00000000 00:00 0 
7ff9ce2d7000-7ff9ce2da000 ---p 00000000 00:00 0 
7ff9ce2da000-7ff9ce3d8000 rw-p 00000000 00:00 0 
7ff9ce3d8000-7ff9ce3db000 ---p 00000000 00:00 0 
7ff9ce3db000-7ff9ce4d9000 rw-p 00000000 00:00 0 
7ff9ce4d9000-7ff9ce4dc000 ---p 00000000 00:00 0 
7ff9ce4dc000-7ff9ce5da000 rw-p 00000000 00:00 0 
7ff9ce5da000-7ff9ce5dd000 ---p 00000000 00:00 0 
7ff9ce5dd000-7ff9ce6db000 rw-p 00000000 00:00 0 
7ff9ce6db000-7ff9ceaf3000 r--p 00000000 08:02 2232037                    /usr/lib/locale/locale-archive
7ff9ceaf3000-7ff9ceaf6000 ---p 00000000 00:00 0 
7ff9ceaf6000-7ff9cebf4000 rw-p 00000000 00:00 0 
7ff9cebf4000-7ff9cebf7000 ---p 00000000 00:00 0 
7ff9cebf7000-7ff9cecf5000 rw-p 00000000 00:00 0 
7ff9cecf5000-7ff9cecf6000 ---p 00000000 00:00 0 
7ff9cecf6000-7ff9cfec0000 rw-p 00000000 00:00 0 
7ff9cfec0000-7ff9d0000000 ---p 00000000 00:00 0 
7ff9d0000000-7ff9d0021000 rw-p 00000000 00:00 0 
7ff9d0021000-7ff9d4000000 ---p 00000000 00:00 0 
7ff9d4045000-7ff9d45ce000 rw-p 00000000 00:00 0 
7ff9d45ce000-7ff9d47a7000 r--s 03d2c000 08:02 2497885                    /usr/local/jdk1.8.0/jre/lib/rt.jar
7ff9d47a7000-7ff9d47a8000 ---p 00000000 00:00 0 
7ff9d47a8000-7ff9d48a8000 rw-p 00000000 00:00 0 
7ff9d48a8000-7ff9d48a9000 ---p 00000000 00:00 0 
7ff9d48a9000-7ff9d49a9000 rw-p 00000000 00:00 0 
7ff9d49a9000-7ff9d49aa000 ---p 00000000 00:00 0 
7ff9d49aa000-7ff9d4af8000 rw-p 00000000 00:00 0 
7ff9d4af8000-7ff9d5000000 ---p 00000000 00:00 0 
7ff9d5000000-7ff9d5a70000 rwxp 00000000 00:00 0 
7ff9d5a70000-7ff9e4000000 ---p 00000000 00:00 0 
7ff9e4000000-7ff9e43e6000 rw-p 00000000 00:00 0 
7ff9e43e6000-7ff9e8000000 ---p 00000000 00:00 0 
7ff9e8014000-7ff9e80fa000 rw-p 00000000 00:00 0 
7ff9e80fa000-7ff9e80fb000 ---p 00000000 00:00 0 
7ff9e80fb000-7ff9e8249000 rw-p 00000000 00:00 0 
7ff9e8249000-7ff9e8750000 ---p 00000000 00:00 0 
7ff9e8750000-7ff9e8884000 rw-p 00000000 00:00 0 
7ff9e8884000-7ff9e89fb000 ---p 00000000 00:00 0 
7ff9e89fb000-7ff9e8a26000 rw-p 00000000 00:00 0 
7ff9e8a26000-7ff9e8dbc000 ---p 00000000 00:00 0 
7ff9e8dbc000-7ff9e8dd6000 r-xp 00000000 08:02 2497916                    /usr/local/jdk1.8.0/jre/lib/amd64/libzip.so
7ff9e8dd6000-7ff9e8fd6000 ---p 0001a000 08:02 2497916                    /usr/local/jdk1.8.0/jre/lib/amd64/libzip.so
7ff9e8fd6000-7ff9e8fd7000 rw-p 0001a000 08:02 2497916                    /usr/local/jdk1.8.0/jre/lib/amd64/libzip.so
7ff9e8fd7000-7ff9e8fe2000 r-xp 00000000 08:02 262432                     /lib/x86_64-linux-gnu/libnss_files-2.23.so
7ff9e8fe2000-7ff9e91e1000 ---p 0000b000 08:02 262432                     /lib/x86_64-linux-gnu/libnss_files-2.23.so
7ff9e91e1000-7ff9e91e2000 r--p 0000a000 08:02 262432                     /lib/x86_64-linux-gnu/libnss_files-2.23.so
7ff9e91e2000-7ff9e91e3000 rw-p 0000b000 08:02 262432                     /lib/x86_64-linux-gnu/libnss_files-2.23.so
7ff9e91e3000-7ff9e91e9000 rw-p 00000000 00:00 0 
7ff9e91e9000-7ff9e91f4000 r-xp 00000000 08:02 262418                     /lib/x86_64-linux-gnu/libnss_nis-2.23.so
7ff9e91f4000-7ff9e93f3000 ---p 0000b000 08:02 262418                     /lib/x86_64-linux-gnu/libnss_nis-2.23.so
7ff9e93f3000-7ff9e93f4000 r--p 0000a000 08:02 262418                     /lib/x86_64-linux-gnu/libnss_nis-2.23.so
7ff9e93f4000-7ff9e93f5000 rw-p 0000b000 08:02 262418                     /lib/x86_64-linux-gnu/libnss_nis-2.23.so
7ff9e93f5000-7ff9e940b000 r-xp 00000000 08:02 262422                     /lib/x86_64-linux-gnu/libnsl-2.23.so
7ff9e940b000-7ff9e960a000 ---p 00016000 08:02 262422                     /lib/x86_64-linux-gnu/libnsl-2.23.so
7ff9e960a000-7ff9e960b000 r--p 00015000 08:02 262422                     /lib/x86_64-linux-gnu/libnsl-2.23.so
7ff9e960b000-7ff9e960c000 rw-p 00016000 08:02 262422                     /lib/x86_64-linux-gnu/libnsl-2.23.so
7ff9e960c000-7ff9e960e000 rw-p 00000000 00:00 0 
7ff9e960e000-7ff9e9616000 r-xp 00000000 08:02 262436                     /lib/x86_64-linux-gnu/libnss_compat-2.23.so
7ff9e9616000-7ff9e9815000 ---p 00008000 08:02 262436                     /lib/x86_64-linux-gnu/libnss_compat-2.23.so
7ff9e9815000-7ff9e9816000 r--p 00007000 08:02 262436                     /lib/x86_64-linux-gnu/libnss_compat-2.23.so
7ff9e9816000-7ff9e9817000 rw-p 00008000 08:02 262436                     /lib/x86_64-linux-gnu/libnss_compat-2.23.so
7ff9e9817000-7ff9e9842000 r-xp 00000000 08:02 2497943                    /usr/local/jdk1.8.0/jre/lib/amd64/libjava.so
7ff9e9842000-7ff9e9a41000 ---p 0002b000 08:02 2497943                    /usr/local/jdk1.8.0/jre/lib/amd64/libjava.so
7ff9e9a41000-7ff9e9a43000 rw-p 0002a000 08:02 2497943                    /usr/local/jdk1.8.0/jre/lib/amd64/libjava.so
7ff9e9a43000-7ff9e9a50000 r-xp 00000000 08:02 2497894                    /usr/local/jdk1.8.0/jre/lib/amd64/libverify.so
7ff9e9a50000-7ff9e9c4f000 ---p 0000d000 08:02 2497894                    /usr/local/jdk1.8.0/jre/lib/amd64/libverify.so
7ff9e9c4f000-7ff9e9c51000 rw-p 0000c000 08:02 2497894                    /usr/local/jdk1.8.0/jre/lib/amd64/libverify.so
7ff9e9c51000-7ff9e9c58000 r-xp 00000000 08:02 262438                     /lib/x86_64-linux-gnu/librt-2.23.so
7ff9e9c58000-7ff9e9e57000 ---p 00007000 08:02 262438                     /lib/x86_64-linux-gnu/librt-2.23.so
7ff9e9e57000-7ff9e9e58000 r--p 00006000 08:02 262438                     /lib/x86_64-linux-gnu/librt-2.23.so
7ff9e9e58000-7ff9e9e59000 rw-p 00007000 08:02 262438                     /lib/x86_64-linux-gnu/librt-2.23.so
7ff9e9e59000-7ff9e9f61000 r-xp 00000000 08:02 262420                     /lib/x86_64-linux-gnu/libm-2.23.so
7ff9e9f61000-7ff9ea160000 ---p 00108000 08:02 262420                     /lib/x86_64-linux-gnu/libm-2.23.so
7ff9ea160000-7ff9ea161000 r--p 00107000 08:02 262420                     /lib/x86_64-linux-gnu/libm-2.23.so
7ff9ea161000-7ff9ea162000 rw-p 00108000 08:02 262420                     /lib/x86_64-linux-gnu/libm-2.23.so
7ff9ea162000-7ff9eae30000 r-xp 00000000 08:02 2497947                    /usr/local/jdk1.8.0/jre/lib/amd64/server/libjvm.so
7ff9eae30000-7ff9eb030000 ---p 00cce000 08:02 2497947                    /usr/local/jdk1.8.0/jre/lib/amd64/server/libjvm.so
7ff9eb030000-7ff9eb109000 rw-p 00cce000 08:02 2497947                    /usr/local/jdk1.8.0/jre/lib/amd64/server/libjvm.so
7ff9eb109000-7ff9eb154000 rw-p 00000000 00:00 0 
7ff9eb154000-7ff9eb313000 r-xp 00000000 08:02 262424                     /lib/x86_64-linux-gnu/libc-2.23.so
7ff9eb313000-7ff9eb513000 ---p 001bf000 08:02 262424                     /lib/x86_64-linux-gnu/libc-2.23.so
7ff9eb513000-7ff9eb517000 r--p 001bf000 08:02 262424                     /lib/x86_64-linux-gnu/libc-2.23.so
7ff9eb517000-7ff9eb519000 rw-p 001c3000 08:02 262424                     /lib/x86_64-linux-gnu/libc-2.23.so
7ff9eb519000-7ff9eb51d000 rw-p 00000000 00:00 0 
7ff9eb51d000-7ff9eb520000 r-xp 00000000 08:02 262416                     /lib/x86_64-linux-gnu/libdl-2.23.so
7ff9eb520000-7ff9eb71f000 ---p 00003000 08:02 262416                     /lib/x86_64-linux-gnu/libdl-2.23.so
7ff9eb71f000-7ff9eb720000 r--p 00002000 08:02 262416                     /lib/x86_64-linux-gnu/libdl-2.23.so
7ff9eb720000-7ff9eb721000 rw-p 00003000 08:02 262416                     /lib/x86_64-linux-gnu/libdl-2.23.so
7ff9eb721000-7ff9eb736000 r-xp 00000000 08:02 2497772                    /usr/local/jdk1.8.0/lib/amd64/jli/libjli.so
7ff9eb736000-7ff9eb936000 ---p 00015000 08:02 2497772                    /usr/local/jdk1.8.0/lib/amd64/jli/libjli.so
7ff9eb936000-7ff9eb937000 rw-p 00015000 08:02 2497772                    /usr/local/jdk1.8.0/lib/amd64/jli/libjli.so
7ff9eb937000-7ff9eb94f000 r-xp 00000000 08:02 262446                     /lib/x86_64-linux-gnu/libpthread-2.23.so
7ff9eb94f000-7ff9ebb4e000 ---p 00018000 08:02 262446                     /lib/x86_64-linux-gnu/libpthread-2.23.so
7ff9ebb4e000-7ff9ebb4f000 r--p 00017000 08:02 262446                     /lib/x86_64-linux-gnu/libpthread-2.23.so
7ff9ebb4f000-7ff9ebb50000 rw-p 00018000 08:02 262446                     /lib/x86_64-linux-gnu/libpthread-2.23.so
7ff9ebb50000-7ff9ebb54000 rw-p 00000000 00:00 0 
7ff9ebb54000-7ff9ebb7a000 r-xp 00000000 08:02 262426                     /lib/x86_64-linux-gnu/ld-2.23.so
7ff9ebb7d000-7ff9ebc50000 rw-p 00000000 00:00 0 
7ff9ebc50000-7ff9ebc53000 ---p 00000000 00:00 0 
7ff9ebc53000-7ff9ebd55000 rw-p 00000000 00:00 0 
7ff9ebd5f000-7ff9ebd6d000 r--s 000e0000 08:11 9964911                    /home/teocci/Android/Sdk/build-tools/25.0.2/lib/dx.jar
7ff9ebd6d000-7ff9ebd75000 rw-s 00000000 08:02 1577413                    /tmp/hsperfdata_teocci/18216
7ff9ebd75000-7ff9ebd76000 rw-p 00000000 00:00 0 
7ff9ebd76000-7ff9ebd77000 ---p 00000000 00:00 0 
7ff9ebd77000-7ff9ebd79000 rw-p 00000000 00:00 0 
7ff9ebd79000-7ff9ebd7a000 r--p 00025000 08:02 262426                     /lib/x86_64-linux-gnu/ld-2.23.so
7ff9ebd7a000-7ff9ebd7b000 rw-p 00026000 08:02 262426                     /lib/x86_64-linux-gnu/ld-2.23.so
7ff9ebd7b000-7ff9ebd7c000 rw-p 00000000 00:00 0 
7ffd1b663000-7ffd1b685000 rw-p 00000000 00:00 0                          [stack]
7ffd1b703000-7ffd1b705000 r--p 00000000 00:00 0                          [vvar]
7ffd1b705000-7ffd1b707000 r-xp 00000000 00:00 0                          [vdso]
ffffffffff600000-ffffffffff601000 r-xp 00000000 00:00 0                  [vsyscall]

VM Arguments:
jvm_args: -Djava.awt.headless=true -Xmx4g -Dfile.encoding=UTF-8 -Duser.country=US -Duser.language=en -Duser.variant 
java_command: com.android.dx.command.Main --dex --num-threads=4 --multi-dex --main-dex-list /home/teocci/SourceCode/Android/YouTube-In-Background/app/build/intermediates/multi-dex/debug/maindexlist.txt --output /home/teocci/SourceCode/Android/YouTube-In-Background/app/build/intermediates/transforms/dex/debug/folders/1000/1f/main /home/teocci/SourceCode/Android/YouTube-In-Background/app/build/intermediates/transforms/jarMerging/debug/jars/1/1f/combined.jar
java_class_path (initial): /home/teocci/Android/Sdk/build-tools/25.0.2/lib/dx.jar
Launcher Type: SUN_STANDARD

Environment Variables:
JAVA_HOME=/usr/local/jdk1.8.0
PATH=/home/teocci/bin:/home/teocci/.local/bin:/usr/local/sbin:/usr/local/bin:/usr/sbin:/usr/bin:/sbin:/bin:/usr/games:/usr/local/games:/usr/local/jdk1.8.0/bin:/usr/local/android-studio/bin:/home/teocci/Android/Sdk/platform-tools:/snap/bin
LD_LIBRARY_PATH=/usr/local/android-studio/bin:
SHELL=/bin/bash
DISPLAY=:0

Signal Handlers:
SIGSEGV: [libjvm.so+0xac7800], sa_mask[0]=11111111011111111101111111111110, sa_flags=SA_RESTART|SA_SIGINFO
SIGBUS: [libjvm.so+0xac7800], sa_mask[0]=11111111011111111101111111111110, sa_flags=SA_RESTART|SA_SIGINFO
SIGFPE: [libjvm.so+0x920990], sa_mask[0]=11111111011111111101111111111110, sa_flags=SA_RESTART|SA_SIGINFO
SIGPIPE: [libjvm.so+0x920990], sa_mask[0]=11111111011111111101111111111110, sa_flags=SA_RESTART|SA_SIGINFO
SIGXFSZ: [libjvm.so+0x920990], sa_mask[0]=11111111011111111101111111111110, sa_flags=SA_RESTART|SA_SIGINFO
SIGILL: [libjvm.so+0x920990], sa_mask[0]=11111111011111111101111111111110, sa_flags=SA_RESTART|SA_SIGINFO
SIGUSR1: SIG_DFL, sa_mask[0]=00000000000000000000000000000000, sa_flags=none
SIGUSR2: [libjvm.so+0x9221d0], sa_mask[0]=00100000000000000000000000000000, sa_flags=SA_RESTART|SA_SIGINFO
SIGHUP: [libjvm.so+0x9235d0], sa_mask[0]=11111111011111111101111111111110, sa_flags=SA_RESTART|SA_SIGINFO
SIGINT: [libjvm.so+0x9235d0], sa_mask[0]=11111111011111111101111111111110, sa_flags=SA_RESTART|SA_SIGINFO
SIGTERM: [libjvm.so+0x9235d0], sa_mask[0]=11111111011111111101111111111110, sa_flags=SA_RESTART|SA_SIGINFO
SIGQUIT: [libjvm.so+0x9235d0], sa_mask[0]=11111111011111111101111111111110, sa_flags=SA_RESTART|SA_SIGINFO


---------------  S Y S T E M  ---------------

OS:DISTRIB_ID=Ubuntu
DISTRIB_RELEASE=16.04
DISTRIB_CODENAME=xenial
DISTRIB_DESCRIPTION="Ubuntu 16.04.2 LTS"

uname:Linux 4.4.0-79-generic #100-Ubuntu SMP Wed May 17 19:58:14 UTC 2017 x86_64
libc:glibc 2.23 NPTL 2.23 
rlimit: STACK 8192k, CORE 0k, NPROC 30640, NOFILE 65536, AS infinity
load average:3.45 3.32 3.06

/proc/meminfo:
MemTotal:        8106892 kB
MemFree:          118596 kB
MemAvailable:      54224 kB
Buffers:            2596 kB
Cached:            73776 kB
SwapCached:        23128 kB
Active:          5804560 kB
Inactive:        1304172 kB
Active(anon):    5760244 kB
Inactive(anon):  1274412 kB
Active(file):      44316 kB
Inactive(file):    29760 kB
Unevictable:         960 kB
Mlocked:             960 kB
SwapTotal:      19999740 kB
SwapFree:            112 kB
Dirty:               152 kB
Writeback:            16 kB
AnonPages:       7013716 kB
Mapped:            63684 kB
Shmem:              1684 kB
Slab:             179004 kB
SReclaimable:      66856 kB
SUnreclaim:       112148 kB
KernelStack:       25584 kB
PageTables:       218768 kB
NFS_Unstable:          0 kB
Bounce:                0 kB
WritebackTmp:          0 kB
CommitLimit:    24053184 kB
Committed_AS:   41995912 kB
VmallocTotal:   34359738367 kB
VmallocUsed:           0 kB
VmallocChunk:          0 kB
HardwareCorrupted:     0 kB
AnonHugePages:    448512 kB
CmaTotal:              0 kB
CmaFree:               0 kB
HugePages_Total:       0
HugePages_Free:        0
HugePages_Rsvd:        0
HugePages_Surp:        0
Hugepagesize:       2048 kB
DirectMap4k:     3241432 kB
DirectMap2M:     5079040 kB


CPU:total 4 (2 cores per cpu, 2 threads per core) family 6 model 58 stepping 9, cmov, cx8, fxsr, mmx, sse, sse2, sse3, ssse3, sse4.1, sse4.2, popcnt, avx, clmul, erms, ht, tsc, tscinvbit, tscinv

/proc/cpuinfo:
processor	: 0
vendor_id	: GenuineIntel
cpu family	: 6
model		: 58
model name	: Intel(R) Core(TM) i3-3220 CPU @ 3.30GHz
stepping	: 9
microcode	: 0x1c
cpu MHz		: 3299.871
cache size	: 3072 KB
physical id	: 0
siblings	: 4
core id		: 0
cpu cores	: 2
apicid		: 0
initial apicid	: 0
fpu		: yes
fpu_exception	: yes
cpuid level	: 13
wp		: yes
flags		: fpu vme de pse tsc msr pae mce cx8 apic sep mtrr pge mca cmov pat pse36 clflush dts acpi mmx fxsr sse sse2 ss ht tm pbe syscall nx rdtscp lm constant_tsc arch_perfmon pebs bts rep_good nopl xtopology nonstop_tsc aperfmperf eagerfpu pni pclmulqdq dtes64 monitor ds_cpl vmx est tm2 ssse3 cx16 xtpr pdcm pcid sse4_1 sse4_2 popcnt tsc_deadline_timer xsave avx f16c lahf_lm epb tpr_shadow vnmi flexpriority ept vpid fsgsbase smep erms xsaveopt dtherm arat pln pts
bugs		:
bogomips	: 6585.26
clflush size	: 64
cache_alignment	: 64
address sizes	: 36 bits physical, 48 bits virtual
power management:

processor	: 1
vendor_id	: GenuineIntel
cpu family	: 6
model		: 58
model name	: Intel(R) Core(TM) i3-3220 CPU @ 3.30GHz
stepping	: 9
microcode	: 0x1c
cpu MHz		: 3299.871
cache size	: 3072 KB
physical id	: 0
siblings	: 4
core id		: 1
cpu cores	: 2
apicid		: 2
initial apicid	: 2
fpu		: yes
fpu_exception	: yes
cpuid level	: 13
wp		: yes
flags		: fpu vme de pse tsc msr pae mce cx8 apic sep mtrr pge mca cmov pat pse36 clflush dts acpi mmx fxsr sse sse2 ss ht tm pbe syscall nx rdtscp lm constant_tsc arch_perfmon pebs bts rep_good nopl xtopology nonstop_tsc aperfmperf eagerfpu pni pclmulqdq dtes64 monitor ds_cpl vmx est tm2 ssse3 cx16 xtpr pdcm pcid sse4_1 sse4_2 popcnt tsc_deadline_timer xsave avx f16c lahf_lm epb tpr_shadow vnmi flexpriority ept vpid fsgsbase smep erms xsaveopt dtherm arat pln pts
bugs		:
bogomips	: 6585.26
clflush size	: 64
cache_alignment	: 64
address sizes	: 36 bits physical, 48 bits virtual
power management:

processor	: 2
vendor_id	: GenuineIntel
cpu family	: 6
model		: 58
model name	: Intel(R) Core(TM) i3-3220 CPU @ 3.30GHz
stepping	: 9
microcode	: 0x1c
cpu MHz		: 3299.871
cache size	: 3072 KB
physical id	: 0
siblings	: 4
core id		: 0
cpu cores	: 2
apicid		: 1
initial apicid	: 1
fpu		: yes
fpu_exception	: yes
cpuid level	: 13
wp		: yes
flags		: fpu vme de pse tsc msr pae mce cx8 apic sep mtrr pge mca cmov pat pse36 clflush dts acpi mmx fxsr sse sse2 ss ht tm pbe syscall nx rdtscp lm constant_tsc arch_perfmon pebs bts rep_good nopl xtopology nonstop_tsc aperfmperf eagerfpu pni pclmulqdq dtes64 monitor ds_cpl vmx est tm2 ssse3 cx16 xtpr pdcm pcid sse4_1 sse4_2 popcnt tsc_deadline_timer xsave avx f16c lahf_lm epb tpr_shadow vnmi flexpriority ept vpid fsgsbase smep erms xsaveopt dtherm arat pln pts
bugs		:
bogomips	: 6585.26
clflush size	: 64
cache_alignment	: 64
address sizes	: 36 bits physical, 48 bits virtual
power management:

processor	: 3
vendor_id	: GenuineIntel
cpu family	: 6
model		: 58
model name	: Intel(R) Core(TM) i3-3220 CPU @ 3.30GHz
stepping	: 9
microcode	: 0x1c
cpu MHz		: 3300.000
cache size	: 3072 KB
physical id	: 0
siblings	: 4
core id		: 1
cpu cores	: 2
apicid		: 3
initial apicid	: 3
fpu		: yes
fpu_exception	: yes
cpuid level	: 13
wp		: yes
flags		: fpu vme de pse tsc msr pae mce cx8 apic sep mtrr pge mca cmov pat pse36 clflush dts acpi mmx fxsr sse sse2 ss ht tm pbe syscall nx rdtscp lm constant_tsc arch_perfmon pebs bts rep_good nopl xtopology nonstop_tsc aperfmperf eagerfpu pni pclmulqdq dtes64 monitor ds_cpl vmx est tm2 ssse3 cx16 xtpr pdcm pcid sse4_1 sse4_2 popcnt tsc_deadline_timer xsave avx f16c lahf_lm epb tpr_shadow vnmi flexpriority ept vpid fsgsbase smep erms xsaveopt dtherm arat pln pts
bugs		:
bogomips	: 6585.26
clflush size	: 64
cache_alignment	: 64
address sizes	: 36 bits physical, 48 bits virtual
power management:



Memory: 4k page, physical 8106892k(118596k free), swap 19999740k(124k free)

vm_info: Java HotSpot(TM) 64-Bit Server VM (25.112-b15) for linux-amd64 JRE (1.8.0_112-b15), built on Sep 22 2016 21:10:53 by "java_re" with gcc 4.3.0 20080428 (Red Hat 4.3.0-8)

time: Tue Jun 13 16:48:01 2017
elapsed time: 10 seconds (0d 0h 0m 10s)

