#
# There is insufficient memory for the Java Runtime Environment to continue.
# Native memory allocation (mmap) failed to map 171966464 bytes for committing reserved memory.
# Possible reasons:
#   The system is out of physical RAM or swap space
#   In 32 bit mode, the process size limit was hit
# Possible solutions:
#   Reduce memory load on the system
#   Increase physical memory or swap space
#   Check if swap backing store is full
#   Use 64 bit Java on a 64 bit OS
#   Decrease Java heap size (-Xmx/-Xms)
#   Decrease number of Java threads
#   Decrease Java thread stack sizes (-Xss)
#   Set larger code cache with -XX:ReservedCodeCacheSize=
# This output file may be truncated or incomplete.
#
#  Out of Memory Error (os_linux.cpp:2627), pid=20169, tid=0x00007f7a78c5a700
#
# JRE version: Java(TM) SE Runtime Environment (8.0_112-b15) (build 1.8.0_112-b15)
# Java VM: Java HotSpot(TM) 64-Bit Server VM (25.112-b15 mixed mode linux-amd64 compressed oops)
# Failed to write core dump. Core dumps have been disabled. To enable core dumping, try "ulimit -c unlimited" before starting Java again
#

---------------  T H R E A D  ---------------

Current thread (0x00007f7a8c078000):  VMThread [stack: 0x00007f7a78b5a000,0x00007f7a78c5b000] [id=20178]

Stack: [0x00007f7a78b5a000,0x00007f7a78c5b000],  sp=0x00007f7a78c59120,  free space=1020k
Native frames: (J=compiled Java code, j=interpreted, Vv=VM code, C=native code)
V  [libjvm.so+0xac6f7a]  VMError::report_and_die()+0x2ba
V  [libjvm.so+0x4fc71b]  report_vm_out_of_memory(char const*, int, unsigned long, VMErrorType, char const*)+0x8b
V  [libjvm.so+0x923b13]  os::Linux::commit_memory_impl(char*, unsigned long, bool)+0x103
V  [libjvm.so+0x924069]  os::pd_commit_memory(char*, unsigned long, unsigned long, bool)+0x29
V  [libjvm.so+0x91e37a]  os::commit_memory(char*, unsigned long, unsigned long, bool)+0x2a
V  [libjvm.so+0x992da3]  PSVirtualSpace::expand_by(unsigned long)+0x53
V  [libjvm.so+0x983670]  PSOldGen::expand(unsigned long)+0x170
V  [libjvm.so+0x98387b]  PSOldGen::resize(unsigned long)+0x1cb
V  [libjvm.so+0x98b571]  PSParallelCompact::invoke_no_policy(bool)+0x991
V  [libjvm.so+0x990ecd]  PSScavenge::invoke()+0x1ad
V  [libjvm.so+0x947ac0]  ParallelScavengeHeap::failed_mem_allocate(unsigned long)+0x70
V  [libjvm.so+0xac8997]  VM_ParallelGCFailedAllocation::doit()+0x97
V  [libjvm.so+0xad0475]  VM_Operation::evaluate()+0x55
V  [libjvm.so+0xace84a]  VMThread::evaluate_operation(VM_Operation*)+0xba
V  [libjvm.so+0xacebce]  VMThread::loop()+0x1ce
V  [libjvm.so+0xacf040]  VMThread::run()+0x70
V  [libjvm.so+0x926138]  java_start(Thread*)+0x108

VM_Operation (0x00007f7a43c2da80): ParallelGCFailedAllocation, mode: safepoint, requested by thread 0x00007f7a8c1a4800


---------------  P R O C E S S  ---------------

Java Threads: ( => current thread )
  0x00007f7a8c1a8000 JavaThread "pool-2-thread-4" [_thread_blocked, id=20191, stack(0x00007f7a4392d000,0x00007f7a43a2e000)]
  0x00007f7a8c1a6800 JavaThread "pool-2-thread-3" [_thread_blocked, id=20190, stack(0x00007f7a43a2e000,0x00007f7a43b2f000)]
  0x00007f7a8c1a4800 JavaThread "pool-2-thread-2" [_thread_blocked, id=20189, stack(0x00007f7a43b2f000,0x00007f7a43c30000)]
  0x00007f7a8c1a3800 JavaThread "pool-3-thread-1" [_thread_blocked, id=20188, stack(0x00007f7a43c30000,0x00007f7a43d31000)]
  0x00007f7a8c1a1800 JavaThread "pool-2-thread-1" [_thread_blocked, id=20187, stack(0x00007f7a43d31000,0x00007f7a43e32000)]
  0x00007f7a8c0c8000 JavaThread "Service Thread" daemon [_thread_blocked, id=20185, stack(0x00007f7a7803b000,0x00007f7a7813c000)]
  0x00007f7a8c0bd000 JavaThread "C1 CompilerThread2" daemon [_thread_blocked, id=20184, stack(0x00007f7a7813c000,0x00007f7a7823d000)]
  0x00007f7a8c0bb000 JavaThread "C2 CompilerThread1" daemon [_thread_blocked, id=20183, stack(0x00007f7a7823d000,0x00007f7a7833e000)]
  0x00007f7a8c0b8800 JavaThread "C2 CompilerThread0" daemon [_thread_blocked, id=20182, stack(0x00007f7a7833e000,0x00007f7a7843f000)]
  0x00007f7a8c0b7000 JavaThread "Signal Dispatcher" daemon [_thread_blocked, id=20181, stack(0x00007f7a7843f000,0x00007f7a78540000)]
  0x00007f7a8c084000 JavaThread "Finalizer" daemon [_thread_blocked, id=20180, stack(0x00007f7a78958000,0x00007f7a78a59000)]
  0x00007f7a8c07f800 JavaThread "Reference Handler" daemon [_thread_blocked, id=20179, stack(0x00007f7a78a59000,0x00007f7a78b5a000)]
  0x00007f7a8c00a000 JavaThread "main" [_thread_blocked, id=20173, stack(0x00007f7a92265000,0x00007f7a92366000)]

Other Threads:
=>0x00007f7a8c078000 VMThread [stack: 0x00007f7a78b5a000,0x00007f7a78c5b000] [id=20178]
  0x00007f7a8c0cb000 WatcherThread [stack: 0x00007f7a43eff000,0x00007f7a44000000] [id=20186]

VM state:at safepoint (normal execution)

VM Mutex/Monitor currently owned by a thread:  ([mutex/lock_event])
[0x00007f7a8c005e70] ExpandHeap_lock - owner thread: 0x00007f7a8c078000
[0x00007f7a8c0064f0] Threads_lock - owner thread: 0x00007f7a8c078000
[0x00007f7a8c0069f0] Heap_lock - owner thread: 0x00007f7a8c1a4800

Heap:
 PSYoungGen      total 714752K, used 49647K [0x000000076ab00000, 0x00000007a7f80000, 0x00000007c0000000)
  eden space 592896K, 0% used [0x000000076ab00000,0x000000076ab00000,0x000000078ee00000)
  from space 121856K, 40% used [0x000000078ee00000,0x0000000791e7bff8,0x0000000796500000)
  to   space 131584K, 0% used [0x000000079ff00000,0x000000079ff00000,0x00000007a7f80000)
 ParOldGen       total 276992K, used 276603K [0x00000006c0000000, 0x00000006d0e80000, 0x000000076ab00000)
  object space 276992K, 99% used [0x00000006c0000000,0x00000006d0e1eda8,0x00000006d0e80000)
 Metaspace       used 6546K, capacity 7320K, committed 7680K, reserved 1056768K
  class space    used 623K, capacity 656K, committed 768K, reserved 1048576K

Card table byte_map: [0x00007f7a7b7b8000,0x00007f7a7bfb9000] byte_map_base: 0x00007f7a781b8000

Marking Bits: (ParMarkBitMap*) 0x00007f7a9173bc80
 Begin Bits: [0x00007f7a64000000, 0x00007f7a68000000)
 End Bits:   [0x00007f7a68000000, 0x00007f7a6c000000)

Polling page: 0x00007f7a9238b000

CodeCache: size=245760Kb used=11958Kb max_used=11972Kb free=233801Kb
 bounds [0x00007f7a7c379000, 0x00007f7a7cf39000, 0x00007f7a8b379000]
 total_blobs=2740 nmethods=2477 adapters=176
 compilation: enabled

Compilation events (10 events):
Event: 13.235 Thread 0x00007f7a8c0bb000 nmethod 2664 0x00007f7a7cf2de10 code [0x00007f7a7cf2e160, 0x00007f7a7cf30788]
Event: 13.236 Thread 0x00007f7a8c0bb000 2652       4       com.android.dx.rop.code.LocalVariableExtractor::doit (49 bytes)
Event: 13.248 Thread 0x00007f7a8c0bb000 nmethod 2652 0x00007f7a7cefea10 code [0x00007f7a7cefeb80, 0x00007f7a7cefee88]
Event: 13.252 Thread 0x00007f7a8c0bb000 2581       4       com.android.dx.ssa.LocalVariableExtractor::doit (59 bytes)
Event: 13.259 Thread 0x00007f7a8c0bd000 2672       3       com.android.dx.dex.code.RopTranslator::outputInstructions (69 bytes)
Event: 13.260 Thread 0x00007f7a8c0bb000 nmethod 2581 0x00007f7a7cf2d650 code [0x00007f7a7cf2d7c0, 0x00007f7a7cf2db28]
Event: 13.260 Thread 0x00007f7a8c0bd000 nmethod 2672 0x00007f7a7cf002d0 code [0x00007f7a7cf00460, 0x00007f7a7cf008b8]
Event: 13.260 Thread 0x00007f7a8c0bb000 2307       4       com.android.dx.cf.code.LocalVariableList::pcAndIndexToLocal (51 bytes)
Event: 13.264 Thread 0x00007f7a8c0bb000 nmethod 2307 0x00007f7a7cefbf50 code [0x00007f7a7cefc0c0, 0x00007f7a7cefc2f8]
Event: 13.264 Thread 0x00007f7a8c0bb000 2648   !   4       com.android.dx.cf.code.RopperMachine::run (1550 bytes)

GC Heap History (10 events):
Event: 6.110 GC heap after
Heap after GC invocations=9 (full 1):
 PSYoungGen      total 532992K, used 31613K [0x000000076ab00000, 0x0000000791300000, 0x00000007c0000000)
  eden space 482816K, 0% used [0x000000076ab00000,0x000000076ab00000,0x0000000788280000)
  from space 50176K, 63% used [0x000000078c300000,0x000000078e1df7e0,0x000000078f400000)
  to   space 66048K, 0% used [0x0000000788280000,0x0000000788280000,0x000000078c300000)
 ParOldGen       total 159744K, used 84819K [0x00000006c0000000, 0x00000006c9c00000, 0x000000076ab00000)
  object space 159744K, 53% used [0x00000006c0000000,0x00000006c52d4d00,0x00000006c9c00000)
 Metaspace       used 6487K, capacity 7320K, committed 7680K, reserved 1056768K
  class space    used 621K, capacity 656K, committed 768K, reserved 1048576K
}
Event: 8.026 GC heap before
{Heap before GC invocations=10 (full 1):
 PSYoungGen      total 532992K, used 514429K [0x000000076ab00000, 0x0000000791300000, 0x00000007c0000000)
  eden space 482816K, 100% used [0x000000076ab00000,0x0000000788280000,0x0000000788280000)
  from space 50176K, 63% used [0x000000078c300000,0x000000078e1df7e0,0x000000078f400000)
  to   space 66048K, 0% used [0x0000000788280000,0x0000000788280000,0x000000078c300000)
 ParOldGen       total 159744K, used 84819K [0x00000006c0000000, 0x00000006c9c00000, 0x000000076ab00000)
  object space 159744K, 53% used [0x00000006c0000000,0x00000006c52d4d00,0x00000006c9c00000)
 Metaspace       used 6523K, capacity 7320K, committed 7680K, reserved 1056768K
  class space    used 622K, capacity 656K, committed 768K, reserved 1048576K
Event: 8.275 GC heap after
Heap after GC invocations=10 (full 1):
 PSYoungGen      total 548864K, used 66024K [0x000000076ab00000, 0x000000079c000000, 0x00000007c0000000)
  eden space 482816K, 0% used [0x000000076ab00000,0x000000076ab00000,0x0000000788280000)
  from space 66048K, 99% used [0x0000000788280000,0x000000078c2fa2c0,0x000000078c300000)
  to   space 93184K, 0% used [0x0000000796500000,0x0000000796500000,0x000000079c000000)
 ParOldGen       total 159744K, used 121969K [0x00000006c0000000, 0x00000006c9c00000, 0x000000076ab00000)
  object space 159744K, 76% used [0x00000006c0000000,0x00000006c771c4f0,0x00000006c9c00000)
 Metaspace       used 6523K, capacity 7320K, committed 7680K, reserved 1056768K
  class space    used 622K, capacity 656K, committed 768K, reserved 1048576K
}
Event: 9.627 GC heap before
{Heap before GC invocations=11 (full 1):
 PSYoungGen      total 548864K, used 548840K [0x000000076ab00000, 0x000000079c000000, 0x00000007c0000000)
  eden space 482816K, 100% used [0x000000076ab00000,0x0000000788280000,0x0000000788280000)
  from space 66048K, 99% used [0x0000000788280000,0x000000078c2fa2c0,0x000000078c300000)
  to   space 93184K, 0% used [0x0000000796500000,0x0000000796500000,0x000000079c000000)
 ParOldGen       total 159744K, used 121969K [0x00000006c0000000, 0x00000006c9c00000, 0x000000076ab00000)
  object space 159744K, 76% used [0x00000006c0000000,0x00000006c771c4f0,0x00000006c9c00000)
 Metaspace       used 6538K, capacity 7320K, committed 7680K, reserved 1056768K
  class space    used 622K, capacity 656K, committed 768K, reserved 1048576K
Event: 9.970 GC heap after
Heap after GC invocations=11 (full 1):
 PSYoungGen      total 686080K, used 93169K [0x000000076ab00000, 0x00000007a0880000, 0x00000007c0000000)
  eden space 592896K, 0% used [0x000000076ab00000,0x000000076ab00000,0x000000078ee00000)
  from space 93184K, 99% used [0x0000000796500000,0x000000079bffc4f8,0x000000079c000000)
  to   space 121856K, 0% used [0x000000078ee00000,0x000000078ee00000,0x0000000796500000)
 ParOldGen       total 159744K, used 154693K [0x00000006c0000000, 0x00000006c9c00000, 0x000000076ab00000)
  object space 159744K, 96% used [0x00000006c0000000,0x00000006c9711468,0x00000006c9c00000)
 Metaspace       used 6538K, capacity 7320K, committed 7680K, reserved 1056768K
  class space    used 622K, capacity 656K, committed 768K, reserved 1048576K
}
Event: 9.970 GC heap before
{Heap before GC invocations=12 (full 2):
 PSYoungGen      total 686080K, used 93169K [0x000000076ab00000, 0x00000007a0880000, 0x00000007c0000000)
  eden space 592896K, 0% used [0x000000076ab00000,0x000000076ab00000,0x000000078ee00000)
  from space 93184K, 99% used [0x0000000796500000,0x000000079bffc4f8,0x000000079c000000)
  to   space 121856K, 0% used [0x000000078ee00000,0x000000078ee00000,0x0000000796500000)
 ParOldGen       total 159744K, used 154693K [0x00000006c0000000, 0x00000006c9c00000, 0x000000076ab00000)
  object space 159744K, 96% used [0x00000006c0000000,0x00000006c9711468,0x00000006c9c00000)
 Metaspace       used 6538K, capacity 7320K, committed 7680K, reserved 1056768K
  class space    used 622K, capacity 656K, committed 768K, reserved 1048576K
Event: 11.082 GC heap after
Heap after GC invocations=12 (full 2):
 PSYoungGen      total 686080K, used 80100K [0x000000076ab00000, 0x00000007a0880000, 0x00000007c0000000)
  eden space 592896K, 0% used [0x000000076ab00000,0x000000076ab00000,0x000000078ee00000)
  from space 93184K, 85% used [0x0000000796500000,0x000000079b339100,0x000000079c000000)
  to   space 121856K, 0% used [0x000000078ee00000,0x000000078ee00000,0x0000000796500000)
 ParOldGen       total 276992K, used 159732K [0x00000006c0000000, 0x00000006d0e80000, 0x000000076ab00000)
  object space 276992K, 57% used [0x00000006c0000000,0x00000006c9bfd280,0x00000006d0e80000)
 Metaspace       used 6538K, capacity 7320K, committed 7680K, reserved 1056768K
  class space    used 622K, capacity 656K, committed 768K, reserved 1048576K
}
Event: 13.279 GC heap before
{Heap before GC invocations=13 (full 2):
 PSYoungGen      total 686080K, used 672996K [0x000000076ab00000, 0x00000007a0880000, 0x00000007c0000000)
  eden space 592896K, 100% used [0x000000076ab00000,0x000000078ee00000,0x000000078ee00000)
  from space 93184K, 85% used [0x0000000796500000,0x000000079b339100,0x000000079c000000)
  to   space 121856K, 0% used [0x000000078ee00000,0x000000078ee00000,0x0000000796500000)
 ParOldGen       total 276992K, used 159732K [0x00000006c0000000, 0x00000006d0e80000, 0x000000076ab00000)
  object space 276992K, 57% used [0x00000006c0000000,0x00000006c9bfd280,0x00000006d0e80000)
 Metaspace       used 6546K, capacity 7320K, committed 7680K, reserved 1056768K
  class space    used 623K, capacity 656K, committed 768K, reserved 1048576K
Event: 13.635 GC heap after
Heap after GC invocations=13 (full 2):
 PSYoungGen      total 714752K, used 90496K [0x000000076ab00000, 0x00000007a7f80000, 0x00000007c0000000)
  eden space 592896K, 0% used [0x000000076ab00000,0x000000076ab00000,0x000000078ee00000)
  from space 121856K, 74% used [0x000000078ee00000,0x00000007946601e8,0x0000000796500000)
  to   space 131584K, 0% used [0x000000079ff00000,0x000000079ff00000,0x00000007a7f80000)
 ParOldGen       total 276992K, used 239329K [0x00000006c0000000, 0x00000006d0e80000, 0x000000076ab00000)
  object space 276992K, 86% used [0x00000006c0000000,0x00000006ce9b86b0,0x00000006d0e80000)
 Metaspace       used 6546K, capacity 7320K, committed 7680K, reserved 1056768K
  class space    used 623K, capacity 656K, committed 768K, reserved 1048576K
}
Event: 13.635 GC heap before
{Heap before GC invocations=14 (full 3):
 PSYoungGen      total 714752K, used 90496K [0x000000076ab00000, 0x00000007a7f80000, 0x00000007c0000000)
  eden space 592896K, 0% used [0x000000076ab00000,0x000000076ab00000,0x000000078ee00000)
  from space 121856K, 74% used [0x000000078ee00000,0x00000007946601e8,0x0000000796500000)
  to   space 131584K, 0% used [0x000000079ff00000,0x000000079ff00000,0x00000007a7f80000)
 ParOldGen       total 276992K, used 239329K [0x00000006c0000000, 0x00000006d0e80000, 0x000000076ab00000)
  object space 276992K, 86% used [0x00000006c0000000,0x00000006ce9b86b0,0x00000006d0e80000)
 Metaspace       used 6546K, capacity 7320K, committed 7680K, reserved 1056768K
  class space    used 623K, capacity 656K, committed 768K, reserved 1048576K

Deoptimization events (10 events):
Event: 11.840 Thread 0x00007f7a8c00a000 Uncommon trap: reason=unstable_if action=reinterpret pc=0x00007f7a7cec0c6c method=com.android.dx.ssa.back.FirstFitLocalCombiningAllocator.findNextUnreservedRopReg(IILcom/android/dx/ssa/back/FirstFitLocalCombiningAllocator$Alignment;)I @ 32
Event: 11.904 Thread 0x00007f7a8c1a8000 Uncommon trap: reason=unstable_if action=reinterpret pc=0x00007f7a7ce4d330 method=com.android.dx.ssa.SsaMethod.makeExitBlock()V @ 103
Event: 12.178 Thread 0x00007f7a8c1a4800 Uncommon trap: reason=unstable_if action=reinterpret pc=0x00007f7a7cdf98c0 method=com.android.dx.rop.code.LocalVariableExtractor.processBlock(I)V @ 208
Event: 12.381 Thread 0x00007f7a8c1a6800 Uncommon trap: reason=class_check action=maybe_recompile pc=0x00007f7a7ced8698 method=com.android.dx.ssa.SCCP.simulateBranch(Lcom/android/dx/ssa/SsaInsn;)V @ 145
Event: 12.381 Thread 0x00007f7a8c1a6800 Uncommon trap: reason=class_check action=maybe_recompile pc=0x00007f7a7ced8698 method=com.android.dx.ssa.SCCP.simulateBranch(Lcom/android/dx/ssa/SsaInsn;)V @ 145
Event: 12.383 Thread 0x00007f7a8c1a6800 Uncommon trap: reason=class_check action=maybe_recompile pc=0x00007f7a7ced8698 method=com.android.dx.ssa.SCCP.simulateBranch(Lcom/android/dx/ssa/SsaInsn;)V @ 145
Event: 12.561 Thread 0x00007f7a8c1a1800 Uncommon trap: reason=unstable_if action=reinterpret pc=0x00007f7a7ceeddb4 method=com.android.dx.ssa.SsaMethod.blockIndexToRopLabel(I)I @ 1
Event: 12.813 Thread 0x00007f7a8c1a6800 Uncommon trap: reason=class_check action=maybe_recompile pc=0x00007f7a7cef8c6c method=com.android.dx.ssa.SCCP.replaceConstants()V @ 182
Event: 12.818 Thread 0x00007f7a8c1a6800 Uncommon trap: reason=class_check action=maybe_recompile pc=0x00007f7a7cef8c6c method=com.android.dx.ssa.SCCP.replaceConstants()V @ 182
Event: 13.258 Thread 0x00007f7a8c1a8000 Uncommon trap: reason=unstable_if action=reinterpret pc=0x00007f7a7cf30178 method=com.android.dx.dex.code.RopTranslator.outputBlock(Lcom/android/dx/rop/code/BasicBlock;I)V @ 140

Internal exceptions (10 events):
Event: 0.450 Thread 0x00007f7a8c00a000 Implicit null exception at 0x00007f7a7c4ea434 to 0x00007f7a7c4eaa7d
Event: 1.037 Thread 0x00007f7a8c1a4800 Implicit null exception at 0x00007f7a7c6e02c6 to 0x00007f7a7c6e2e59
Event: 1.391 Thread 0x00007f7a8c1a6800 Implicit null exception at 0x00007f7a7c715cf5 to 0x00007f7a7c718959
Event: 1.488 Thread 0x00007f7a8c1a6800 Implicit null exception at 0x00007f7a7c7dc886 to 0x00007f7a7c7dca19
Event: 1.841 Thread 0x00007f7a8c1a1800 Exception <a 'java/lang/ArrayIndexOutOfBoundsException': 18> (0x000000076dd52a78) thrown at [/HUDSON3/workspace/8-2-build-linux-amd64/jdk8u112/7884/hotspot/src/share/vm/interpreter/interpreterRuntime.cpp, line 366]
Event: 1.841 Thread 0x00007f7a8c1a1800 Exception <a 'java/lang/ArrayIndexOutOfBoundsException': 145> (0x000000076dd545f8) thrown at [/HUDSON3/workspace/8-2-build-linux-amd64/jdk8u112/7884/hotspot/src/share/vm/interpreter/interpreterRuntime.cpp, line 366]
Event: 1.842 Thread 0x00007f7a8c1a1800 Exception <a 'java/lang/ArrayIndexOutOfBoundsException': 40> (0x000000076dd558e0) thrown at [/HUDSON3/workspace/8-2-build-linux-amd64/jdk8u112/7884/hotspot/src/share/vm/interpreter/interpreterRuntime.cpp, line 366]
Event: 8.007 Thread 0x00007f7a8c00a000 Implicit null exception at 0x00007f7a7cd9ea86 to 0x00007f7a7cda0a1d
Event: 8.629 Thread 0x00007f7a8c00a000 Implicit null exception at 0x00007f7a7c7de72b to 0x00007f7a7c7dec21
Event: 8.635 Thread 0x00007f7a8c00a000 Implicit null exception at 0x00007f7a7ca6e6d9 to 0x00007f7a7ca6ea8d

Events (10 events):
Event: 13.164 Thread 0x00007f7a8c1a6800 DEOPT PACKING pc=0x00007f7a7c7a11b4 sp=0x00007f7a43b2d080
Event: 13.164 Thread 0x00007f7a8c1a6800 DEOPT UNPACKING pc=0x00007f7a7c3c0633 sp=0x00007f7a43b2cd80 mode 0
Event: 13.241 Thread 0x00007f7a8c1a4800 DEOPT PACKING pc=0x00007f7a7c7a11b4 sp=0x00007f7a43c2df50
Event: 13.241 Thread 0x00007f7a8c1a4800 DEOPT UNPACKING pc=0x00007f7a7c3c0633 sp=0x00007f7a43c2dc50 mode 0
Event: 13.243 Thread 0x00007f7a8c00a000 DEOPT PACKING pc=0x00007f7a7c86e029 sp=0x00007f7a92363760
Event: 13.243 Thread 0x00007f7a8c00a000 DEOPT UNPACKING pc=0x00007f7a7c3c0633 sp=0x00007f7a923635b0 mode 0
Event: 13.258 Thread 0x00007f7a8c1a8000 Uncommon trap: trap_request=0xffffff65 fr.pc=0x00007f7a7cf30178
Event: 13.258 Thread 0x00007f7a8c1a8000 DEOPT PACKING pc=0x00007f7a7cf30178 sp=0x00007f7a43a2c250
Event: 13.258 Thread 0x00007f7a8c1a8000 DEOPT UNPACKING pc=0x00007f7a7c37e229 sp=0x00007f7a43a2c1d8 mode 2
Event: 13.279 Executing VM operation: ParallelGCFailedAllocation


Dynamic libraries:
00400000-00401000 r-xp 00000000 08:02 2497811                            /usr/local/jdk1.8.0/bin/java
00600000-00601000 rw-p 00000000 08:02 2497811                            /usr/local/jdk1.8.0/bin/java
01b58000-01b79000 rw-p 00000000 00:00 0                                  [heap]
6c0000000-6d0e80000 rw-p 00000000 00:00 0 
6db280000-76ab00000 ---p 00000000 00:00 0 
76ab00000-7a7f80000 rw-p 00000000 00:00 0 
7a7f80000-7c0000000 ---p 00000000 00:00 0 
7c0000000-7c00c0000 rw-p 00000000 00:00 0 
7c00c0000-800000000 ---p 00000000 00:00 0 
7f7a20000000-7f7a20021000 rw-p 00000000 00:00 0 
7f7a20021000-7f7a24000000 ---p 00000000 00:00 0 
7f7a28000000-7f7a28037000 rw-p 00000000 00:00 0 
7f7a28037000-7f7a2c000000 ---p 00000000 00:00 0 
7f7a2c000000-7f7a2c033000 rw-p 00000000 00:00 0 
7f7a2c033000-7f7a30000000 ---p 00000000 00:00 0 
7f7a30000000-7f7a3002f000 rw-p 00000000 00:00 0 
7f7a3002f000-7f7a34000000 ---p 00000000 00:00 0 
7f7a34000000-7f7a34021000 rw-p 00000000 00:00 0 
7f7a34021000-7f7a38000000 ---p 00000000 00:00 0 
7f7a38000000-7f7a38021000 rw-p 00000000 00:00 0 
7f7a38021000-7f7a3c000000 ---p 00000000 00:00 0 
7f7a3c000000-7f7a3c021000 rw-p 00000000 00:00 0 
7f7a3c021000-7f7a40000000 ---p 00000000 00:00 0 
7f7a4392d000-7f7a43930000 ---p 00000000 00:00 0 
7f7a43930000-7f7a43a2e000 rw-p 00000000 00:00 0 
7f7a43a2e000-7f7a43a31000 ---p 00000000 00:00 0 
7f7a43a31000-7f7a43b2f000 rw-p 00000000 00:00 0 
7f7a43b2f000-7f7a43b32000 ---p 00000000 00:00 0 
7f7a43b32000-7f7a43c30000 rw-p 00000000 00:00 0 
7f7a43c30000-7f7a43c33000 ---p 00000000 00:00 0 
7f7a43c33000-7f7a43d31000 rw-p 00000000 00:00 0 
7f7a43d31000-7f7a43d34000 ---p 00000000 00:00 0 
7f7a43d34000-7f7a43e32000 rw-p 00000000 00:00 0 
7f7a43e32000-7f7a43eff000 r--s 00949000 08:11 21767241                   /home/teocci/SourceCode/Android/YouTube-In-Background/app/build/intermediates/transforms/jarMerging/debug/jars/1/1f/combined.jar
7f7a43eff000-7f7a43f00000 ---p 00000000 00:00 0 
7f7a43f00000-7f7a44000000 rw-p 00000000 00:00 0 
7f7a44000000-7f7a44e12000 rw-p 00000000 00:00 0 
7f7a44e12000-7f7a48000000 ---p 00000000 00:00 0 
7f7a48000000-7f7a48a62000 rw-p 00000000 00:00 0 
7f7a48a62000-7f7a4c000000 ---p 00000000 00:00 0 
7f7a4c000000-7f7a4c021000 rw-p 00000000 00:00 0 
7f7a4c021000-7f7a50000000 ---p 00000000 00:00 0 
7f7a50000000-7f7a509e7000 rw-p 00000000 00:00 0 
7f7a509e7000-7f7a54000000 ---p 00000000 00:00 0 
7f7a54000000-7f7a54021000 rw-p 00000000 00:00 0 
7f7a54021000-7f7a58000000 ---p 00000000 00:00 0 
7f7a58000000-7f7a58021000 rw-p 00000000 00:00 0 
7f7a58021000-7f7a5c000000 ---p 00000000 00:00 0 
7f7a5c000000-7f7a5c021000 rw-p 00000000 00:00 0 
7f7a5c021000-7f7a60000000 ---p 00000000 00:00 0 
7f7a60000000-7f7a602b8000 rw-p 00000000 00:00 0 
7f7a602b8000-7f7a64000000 ---p 00000000 00:00 0 
7f7a64000000-7f7a6c000000 rw-p 00000000 00:00 0 
7f7a6c000000-7f7a6c021000 rw-p 00000000 00:00 0 
7f7a6c021000-7f7a70000000 ---p 00000000 00:00 0 
7f7a70000000-7f7a70021000 rw-p 00000000 00:00 0 
7f7a70021000-7f7a74000000 ---p 00000000 00:00 0 
7f7a74000000-7f7a74021000 rw-p 00000000 00:00 0 
7f7a74021000-7f7a78000000 ---p 00000000 00:00 0 
7f7a7803b000-7f7a7803e000 ---p 00000000 00:00 0 
7f7a7803e000-7f7a7813c000 rw-p 00000000 00:00 0 
7f7a7813c000-7f7a7813f000 ---p 00000000 00:00 0 
7f7a7813f000-7f7a7823d000 rw-p 00000000 00:00 0 
7f7a7823d000-7f7a78240000 ---p 00000000 00:00 0 
7f7a78240000-7f7a7833e000 rw-p 00000000 00:00 0 
7f7a7833e000-7f7a78341000 ---p 00000000 00:00 0 
7f7a78341000-7f7a7843f000 rw-p 00000000 00:00 0 
7f7a7843f000-7f7a78442000 ---p 00000000 00:00 0 
7f7a78442000-7f7a78540000 rw-p 00000000 00:00 0 
7f7a78540000-7f7a78958000 r--p 00000000 08:02 2232037                    /usr/lib/locale/locale-archive
7f7a78958000-7f7a7895b000 ---p 00000000 00:00 0 
7f7a7895b000-7f7a78a59000 rw-p 00000000 00:00 0 
7f7a78a59000-7f7a78a5c000 ---p 00000000 00:00 0 
7f7a78a5c000-7f7a78b5a000 rw-p 00000000 00:00 0 
7f7a78b5a000-7f7a78b5b000 ---p 00000000 00:00 0 
7f7a78b5b000-7f7a79c0f000 rw-p 00000000 00:00 0 
7f7a79c0f000-7f7a79de8000 r--s 03d2c000 08:02 2497885                    /usr/local/jdk1.8.0/jre/lib/rt.jar
7f7a79de8000-7f7a7a51e000 rw-p 00000000 00:00 0 
7f7a7a51e000-7f7a7a65e000 ---p 00000000 00:00 0 
7f7a7a65e000-7f7a7ae5e000 rw-p 00000000 00:00 0 
7f7a7ae5e000-7f7a7ae5f000 ---p 00000000 00:00 0 
7f7a7ae5f000-7f7a7af5f000 rw-p 00000000 00:00 0 
7f7a7af5f000-7f7a7af60000 ---p 00000000 00:00 0 
7f7a7af60000-7f7a7b060000 rw-p 00000000 00:00 0 
7f7a7b060000-7f7a7b061000 ---p 00000000 00:00 0 
7f7a7b061000-7f7a7b161000 rw-p 00000000 00:00 0 
7f7a7b161000-7f7a7b162000 ---p 00000000 00:00 0 
7f7a7b162000-7f7a7b2ea000 rw-p 00000000 00:00 0 
7f7a7b2ea000-7f7a7b7b8000 ---p 00000000 00:00 0 
7f7a7b7b8000-7f7a7b840000 rw-p 00000000 00:00 0 
7f7a7b840000-7f7a7bd0d000 ---p 00000000 00:00 0 
7f7a7bd0d000-7f7a7bef8000 rw-p 00000000 00:00 0 
7f7a7bef8000-7f7a7bfb8000 ---p 00000000 00:00 0 
7f7a7bfb8000-7f7a7bfe8000 rw-p 00000000 00:00 0 
7f7a7bfe8000-7f7a7c379000 ---p 00000000 00:00 0 
7f7a7c379000-7f7a7cf39000 rwxp 00000000 00:00 0 
7f7a7cf39000-7f7a8b379000 ---p 00000000 00:00 0 
7f7a8b379000-7f7a8b393000 r-xp 00000000 08:02 2497916                    /usr/local/jdk1.8.0/jre/lib/amd64/libzip.so
7f7a8b393000-7f7a8b593000 ---p 0001a000 08:02 2497916                    /usr/local/jdk1.8.0/jre/lib/amd64/libzip.so
7f7a8b593000-7f7a8b594000 rw-p 0001a000 08:02 2497916                    /usr/local/jdk1.8.0/jre/lib/amd64/libzip.so
7f7a8b594000-7f7a8b59f000 r-xp 00000000 08:02 262432                     /lib/x86_64-linux-gnu/libnss_files-2.23.so
7f7a8b59f000-7f7a8b79e000 ---p 0000b000 08:02 262432                     /lib/x86_64-linux-gnu/libnss_files-2.23.so
7f7a8b79e000-7f7a8b79f000 r--p 0000a000 08:02 262432                     /lib/x86_64-linux-gnu/libnss_files-2.23.so
7f7a8b79f000-7f7a8b7a0000 rw-p 0000b000 08:02 262432                     /lib/x86_64-linux-gnu/libnss_files-2.23.so
7f7a8b7a0000-7f7a8b7a6000 rw-p 00000000 00:00 0 
7f7a8b7a6000-7f7a8b7b1000 r-xp 00000000 08:02 262418                     /lib/x86_64-linux-gnu/libnss_nis-2.23.so
7f7a8b7b1000-7f7a8b9b0000 ---p 0000b000 08:02 262418                     /lib/x86_64-linux-gnu/libnss_nis-2.23.so
7f7a8b9b0000-7f7a8b9b1000 r--p 0000a000 08:02 262418                     /lib/x86_64-linux-gnu/libnss_nis-2.23.so
7f7a8b9b1000-7f7a8b9b2000 rw-p 0000b000 08:02 262418                     /lib/x86_64-linux-gnu/libnss_nis-2.23.so
7f7a8b9b2000-7f7a8b9c8000 r-xp 00000000 08:02 262422                     /lib/x86_64-linux-gnu/libnsl-2.23.so
7f7a8b9c8000-7f7a8bbc7000 ---p 00016000 08:02 262422                     /lib/x86_64-linux-gnu/libnsl-2.23.so
7f7a8bbc7000-7f7a8bbc8000 r--p 00015000 08:02 262422                     /lib/x86_64-linux-gnu/libnsl-2.23.so
7f7a8bbc8000-7f7a8bbc9000 rw-p 00016000 08:02 262422                     /lib/x86_64-linux-gnu/libnsl-2.23.so
7f7a8bbc9000-7f7a8bbcb000 rw-p 00000000 00:00 0 
7f7a8bbcb000-7f7a8bbd3000 r-xp 00000000 08:02 262436                     /lib/x86_64-linux-gnu/libnss_compat-2.23.so
7f7a8bbd3000-7f7a8bdd2000 ---p 00008000 08:02 262436                     /lib/x86_64-linux-gnu/libnss_compat-2.23.so
7f7a8bdd2000-7f7a8bdd3000 r--p 00007000 08:02 262436                     /lib/x86_64-linux-gnu/libnss_compat-2.23.so
7f7a8bdd3000-7f7a8bdd4000 rw-p 00008000 08:02 262436                     /lib/x86_64-linux-gnu/libnss_compat-2.23.so
7f7a8bdd4000-7f7a8bdff000 r-xp 00000000 08:02 2497943                    /usr/local/jdk1.8.0/jre/lib/amd64/libjava.so
7f7a8bdff000-7f7a8bffe000 ---p 0002b000 08:02 2497943                    /usr/local/jdk1.8.0/jre/lib/amd64/libjava.so
7f7a8bffe000-7f7a8c000000 rw-p 0002a000 08:02 2497943                    /usr/local/jdk1.8.0/jre/lib/amd64/libjava.so
7f7a8c000000-7f7a8c3d6000 rw-p 00000000 00:00 0 
7f7a8c3d6000-7f7a90000000 ---p 00000000 00:00 0 
7f7a90009000-7f7a90058000 rw-p 00000000 00:00 0 
7f7a90058000-7f7a90065000 r-xp 00000000 08:02 2497894                    /usr/local/jdk1.8.0/jre/lib/amd64/libverify.so
7f7a90065000-7f7a90264000 ---p 0000d000 08:02 2497894                    /usr/local/jdk1.8.0/jre/lib/amd64/libverify.so
7f7a90264000-7f7a90266000 rw-p 0000c000 08:02 2497894                    /usr/local/jdk1.8.0/jre/lib/amd64/libverify.so
7f7a90266000-7f7a9026d000 r-xp 00000000 08:02 262438                     /lib/x86_64-linux-gnu/librt-2.23.so
7f7a9026d000-7f7a9046c000 ---p 00007000 08:02 262438                     /lib/x86_64-linux-gnu/librt-2.23.so
7f7a9046c000-7f7a9046d000 r--p 00006000 08:02 262438                     /lib/x86_64-linux-gnu/librt-2.23.so
7f7a9046d000-7f7a9046e000 rw-p 00007000 08:02 262438                     /lib/x86_64-linux-gnu/librt-2.23.so
7f7a9046e000-7f7a90576000 r-xp 00000000 08:02 262420                     /lib/x86_64-linux-gnu/libm-2.23.so
7f7a90576000-7f7a90775000 ---p 00108000 08:02 262420                     /lib/x86_64-linux-gnu/libm-2.23.so
7f7a90775000-7f7a90776000 r--p 00107000 08:02 262420                     /lib/x86_64-linux-gnu/libm-2.23.so
7f7a90776000-7f7a90777000 rw-p 00108000 08:02 262420                     /lib/x86_64-linux-gnu/libm-2.23.so
7f7a90777000-7f7a91445000 r-xp 00000000 08:02 2497947                    /usr/local/jdk1.8.0/jre/lib/amd64/server/libjvm.so
7f7a91445000-7f7a91645000 ---p 00cce000 08:02 2497947                    /usr/local/jdk1.8.0/jre/lib/amd64/server/libjvm.so
7f7a91645000-7f7a9171e000 rw-p 00cce000 08:02 2497947                    /usr/local/jdk1.8.0/jre/lib/amd64/server/libjvm.so
7f7a9171e000-7f7a91769000 rw-p 00000000 00:00 0 
7f7a91769000-7f7a91928000 r-xp 00000000 08:02 262424                     /lib/x86_64-linux-gnu/libc-2.23.so
7f7a91928000-7f7a91b28000 ---p 001bf000 08:02 262424                     /lib/x86_64-linux-gnu/libc-2.23.so
7f7a91b28000-7f7a91b2c000 r--p 001bf000 08:02 262424                     /lib/x86_64-linux-gnu/libc-2.23.so
7f7a91b2c000-7f7a91b2e000 rw-p 001c3000 08:02 262424                     /lib/x86_64-linux-gnu/libc-2.23.so
7f7a91b2e000-7f7a91b32000 rw-p 00000000 00:00 0 
7f7a91b32000-7f7a91b35000 r-xp 00000000 08:02 262416                     /lib/x86_64-linux-gnu/libdl-2.23.so
7f7a91b35000-7f7a91d34000 ---p 00003000 08:02 262416                     /lib/x86_64-linux-gnu/libdl-2.23.so
7f7a91d34000-7f7a91d35000 r--p 00002000 08:02 262416                     /lib/x86_64-linux-gnu/libdl-2.23.so
7f7a91d35000-7f7a91d36000 rw-p 00003000 08:02 262416                     /lib/x86_64-linux-gnu/libdl-2.23.so
7f7a91d36000-7f7a91d4b000 r-xp 00000000 08:02 2497772                    /usr/local/jdk1.8.0/lib/amd64/jli/libjli.so
7f7a91d4b000-7f7a91f4b000 ---p 00015000 08:02 2497772                    /usr/local/jdk1.8.0/lib/amd64/jli/libjli.so
7f7a91f4b000-7f7a91f4c000 rw-p 00015000 08:02 2497772                    /usr/local/jdk1.8.0/lib/amd64/jli/libjli.so
7f7a91f4c000-7f7a91f64000 r-xp 00000000 08:02 262446                     /lib/x86_64-linux-gnu/libpthread-2.23.so
7f7a91f64000-7f7a92163000 ---p 00018000 08:02 262446                     /lib/x86_64-linux-gnu/libpthread-2.23.so
7f7a92163000-7f7a92164000 r--p 00017000 08:02 262446                     /lib/x86_64-linux-gnu/libpthread-2.23.so
7f7a92164000-7f7a92165000 rw-p 00018000 08:02 262446                     /lib/x86_64-linux-gnu/libpthread-2.23.so
7f7a92165000-7f7a92169000 rw-p 00000000 00:00 0 
7f7a92169000-7f7a9218f000 r-xp 00000000 08:02 262426                     /lib/x86_64-linux-gnu/ld-2.23.so
7f7a92192000-7f7a92265000 rw-p 00000000 00:00 0 
7f7a92265000-7f7a92268000 ---p 00000000 00:00 0 
7f7a92268000-7f7a9236a000 rw-p 00000000 00:00 0 
7f7a92374000-7f7a92382000 r--s 000e0000 08:11 9964911                    /home/teocci/Android/Sdk/build-tools/25.0.2/lib/dx.jar
7f7a92382000-7f7a9238a000 rw-s 00000000 08:02 1577413                    /tmp/hsperfdata_teocci/20169
7f7a9238a000-7f7a9238b000 rw-p 00000000 00:00 0 
7f7a9238b000-7f7a9238c000 ---p 00000000 00:00 0 
7f7a9238c000-7f7a9238e000 rw-p 00000000 00:00 0 
7f7a9238e000-7f7a9238f000 r--p 00025000 08:02 262426                     /lib/x86_64-linux-gnu/ld-2.23.so
7f7a9238f000-7f7a92390000 rw-p 00026000 08:02 262426                     /lib/x86_64-linux-gnu/ld-2.23.so
7f7a92390000-7f7a92391000 rw-p 00000000 00:00 0 
7fff248d3000-7fff248f5000 rw-p 00000000 00:00 0                          [stack]
7fff249b9000-7fff249bb000 r--p 00000000 00:00 0                          [vvar]
7fff249bb000-7fff249bd000 r-xp 00000000 00:00 0                          [vdso]
ffffffffff600000-ffffffffff601000 r-xp 00000000 00:00 0                  [vsyscall]

VM Arguments:
jvm_args: -Djava.awt.headless=true -Xmx4g -Dfile.encoding=UTF-8 -Duser.country=US -Duser.language=en -Duser.variant 
java_command: com.android.dx.command.Main --dex --num-threads=4 --multi-dex --main-dex-list /home/teocci/SourceCode/Android/YouTube-In-Background/app/build/intermediates/multi-dex/debug/maindexlist.txt --output /home/teocci/SourceCode/Android/YouTube-In-Background/app/build/intermediates/transforms/dex/debug/folders/1000/1f/main /home/teocci/SourceCode/Android/YouTube-In-Background/app/build/intermediates/transforms/jarMerging/debug/jars/1/1f/combined.jar
java_class_path (initial): /home/teocci/Android/Sdk/build-tools/25.0.2/lib/dx.jar
Launcher Type: SUN_STANDARD

Environment Variables:
JAVA_HOME=/usr/local/jdk1.8.0
PATH=/home/teocci/bin:/home/teocci/.local/bin:/usr/local/sbin:/usr/local/bin:/usr/sbin:/usr/bin:/sbin:/bin:/usr/games:/usr/local/games:/usr/local/jdk1.8.0/bin:/usr/local/android-studio/bin:/home/teocci/Android/Sdk/platform-tools:/snap/bin
LD_LIBRARY_PATH=/usr/local/android-studio/bin:
SHELL=/bin/bash
DISPLAY=:0

Signal Handlers:
SIGSEGV: [libjvm.so+0xac7800], sa_mask[0]=11111111011111111101111111111110, sa_flags=SA_RESTART|SA_SIGINFO
SIGBUS: [libjvm.so+0xac7800], sa_mask[0]=11111111011111111101111111111110, sa_flags=SA_RESTART|SA_SIGINFO
SIGFPE: [libjvm.so+0x920990], sa_mask[0]=11111111011111111101111111111110, sa_flags=SA_RESTART|SA_SIGINFO
SIGPIPE: [libjvm.so+0x920990], sa_mask[0]=11111111011111111101111111111110, sa_flags=SA_RESTART|SA_SIGINFO
SIGXFSZ: [libjvm.so+0x920990], sa_mask[0]=11111111011111111101111111111110, sa_flags=SA_RESTART|SA_SIGINFO
SIGILL: [libjvm.so+0x920990], sa_mask[0]=11111111011111111101111111111110, sa_flags=SA_RESTART|SA_SIGINFO
SIGUSR1: SIG_DFL, sa_mask[0]=00000000000000000000000000000000, sa_flags=none
SIGUSR2: [libjvm.so+0x9221d0], sa_mask[0]=00100000000000000000000000000000, sa_flags=SA_RESTART|SA_SIGINFO
SIGHUP: [libjvm.so+0x9235d0], sa_mask[0]=11111111011111111101111111111110, sa_flags=SA_RESTART|SA_SIGINFO
SIGINT: [libjvm.so+0x9235d0], sa_mask[0]=11111111011111111101111111111110, sa_flags=SA_RESTART|SA_SIGINFO
SIGTERM: [libjvm.so+0x9235d0], sa_mask[0]=11111111011111111101111111111110, sa_flags=SA_RESTART|SA_SIGINFO
SIGQUIT: [libjvm.so+0x9235d0], sa_mask[0]=11111111011111111101111111111110, sa_flags=SA_RESTART|SA_SIGINFO


---------------  S Y S T E M  ---------------

OS:DISTRIB_ID=Ubuntu
DISTRIB_RELEASE=16.04
DISTRIB_CODENAME=xenial
DISTRIB_DESCRIPTION="Ubuntu 16.04.2 LTS"

uname:Linux 4.4.0-79-generic #100-Ubuntu SMP Wed May 17 19:58:14 UTC 2017 x86_64
libc:glibc 2.23 NPTL 2.23 
rlimit: STACK 8192k, CORE 0k, NPROC 30640, NOFILE 65536, AS infinity
load average:2.41 1.28 1.44

/proc/meminfo:
MemTotal:        8106892 kB
MemFree:          142152 kB
MemAvailable:      65720 kB
Buffers:            1468 kB
Cached:            74908 kB
SwapCached:         9156 kB
Active:          5801148 kB
Inactive:        1295020 kB
Active(anon):    5768824 kB
Inactive(anon):  1275956 kB
Active(file):      32324 kB
Inactive(file):    19064 kB
Unevictable:         960 kB
Mlocked:             960 kB
SwapTotal:      19999740 kB
SwapFree:          21400 kB
Dirty:                44 kB
Writeback:             0 kB
AnonPages:       7013764 kB
Mapped:            61604 kB
Shmem:             24608 kB
Slab:             179048 kB
SReclaimable:      65424 kB
SUnreclaim:       113624 kB
KernelStack:       24688 kB
PageTables:       214272 kB
NFS_Unstable:          0 kB
Bounce:                0 kB
WritebackTmp:          0 kB
CommitLimit:    24053184 kB
Committed_AS:   41651260 kB
VmallocTotal:   34359738367 kB
VmallocUsed:           0 kB
VmallocChunk:          0 kB
HardwareCorrupted:     0 kB
AnonHugePages:    436224 kB
CmaTotal:              0 kB
CmaFree:               0 kB
HugePages_Total:       0
HugePages_Free:        0
HugePages_Rsvd:        0
HugePages_Surp:        0
Hugepagesize:       2048 kB
DirectMap4k:     3243480 kB
DirectMap2M:     5076992 kB


CPU:total 4 (2 cores per cpu, 2 threads per core) family 6 model 58 stepping 9, cmov, cx8, fxsr, mmx, sse, sse2, sse3, ssse3, sse4.1, sse4.2, popcnt, avx, clmul, erms, ht, tsc, tscinvbit, tscinv

/proc/cpuinfo:
processor	: 0
vendor_id	: GenuineIntel
cpu family	: 6
model		: 58
model name	: Intel(R) Core(TM) i3-3220 CPU @ 3.30GHz
stepping	: 9
microcode	: 0x1c
cpu MHz		: 2651.343
cache size	: 3072 KB
physical id	: 0
siblings	: 4
core id		: 0
cpu cores	: 2
apicid		: 0
initial apicid	: 0
fpu		: yes
fpu_exception	: yes
cpuid level	: 13
wp		: yes
flags		: fpu vme de pse tsc msr pae mce cx8 apic sep mtrr pge mca cmov pat pse36 clflush dts acpi mmx fxsr sse sse2 ss ht tm pbe syscall nx rdtscp lm constant_tsc arch_perfmon pebs bts rep_good nopl xtopology nonstop_tsc aperfmperf eagerfpu pni pclmulqdq dtes64 monitor ds_cpl vmx est tm2 ssse3 cx16 xtpr pdcm pcid sse4_1 sse4_2 popcnt tsc_deadline_timer xsave avx f16c lahf_lm epb tpr_shadow vnmi flexpriority ept vpid fsgsbase smep erms xsaveopt dtherm arat pln pts
bugs		:
bogomips	: 6585.26
clflush size	: 64
cache_alignment	: 64
address sizes	: 36 bits physical, 48 bits virtual
power management:

processor	: 1
vendor_id	: GenuineIntel
cpu family	: 6
model		: 58
model name	: Intel(R) Core(TM) i3-3220 CPU @ 3.30GHz
stepping	: 9
microcode	: 0x1c
cpu MHz		: 2721.984
cache size	: 3072 KB
physical id	: 0
siblings	: 4
core id		: 1
cpu cores	: 2
apicid		: 2
initial apicid	: 2
fpu		: yes
fpu_exception	: yes
cpuid level	: 13
wp		: yes
flags		: fpu vme de pse tsc msr pae mce cx8 apic sep mtrr pge mca cmov pat pse36 clflush dts acpi mmx fxsr sse sse2 ss ht tm pbe syscall nx rdtscp lm constant_tsc arch_perfmon pebs bts rep_good nopl xtopology nonstop_tsc aperfmperf eagerfpu pni pclmulqdq dtes64 monitor ds_cpl vmx est tm2 ssse3 cx16 xtpr pdcm pcid sse4_1 sse4_2 popcnt tsc_deadline_timer xsave avx f16c lahf_lm epb tpr_shadow vnmi flexpriority ept vpid fsgsbase smep erms xsaveopt dtherm arat pln pts
bugs		:
bogomips	: 6585.26
clflush size	: 64
cache_alignment	: 64
address sizes	: 36 bits physical, 48 bits virtual
power management:

processor	: 2
vendor_id	: GenuineIntel
cpu family	: 6
model		: 58
model name	: Intel(R) Core(TM) i3-3220 CPU @ 3.30GHz
stepping	: 9
microcode	: 0x1c
cpu MHz		: 2308.710
cache size	: 3072 KB
physical id	: 0
siblings	: 4
core id		: 0
cpu cores	: 2
apicid		: 1
initial apicid	: 1
fpu		: yes
fpu_exception	: yes
cpuid level	: 13
wp		: yes
flags		: fpu vme de pse tsc msr pae mce cx8 apic sep mtrr pge mca cmov pat pse36 clflush dts acpi mmx fxsr sse sse2 ss ht tm pbe syscall nx rdtscp lm constant_tsc arch_perfmon pebs bts rep_good nopl xtopology nonstop_tsc aperfmperf eagerfpu pni pclmulqdq dtes64 monitor ds_cpl vmx est tm2 ssse3 cx16 xtpr pdcm pcid sse4_1 sse4_2 popcnt tsc_deadline_timer xsave avx f16c lahf_lm epb tpr_shadow vnmi flexpriority ept vpid fsgsbase smep erms xsaveopt dtherm arat pln pts
bugs		:
bogomips	: 6585.26
clflush size	: 64
cache_alignment	: 64
address sizes	: 36 bits physical, 48 bits virtual
power management:

processor	: 3
vendor_id	: GenuineIntel
cpu family	: 6
model		: 58
model name	: Intel(R) Core(TM) i3-3220 CPU @ 3.30GHz
stepping	: 9
microcode	: 0x1c
cpu MHz		: 2643.738
cache size	: 3072 KB
physical id	: 0
siblings	: 4
core id		: 1
cpu cores	: 2
apicid		: 3
initial apicid	: 3
fpu		: yes
fpu_exception	: yes
cpuid level	: 13
wp		: yes
flags		: fpu vme de pse tsc msr pae mce cx8 apic sep mtrr pge mca cmov pat pse36 clflush dts acpi mmx fxsr sse sse2 ss ht tm pbe syscall nx rdtscp lm constant_tsc arch_perfmon pebs bts rep_good nopl xtopology nonstop_tsc aperfmperf eagerfpu pni pclmulqdq dtes64 monitor ds_cpl vmx est tm2 ssse3 cx16 xtpr pdcm pcid sse4_1 sse4_2 popcnt tsc_deadline_timer xsave avx f16c lahf_lm epb tpr_shadow vnmi flexpriority ept vpid fsgsbase smep erms xsaveopt dtherm arat pln pts
bugs		:
bogomips	: 6585.26
clflush size	: 64
cache_alignment	: 64
address sizes	: 36 bits physical, 48 bits virtual
power management:



Memory: 4k page, physical 8106892k(142152k free), swap 19999740k(21400k free)

vm_info: Java HotSpot(TM) 64-Bit Server VM (25.112-b15) for linux-amd64 JRE (1.8.0_112-b15), built on Sep 22 2016 21:10:53 by "java_re" with gcc 4.3.0 20080428 (Red Hat 4.3.0-8)

time: Tue Jun 13 17:58:30 2017
elapsed time: 14 seconds (0d 0h 0m 14s)

