#
# There is insufficient memory for the Java Runtime Environment to continue.
# Native memory allocation (mmap) failed to map 115867648 bytes for committing reserved memory.
# Possible reasons:
#   The system is out of physical RAM or swap space
#   In 32 bit mode, the process size limit was hit
# Possible solutions:
#   Reduce memory load on the system
#   Increase physical memory or swap space
#   Check if swap backing store is full
#   Use 64 bit Java on a 64 bit OS
#   Decrease Java heap size (-Xmx/-Xms)
#   Decrease number of Java threads
#   Decrease Java thread stack sizes (-Xss)
#   Set larger code cache with -XX:ReservedCodeCacheSize=
# This output file may be truncated or incomplete.
#
#  Out of Memory Error (os_linux.cpp:2627), pid=17958, tid=0x00007f8f96693700
#
# JRE version: Java(TM) SE Runtime Environment (8.0_112-b15) (build 1.8.0_112-b15)
# Java VM: Java HotSpot(TM) 64-Bit Server VM (25.112-b15 mixed mode linux-amd64 compressed oops)
# Failed to write core dump. Core dumps have been disabled. To enable core dumping, try "ulimit -c unlimited" before starting Java again
#

---------------  T H R E A D  ---------------

Current thread (0x00007f8fc0078000):  VMThread [stack: 0x00007f8f96593000,0x00007f8f96694000] [id=17968]

Stack: [0x00007f8f96593000,0x00007f8f96694000],  sp=0x00007f8f966922a0,  free space=1020k
Native frames: (J=compiled Java code, j=interpreted, Vv=VM code, C=native code)
V  [libjvm.so+0xac6f7a]  VMError::report_and_die()+0x2ba
V  [libjvm.so+0x4fc71b]  report_vm_out_of_memory(char const*, int, unsigned long, VMErrorType, char const*)+0x8b
V  [libjvm.so+0x923b13]  os::Linux::commit_memory_impl(char*, unsigned long, bool)+0x103
V  [libjvm.so+0x924069]  os::pd_commit_memory(char*, unsigned long, unsigned long, bool)+0x29
V  [libjvm.so+0x91e37a]  os::commit_memory(char*, unsigned long, unsigned long, bool)+0x2a
V  [libjvm.so+0x992da3]  PSVirtualSpace::expand_by(unsigned long)+0x53
V  [libjvm.so+0x983670]  PSOldGen::expand(unsigned long)+0x170
V  [libjvm.so+0x98387b]  PSOldGen::resize(unsigned long)+0x1cb
V  [libjvm.so+0x98b571]  PSParallelCompact::invoke_no_policy(bool)+0x991
V  [libjvm.so+0x990ecd]  PSScavenge::invoke()+0x1ad
V  [libjvm.so+0x947ac0]  ParallelScavengeHeap::failed_mem_allocate(unsigned long)+0x70
V  [libjvm.so+0xac8997]  VM_ParallelGCFailedAllocation::doit()+0x97
V  [libjvm.so+0xad0475]  VM_Operation::evaluate()+0x55
V  [libjvm.so+0xace84a]  VMThread::evaluate_operation(VM_Operation*)+0xba
V  [libjvm.so+0xacebce]  VMThread::loop()+0x1ce
V  [libjvm.so+0xacf040]  VMThread::run()+0x70
V  [libjvm.so+0x926138]  java_start(Thread*)+0x108

VM_Operation (0x00007f8f958a3c20): ParallelGCFailedAllocation, mode: safepoint, requested by thread 0x00007f8fc01b9800


---------------  P R O C E S S  ---------------

Java Threads: ( => current thread )
  0x00007f8fc01bf800 JavaThread "pool-2-thread-4" [_thread_blocked, id=17981, stack(0x00007f8f953a1000,0x00007f8f954a2000)]
  0x00007f8fc01be000 JavaThread "pool-2-thread-3" [_thread_blocked, id=17980, stack(0x00007f8f954a2000,0x00007f8f955a3000)]
  0x00007f8fc01bc800 JavaThread "pool-2-thread-2" [_thread_blocked, id=17979, stack(0x00007f8f955a3000,0x00007f8f956a4000)]
  0x00007f8fc01bb800 JavaThread "pool-3-thread-1" [_thread_blocked, id=17978, stack(0x00007f8f956a4000,0x00007f8f957a5000)]
  0x00007f8fc01b9800 JavaThread "pool-2-thread-1" [_thread_blocked, id=17977, stack(0x00007f8f957a5000,0x00007f8f958a6000)]
  0x00007f8fc00c8000 JavaThread "Service Thread" daemon [_thread_blocked, id=17975, stack(0x00007f8f95a74000,0x00007f8f95b75000)]
  0x00007f8fc00bd000 JavaThread "C1 CompilerThread2" daemon [_thread_blocked, id=17974, stack(0x00007f8f95b75000,0x00007f8f95c76000)]
  0x00007f8fc00bb000 JavaThread "C2 CompilerThread1" daemon [_thread_blocked, id=17973, stack(0x00007f8f95c76000,0x00007f8f95d77000)]
  0x00007f8fc00b8800 JavaThread "C2 CompilerThread0" daemon [_thread_blocked, id=17972, stack(0x00007f8f95d77000,0x00007f8f95e78000)]
  0x00007f8fc00b7000 JavaThread "Signal Dispatcher" daemon [_thread_blocked, id=17971, stack(0x00007f8f95e78000,0x00007f8f95f79000)]
  0x00007f8fc0084000 JavaThread "Finalizer" daemon [_thread_blocked, id=17970, stack(0x00007f8f96391000,0x00007f8f96492000)]
  0x00007f8fc007f800 JavaThread "Reference Handler" daemon [_thread_blocked, id=17969, stack(0x00007f8f96492000,0x00007f8f96593000)]
  0x00007f8fc000a000 JavaThread "main" [_thread_blocked, id=17963, stack(0x00007f8fc7caf000,0x00007f8fc7db0000)]

Other Threads:
=>0x00007f8fc0078000 VMThread [stack: 0x00007f8f96593000,0x00007f8f96694000] [id=17968]
  0x00007f8fc00cb000 WatcherThread [stack: 0x00007f8f95973000,0x00007f8f95a74000] [id=17976]

VM state:at safepoint (normal execution)

VM Mutex/Monitor currently owned by a thread:  ([mutex/lock_event])
[0x00007f8fc0005e70] ExpandHeap_lock - owner thread: 0x00007f8fc0078000
[0x00007f8fc00064f0] Threads_lock - owner thread: 0x00007f8fc0078000
[0x00007f8fc00069f0] Heap_lock - owner thread: 0x00007f8fc01b9800

Heap:
 PSYoungGen      total 699392K, used 77546K [0x000000076ab00000, 0x00000007a1000000, 0x00000007c0000000)
  eden space 607744K, 0% used [0x000000076ab00000,0x000000076ab00000,0x000000078fc80000)
  from space 91648K, 84% used [0x0000000797100000,0x000000079bcbab70,0x000000079ca80000)
  to   space 119296K, 0% used [0x000000078fc80000,0x000000078fc80000,0x0000000797100000)
 ParOldGen       total 157696K, used 157369K [0x00000006c0000000, 0x00000006c9a00000, 0x000000076ab00000)
  object space 157696K, 99% used [0x00000006c0000000,0x00000006c99ae5c0,0x00000006c9a00000)
 Metaspace       used 6539K, capacity 7320K, committed 7680K, reserved 1056768K
  class space    used 621K, capacity 656K, committed 768K, reserved 1048576K

Card table byte_map: [0x00007f8fc425a000,0x00007f8fc4a5b000] byte_map_base: 0x00007f8fc0c5a000

Marking Bits: (ParMarkBitMap*) 0x00007f8fc7185c80
 Begin Bits: [0x00007f8f98000000, 0x00007f8f9c000000)
 End Bits:   [0x00007f8f9c000000, 0x00007f8fa0000000)

Polling page: 0x00007f8fc7dd5000

CodeCache: size=245760Kb used=10660Kb max_used=10685Kb free=235099Kb
 bounds [0x00007f8fb1000000, 0x00007f8fb1a80000, 0x00007f8fc0000000]
 total_blobs=2609 nmethods=2346 adapters=176
 compilation: enabled

Compilation events (10 events):
Event: 13.721 Thread 0x00007f8fc00b8800 nmethod 2531 0x00007f8fb1a69b10 code [0x00007f8fb1a6b600, 0x00007f8fb1a72de8]
Event: 13.721 Thread 0x00007f8fc00b8800 2582       4       com.android.dx.ssa.DomFront::<init> (60 bytes)
Event: 13.731 Thread 0x00007f8fc00b8800 nmethod 2582 0x00007f8fb1a4a450 code [0x00007f8fb1a4a5c0, 0x00007f8fb1a4aa78]
Event: 13.732 Thread 0x00007f8fc00b8800 2581       4       com.android.dx.ssa.SCCP::replaceConstants (209 bytes)
Event: 13.804 Thread 0x00007f8fc00bd000 2591       1       com.android.dx.cf.attrib.AttEnclosingMethod::byteLength (3 bytes)
Event: 13.804 Thread 0x00007f8fc00bd000 nmethod 2591 0x00007f8fb1a4a190 code [0x00007f8fb1a4a2e0, 0x00007f8fb1a4a3f0]
Event: 13.813 Thread 0x00007f8fc00bd000 2592       2       com.android.dx.cf.code.BytecodeArray::parseTableswitch (205 bytes)
Event: 13.814 Thread 0x00007f8fc00bd000 nmethod 2592 0x00007f8fb1a45690 code [0x00007f8fb1a458e0, 0x00007f8fb1a46178]
Event: 13.839 Thread 0x00007f8fc00bd000 2593       2       com.android.dx.cf.code.BytecodeArray::parseLookupswitch (175 bytes)
Event: 13.840 Thread 0x00007f8fc00bd000 nmethod 2593 0x00007f8fb1a44310 code [0x00007f8fb1a44540, 0x00007f8fb1a44ce8]

GC Heap History (10 events):
Event: 7.069 GC heap after
Heap after GC invocations=7 (full 0):
 PSYoungGen      total 279040K, used 30199K [0x000000076ab00000, 0x000000078f200000, 0x00000007c0000000)
  eden space 248832K, 0% used [0x000000076ab00000,0x000000076ab00000,0x0000000779e00000)
  from space 30208K, 99% used [0x0000000779e00000,0x000000077bb7dca8,0x000000077bb80000)
  to   space 49664K, 0% used [0x000000078c180000,0x000000078c180000,0x000000078f200000)
 ParOldGen       total 84992K, used 56612K [0x00000006c0000000, 0x00000006c5300000, 0x000000076ab00000)
  object space 84992K, 66% used [0x00000006c0000000,0x00000006c3749208,0x00000006c5300000)
 Metaspace       used 6466K, capacity 7256K, committed 7424K, reserved 1056768K
  class space    used 619K, capacity 656K, committed 768K, reserved 1048576K
}
Event: 8.070 GC heap before
{Heap before GC invocations=8 (full 0):
 PSYoungGen      total 279040K, used 279031K [0x000000076ab00000, 0x000000078f200000, 0x00000007c0000000)
  eden space 248832K, 100% used [0x000000076ab00000,0x0000000779e00000,0x0000000779e00000)
  from space 30208K, 99% used [0x0000000779e00000,0x000000077bb7dca8,0x000000077bb80000)
  to   space 49664K, 0% used [0x000000078c180000,0x000000078c180000,0x000000078f200000)
 ParOldGen       total 84992K, used 56612K [0x00000006c0000000, 0x00000006c5300000, 0x000000076ab00000)
  object space 84992K, 66% used [0x00000006c0000000,0x00000006c3749208,0x00000006c5300000)
 Metaspace       used 6496K, capacity 7320K, committed 7680K, reserved 1056768K
  class space    used 620K, capacity 656K, committed 768K, reserved 1048576K
Event: 8.283 GC heap after
Heap after GC invocations=8 (full 0):
 PSYoungGen      total 531456K, used 49644K [0x000000076ab00000, 0x0000000791100000, 0x00000007c0000000)
  eden space 481792K, 0% used [0x000000076ab00000,0x000000076ab00000,0x0000000788180000)
  from space 49664K, 99% used [0x000000078c180000,0x000000078f1fb290,0x000000078f200000)
  to   space 65536K, 0% used [0x0000000788180000,0x0000000788180000,0x000000078c180000)
 ParOldGen       total 84992K, used 71074K [0x00000006c0000000, 0x00000006c5300000, 0x000000076ab00000)
  object space 84992K, 83% used [0x00000006c0000000,0x00000006c4568990,0x00000006c5300000)
 Metaspace       used 6496K, capacity 7320K, committed 7680K, reserved 1056768K
  class space    used 620K, capacity 656K, committed 768K, reserved 1048576K
}
Event: 8.283 GC heap before
{Heap before GC invocations=9 (full 1):
 PSYoungGen      total 531456K, used 49644K [0x000000076ab00000, 0x0000000791100000, 0x00000007c0000000)
  eden space 481792K, 0% used [0x000000076ab00000,0x000000076ab00000,0x0000000788180000)
  from space 49664K, 99% used [0x000000078c180000,0x000000078f1fb290,0x000000078f200000)
  to   space 65536K, 0% used [0x0000000788180000,0x0000000788180000,0x000000078c180000)
 ParOldGen       total 84992K, used 71074K [0x00000006c0000000, 0x00000006c5300000, 0x000000076ab00000)
  object space 84992K, 83% used [0x00000006c0000000,0x00000006c4568990,0x00000006c5300000)
 Metaspace       used 6496K, capacity 7320K, committed 7680K, reserved 1056768K
  class space    used 620K, capacity 656K, committed 768K, reserved 1048576K
Event: 9.271 GC heap after
Heap after GC invocations=9 (full 1):
 PSYoungGen      total 531456K, used 31117K [0x000000076ab00000, 0x0000000791100000, 0x00000007c0000000)
  eden space 481792K, 0% used [0x000000076ab00000,0x000000076ab00000,0x0000000788180000)
  from space 49664K, 62% used [0x000000078c180000,0x000000078dfe34a0,0x000000078f200000)
  to   space 65536K, 0% used [0x0000000788180000,0x0000000788180000,0x000000078c180000)
 ParOldGen       total 157696K, used 84810K [0x00000006c0000000, 0x00000006c9a00000, 0x000000076ab00000)
  object space 157696K, 53% used [0x00000006c0000000,0x00000006c52d29e0,0x00000006c9a00000)
 Metaspace       used 6496K, capacity 7320K, committed 7680K, reserved 1056768K
  class space    used 620K, capacity 656K, committed 768K, reserved 1048576K
}
Event: 11.850 GC heap before
{Heap before GC invocations=10 (full 1):
 PSYoungGen      total 531456K, used 512909K [0x000000076ab00000, 0x0000000791100000, 0x00000007c0000000)
  eden space 481792K, 100% used [0x000000076ab00000,0x0000000788180000,0x0000000788180000)
  from space 49664K, 62% used [0x000000078c180000,0x000000078dfe34a0,0x000000078f200000)
  to   space 65536K, 0% used [0x0000000788180000,0x0000000788180000,0x000000078c180000)
 ParOldGen       total 157696K, used 84810K [0x00000006c0000000, 0x00000006c9a00000, 0x000000076ab00000)
  object space 157696K, 53% used [0x00000006c0000000,0x00000006c52d29e0,0x00000006c9a00000)
 Metaspace       used 6523K, capacity 7320K, committed 7680K, reserved 1056768K
  class space    used 621K, capacity 656K, committed 768K, reserved 1048576K
Event: 12.177 GC heap after
Heap after GC invocations=10 (full 1):
 PSYoungGen      total 547328K, used 65510K [0x000000076ab00000, 0x000000079ca80000, 0x00000007c0000000)
  eden space 481792K, 0% used [0x000000076ab00000,0x000000076ab00000,0x0000000788180000)
  from space 65536K, 99% used [0x0000000788180000,0x000000078c179810,0x000000078c180000)
  to   space 91648K, 0% used [0x0000000797100000,0x0000000797100000,0x000000079ca80000)
 ParOldGen       total 157696K, used 119426K [0x00000006c0000000, 0x00000006c9a00000, 0x000000076ab00000)
  object space 157696K, 75% used [0x00000006c0000000,0x00000006c74a0ae0,0x00000006c9a00000)
 Metaspace       used 6523K, capacity 7320K, committed 7680K, reserved 1056768K
  class space    used 621K, capacity 656K, committed 768K, reserved 1048576K
}
Event: 14.008 GC heap before
{Heap before GC invocations=11 (full 1):
 PSYoungGen      total 547328K, used 547302K [0x000000076ab00000, 0x000000079ca80000, 0x00000007c0000000)
  eden space 481792K, 100% used [0x000000076ab00000,0x0000000788180000,0x0000000788180000)
  from space 65536K, 99% used [0x0000000788180000,0x000000078c179810,0x000000078c180000)
  to   space 91648K, 0% used [0x0000000797100000,0x0000000797100000,0x000000079ca80000)
 ParOldGen       total 157696K, used 119426K [0x00000006c0000000, 0x00000006c9a00000, 0x000000076ab00000)
  object space 157696K, 75% used [0x00000006c0000000,0x00000006c74a0ae0,0x00000006c9a00000)
 Metaspace       used 6539K, capacity 7320K, committed 7680K, reserved 1056768K
  class space    used 621K, capacity 656K, committed 768K, reserved 1048576K
Event: 14.589 GC heap after
Heap after GC invocations=11 (full 1):
 PSYoungGen      total 699392K, used 91637K [0x000000076ab00000, 0x00000007a1000000, 0x00000007c0000000)
  eden space 607744K, 0% used [0x000000076ab00000,0x000000076ab00000,0x000000078fc80000)
  from space 91648K, 99% used [0x0000000797100000,0x000000079ca7d7e8,0x000000079ca80000)
  to   space 119296K, 0% used [0x000000078fc80000,0x000000078fc80000,0x0000000797100000)
 ParOldGen       total 157696K, used 150858K [0x00000006c0000000, 0x00000006c9a00000, 0x000000076ab00000)
  object space 157696K, 95% used [0x00000006c0000000,0x00000006c9352840,0x00000006c9a00000)
 Metaspace       used 6539K, capacity 7320K, committed 7680K, reserved 1056768K
  class space    used 621K, capacity 656K, committed 768K, reserved 1048576K
}
Event: 14.589 GC heap before
{Heap before GC invocations=12 (full 2):
 PSYoungGen      total 699392K, used 91637K [0x000000076ab00000, 0x00000007a1000000, 0x00000007c0000000)
  eden space 607744K, 0% used [0x000000076ab00000,0x000000076ab00000,0x000000078fc80000)
  from space 91648K, 99% used [0x0000000797100000,0x000000079ca7d7e8,0x000000079ca80000)
  to   space 119296K, 0% used [0x000000078fc80000,0x000000078fc80000,0x0000000797100000)
 ParOldGen       total 157696K, used 150858K [0x00000006c0000000, 0x00000006c9a00000, 0x000000076ab00000)
  object space 157696K, 95% used [0x00000006c0000000,0x00000006c9352840,0x00000006c9a00000)
 Metaspace       used 6539K, capacity 7320K, committed 7680K, reserved 1056768K
  class space    used 621K, capacity 656K, committed 768K, reserved 1048576K

Deoptimization events (10 events):
Event: 7.198 Thread 0x00007f8fc01bf800 Uncommon trap: reason=bimorphic action=maybe_recompile pc=0x00007f8fb185cfc0 method=com.android.dx.cf.code.BytecodeArray.parseInstruction(ILcom/android/dx/cf/code/BytecodeArray$Visitor;)I @ 2554
Event: 7.916 Thread 0x00007f8fc01bc800 Uncommon trap: reason=unstable_if action=reinterpret pc=0x00007f8fb17bf500 method=com.android.dx.ssa.SCCP.simulateBranch(Lcom/android/dx/ssa/SsaInsn;)V @ 548
Event: 8.047 Thread 0x00007f8fc01b9800 Uncommon trap: reason=bimorphic action=maybe_recompile pc=0x00007f8fb18fb9e4 method=com.android.dx.cf.code.BytecodeArray.parseInstruction(ILcom/android/dx/cf/code/BytecodeArray$Visitor;)I @ 1327
Event: 8.047 Thread 0x00007f8fc01b9800 Uncommon trap: reason=bimorphic action=maybe_recompile pc=0x00007f8fb18fb9e4 method=com.android.dx.cf.code.BytecodeArray.parseInstruction(ILcom/android/dx/cf/code/BytecodeArray$Visitor;)I @ 1327
Event: 11.747 Thread 0x00007f8fc01bc800 Uncommon trap: reason=bimorphic action=maybe_recompile pc=0x00007f8fb19964a4 method=com.android.dx.cf.code.BytecodeArray.parseInstruction(ILcom/android/dx/cf/code/BytecodeArray$Visitor;)I @ 1003
Event: 11.752 Thread 0x00007f8fc01bc800 Uncommon trap: reason=bimorphic action=maybe_recompile pc=0x00007f8fb19964a4 method=com.android.dx.cf.code.BytecodeArray.parseInstruction(ILcom/android/dx/cf/code/BytecodeArray$Visitor;)I @ 1003
Event: 11.825 Thread 0x00007f8fc000a000 Uncommon trap: reason=unstable_if action=reinterpret pc=0x00007f8fb19cb3c4 method=com.android.dx.rop.code.RegisterSpec.intersect(Lcom/android/dx/rop/code/RegisterSpec;Z)Lcom/android/dx/rop/code/RegisterSpec; @ 42
Event: 12.726 Thread 0x00007f8fc01bc800 Uncommon trap: reason=unstable_if action=reinterpret pc=0x00007f8fb13e2834 method=com.android.dx.rop.code.RegisterSpec.equals(ILcom/android/dx/rop/type/TypeBearer;Lcom/android/dx/rop/code/LocalItem;)Z @ 31
Event: 12.729 Thread 0x00007f8fc01bc800 Uncommon trap: reason=unstable_if action=reinterpret pc=0x00007f8fb168b024 method=com.android.dx.rop.code.RegisterSpec.equals(ILcom/android/dx/rop/type/TypeBearer;Lcom/android/dx/rop/code/LocalItem;)Z @ 31
Event: 13.206 Thread 0x00007f8fc01b9800 Uncommon trap: reason=unstable_if action=reinterpret pc=0x00007f8fb19c253c method=com.android.dx.ssa.SCCP.simulateBranch(Lcom/android/dx/ssa/SsaInsn;)V @ 334

Internal exceptions (10 events):
Event: 0.917 Thread 0x00007f8fc000a000 Implicit null exception at 0x00007f8fb117e3b4 to 0x00007f8fb117e9fd
Event: 1.762 Thread 0x00007f8fc01b9800 Implicit null exception at 0x00007f8fb1336462 to 0x00007f8fb133655b
Event: 1.861 Thread 0x00007f8fc01bf800 Implicit null exception at 0x00007f8fb13415de to 0x00007f8fb13445d1
Event: 2.255 Thread 0x00007f8fc01be000 Implicit null exception at 0x00007f8fb1391b57 to 0x00007f8fb139415d
Event: 2.508 Thread 0x00007f8fc01be000 Implicit null exception at 0x00007f8fb1430186 to 0x00007f8fb1430319
Event: 2.736 Thread 0x00007f8fc01bc800 Exception <a 'java/lang/ArrayIndexOutOfBoundsException': 18> (0x000000076c036e28) thrown at [/HUDSON3/workspace/8-2-build-linux-amd64/jdk8u112/7884/hotspot/src/share/vm/interpreter/interpreterRuntime.cpp, line 366]
Event: 2.736 Thread 0x00007f8fc01bc800 Exception <a 'java/lang/ArrayIndexOutOfBoundsException': 145> (0x000000076c0389a8) thrown at [/HUDSON3/workspace/8-2-build-linux-amd64/jdk8u112/7884/hotspot/src/share/vm/interpreter/interpreterRuntime.cpp, line 366]
Event: 2.738 Thread 0x00007f8fc01bc800 Exception <a 'java/lang/ArrayIndexOutOfBoundsException': 40> (0x000000076c039c90) thrown at [/HUDSON3/workspace/8-2-build-linux-amd64/jdk8u112/7884/hotspot/src/share/vm/interpreter/interpreterRuntime.cpp, line 366]
Event: 12.726 Thread 0x00007f8fc01bc800 Implicit null exception at 0x00007f8fb13e2405 to 0x00007f8fb13e2805
Event: 12.729 Thread 0x00007f8fc01bc800 Implicit null exception at 0x00007f8fb168ac59 to 0x00007f8fb168b00d

Events (10 events):
Event: 13.616 Thread 0x00007f8fc01b9800 DEOPT UNPACKING pc=0x00007f8fb1047633 sp=0x00007f8f958a3d20 mode 0
Event: 13.716 Thread 0x00007f8fc01bf800 DEOPT PACKING pc=0x00007f8fb1430a34 sp=0x00007f8f9549fed0
Event: 13.716 Thread 0x00007f8fc01bf800 DEOPT UNPACKING pc=0x00007f8fb1047633 sp=0x00007f8f9549fbd0 mode 0
Event: 13.864 Thread 0x00007f8fc01bf800 DEOPT PACKING pc=0x00007f8fb1430a34 sp=0x00007f8f9549fd80
Event: 13.864 Thread 0x00007f8fc01bf800 DEOPT UNPACKING pc=0x00007f8fb1047633 sp=0x00007f8f9549fa80 mode 0
Event: 13.870 Thread 0x00007f8fc01be000 DEOPT PACKING pc=0x00007f8fb158cfe0 sp=0x00007f8f955a0d50
Event: 13.870 Thread 0x00007f8fc01be000 DEOPT UNPACKING pc=0x00007f8fb1047633 sp=0x00007f8f955a0ba0 mode 0
Event: 13.987 Thread 0x00007f8fc01b9800 DEOPT PACKING pc=0x00007f8fb1430a34 sp=0x00007f8f958a3fd0
Event: 13.987 Thread 0x00007f8fc01b9800 DEOPT UNPACKING pc=0x00007f8fb1047633 sp=0x00007f8f958a3cd0 mode 0
Event: 14.007 Executing VM operation: ParallelGCFailedAllocation


Dynamic libraries:
00400000-00401000 r-xp 00000000 08:02 2497811                            /usr/local/jdk1.8.0/bin/java
00600000-00601000 rw-p 00000000 08:02 2497811                            /usr/local/jdk1.8.0/bin/java
0101c000-0103d000 rw-p 00000000 00:00 0                                  [heap]
6c0000000-6c9a00000 rw-p 00000000 00:00 0 
6d0880000-76ab00000 ---p 00000000 00:00 0 
76ab00000-7a1000000 rw-p 00000000 00:00 0 
7a1000000-7c0000000 ---p 00000000 00:00 0 
7c0000000-7c00c0000 rw-p 00000000 00:00 0 
7c00c0000-800000000 ---p 00000000 00:00 0 
7f8f58000000-7f8f58023000 rw-p 00000000 00:00 0 
7f8f58023000-7f8f5c000000 ---p 00000000 00:00 0 
7f8f60000000-7f8f60042000 rw-p 00000000 00:00 0 
7f8f60042000-7f8f64000000 ---p 00000000 00:00 0 
7f8f64000000-7f8f64021000 rw-p 00000000 00:00 0 
7f8f64021000-7f8f68000000 ---p 00000000 00:00 0 
7f8f68000000-7f8f6802e000 rw-p 00000000 00:00 0 
7f8f6802e000-7f8f6c000000 ---p 00000000 00:00 0 
7f8f6c000000-7f8f6c021000 rw-p 00000000 00:00 0 
7f8f6c021000-7f8f70000000 ---p 00000000 00:00 0 
7f8f70000000-7f8f70021000 rw-p 00000000 00:00 0 
7f8f70021000-7f8f74000000 ---p 00000000 00:00 0 
7f8f74000000-7f8f74021000 rw-p 00000000 00:00 0 
7f8f74021000-7f8f78000000 ---p 00000000 00:00 0 
7f8f78000000-7f8f78d01000 rw-p 00000000 00:00 0 
7f8f78d01000-7f8f7c000000 ---p 00000000 00:00 0 
7f8f7c000000-7f8f7cc91000 rw-p 00000000 00:00 0 
7f8f7cc91000-7f8f80000000 ---p 00000000 00:00 0 
7f8f80000000-7f8f80021000 rw-p 00000000 00:00 0 
7f8f80021000-7f8f84000000 ---p 00000000 00:00 0 
7f8f84000000-7f8f856d8000 rw-p 00000000 00:00 0 
7f8f856d8000-7f8f88000000 ---p 00000000 00:00 0 
7f8f88000000-7f8f88021000 rw-p 00000000 00:00 0 
7f8f88021000-7f8f8c000000 ---p 00000000 00:00 0 
7f8f8c000000-7f8f8c021000 rw-p 00000000 00:00 0 
7f8f8c021000-7f8f90000000 ---p 00000000 00:00 0 
7f8f90000000-7f8f902a8000 rw-p 00000000 00:00 0 
7f8f902a8000-7f8f94000000 ---p 00000000 00:00 0 
7f8f953a1000-7f8f953a4000 ---p 00000000 00:00 0 
7f8f953a4000-7f8f954a2000 rw-p 00000000 00:00 0 
7f8f954a2000-7f8f954a5000 ---p 00000000 00:00 0 
7f8f954a5000-7f8f955a3000 rw-p 00000000 00:00 0 
7f8f955a3000-7f8f955a6000 ---p 00000000 00:00 0 
7f8f955a6000-7f8f956a4000 rw-p 00000000 00:00 0 
7f8f956a4000-7f8f956a7000 ---p 00000000 00:00 0 
7f8f956a7000-7f8f957a5000 rw-p 00000000 00:00 0 
7f8f957a5000-7f8f957a8000 ---p 00000000 00:00 0 
7f8f957a8000-7f8f958a6000 rw-p 00000000 00:00 0 
7f8f958a6000-7f8f95973000 r--s 00949000 08:11 21767241                   /home/teocci/SourceCode/Android/YouTube-In-Background/app/build/intermediates/transforms/jarMerging/debug/jars/1/1f/combined.jar
7f8f95973000-7f8f95974000 ---p 00000000 00:00 0 
7f8f95974000-7f8f95a74000 rw-p 00000000 00:00 0 
7f8f95a74000-7f8f95a77000 ---p 00000000 00:00 0 
7f8f95a77000-7f8f95b75000 rw-p 00000000 00:00 0 
7f8f95b75000-7f8f95b78000 ---p 00000000 00:00 0 
7f8f95b78000-7f8f95c76000 rw-p 00000000 00:00 0 
7f8f95c76000-7f8f95c79000 ---p 00000000 00:00 0 
7f8f95c79000-7f8f95d77000 rw-p 00000000 00:00 0 
7f8f95d77000-7f8f95d7a000 ---p 00000000 00:00 0 
7f8f95d7a000-7f8f95e78000 rw-p 00000000 00:00 0 
7f8f95e78000-7f8f95e7b000 ---p 00000000 00:00 0 
7f8f95e7b000-7f8f95f79000 rw-p 00000000 00:00 0 
7f8f95f79000-7f8f96391000 r--p 00000000 08:02 2232037                    /usr/lib/locale/locale-archive
7f8f96391000-7f8f96394000 ---p 00000000 00:00 0 
7f8f96394000-7f8f96492000 rw-p 00000000 00:00 0 
7f8f96492000-7f8f96495000 ---p 00000000 00:00 0 
7f8f96495000-7f8f96593000 rw-p 00000000 00:00 0 
7f8f96593000-7f8f96594000 ---p 00000000 00:00 0 
7f8f96594000-7f8f97627000 rw-p 00000000 00:00 0 
7f8f97627000-7f8f97800000 r--s 03d2c000 08:02 2497885                    /usr/local/jdk1.8.0/jre/lib/rt.jar
7f8f97800000-7f8f97ec0000 rw-p 00000000 00:00 0 
7f8f97ec0000-7f8f98000000 ---p 00000000 00:00 0 
7f8f98000000-7f8fa0000000 rw-p 00000000 00:00 0 
7f8fa0000000-7f8fa0021000 rw-p 00000000 00:00 0 
7f8fa0021000-7f8fa4000000 ---p 00000000 00:00 0 
7f8fa4000000-7f8fa4021000 rw-p 00000000 00:00 0 
7f8fa4021000-7f8fa8000000 ---p 00000000 00:00 0 
7f8fa8000000-7f8fa8021000 rw-p 00000000 00:00 0 
7f8fa8021000-7f8fac000000 ---p 00000000 00:00 0 
7f8fac000000-7f8fac021000 rw-p 00000000 00:00 0 
7f8fac021000-7f8fb0000000 ---p 00000000 00:00 0 
7f8fb0011000-7f8fb08a8000 rw-p 00000000 00:00 0 
7f8fb08a8000-7f8fb08a9000 ---p 00000000 00:00 0 
7f8fb08a9000-7f8fb09a9000 rw-p 00000000 00:00 0 
7f8fb09a9000-7f8fb09aa000 ---p 00000000 00:00 0 
7f8fb09aa000-7f8fb0af7000 rw-p 00000000 00:00 0 
7f8fb0af7000-7f8fb1000000 ---p 00000000 00:00 0 
7f8fb1000000-7f8fb1a80000 rwxp 00000000 00:00 0 
7f8fb1a80000-7f8fc0000000 ---p 00000000 00:00 0 
7f8fc0000000-7f8fc03f6000 rw-p 00000000 00:00 0 
7f8fc03f6000-7f8fc4000000 ---p 00000000 00:00 0 
7f8fc4009000-7f8fc4058000 rw-p 00000000 00:00 0 
7f8fc4058000-7f8fc4059000 ---p 00000000 00:00 0 
7f8fc4059000-7f8fc4159000 rw-p 00000000 00:00 0 
7f8fc4159000-7f8fc415a000 ---p 00000000 00:00 0 
7f8fc415a000-7f8fc42a7000 rw-p 00000000 00:00 0 
7f8fc42a7000-7f8fc47af000 ---p 00000000 00:00 0 
7f8fc47af000-7f8fc4962000 rw-p 00000000 00:00 0 
7f8fc4962000-7f8fc4a5a000 ---p 00000000 00:00 0 
7f8fc4a5a000-7f8fc4a85000 rw-p 00000000 00:00 0 
7f8fc4a85000-7f8fc4e1b000 ---p 00000000 00:00 0 
7f8fc4e1b000-7f8fc4e35000 r-xp 00000000 08:02 2497916                    /usr/local/jdk1.8.0/jre/lib/amd64/libzip.so
7f8fc4e35000-7f8fc5035000 ---p 0001a000 08:02 2497916                    /usr/local/jdk1.8.0/jre/lib/amd64/libzip.so
7f8fc5035000-7f8fc5036000 rw-p 0001a000 08:02 2497916                    /usr/local/jdk1.8.0/jre/lib/amd64/libzip.so
7f8fc5036000-7f8fc5041000 r-xp 00000000 08:02 262432                     /lib/x86_64-linux-gnu/libnss_files-2.23.so
7f8fc5041000-7f8fc5240000 ---p 0000b000 08:02 262432                     /lib/x86_64-linux-gnu/libnss_files-2.23.so
7f8fc5240000-7f8fc5241000 r--p 0000a000 08:02 262432                     /lib/x86_64-linux-gnu/libnss_files-2.23.so
7f8fc5241000-7f8fc5242000 rw-p 0000b000 08:02 262432                     /lib/x86_64-linux-gnu/libnss_files-2.23.so
7f8fc5242000-7f8fc5248000 rw-p 00000000 00:00 0 
7f8fc5248000-7f8fc5253000 r-xp 00000000 08:02 262418                     /lib/x86_64-linux-gnu/libnss_nis-2.23.so
7f8fc5253000-7f8fc5452000 ---p 0000b000 08:02 262418                     /lib/x86_64-linux-gnu/libnss_nis-2.23.so
7f8fc5452000-7f8fc5453000 r--p 0000a000 08:02 262418                     /lib/x86_64-linux-gnu/libnss_nis-2.23.so
7f8fc5453000-7f8fc5454000 rw-p 0000b000 08:02 262418                     /lib/x86_64-linux-gnu/libnss_nis-2.23.so
7f8fc5454000-7f8fc546a000 r-xp 00000000 08:02 262422                     /lib/x86_64-linux-gnu/libnsl-2.23.so
7f8fc546a000-7f8fc5669000 ---p 00016000 08:02 262422                     /lib/x86_64-linux-gnu/libnsl-2.23.so
7f8fc5669000-7f8fc566a000 r--p 00015000 08:02 262422                     /lib/x86_64-linux-gnu/libnsl-2.23.so
7f8fc566a000-7f8fc566b000 rw-p 00016000 08:02 262422                     /lib/x86_64-linux-gnu/libnsl-2.23.so
7f8fc566b000-7f8fc566d000 rw-p 00000000 00:00 0 
7f8fc566d000-7f8fc5675000 r-xp 00000000 08:02 262436                     /lib/x86_64-linux-gnu/libnss_compat-2.23.so
7f8fc5675000-7f8fc5874000 ---p 00008000 08:02 262436                     /lib/x86_64-linux-gnu/libnss_compat-2.23.so
7f8fc5874000-7f8fc5875000 r--p 00007000 08:02 262436                     /lib/x86_64-linux-gnu/libnss_compat-2.23.so
7f8fc5875000-7f8fc5876000 rw-p 00008000 08:02 262436                     /lib/x86_64-linux-gnu/libnss_compat-2.23.so
7f8fc5876000-7f8fc58a1000 r-xp 00000000 08:02 2497943                    /usr/local/jdk1.8.0/jre/lib/amd64/libjava.so
7f8fc58a1000-7f8fc5aa0000 ---p 0002b000 08:02 2497943                    /usr/local/jdk1.8.0/jre/lib/amd64/libjava.so
7f8fc5aa0000-7f8fc5aa2000 rw-p 0002a000 08:02 2497943                    /usr/local/jdk1.8.0/jre/lib/amd64/libjava.so
7f8fc5aa2000-7f8fc5aaf000 r-xp 00000000 08:02 2497894                    /usr/local/jdk1.8.0/jre/lib/amd64/libverify.so
7f8fc5aaf000-7f8fc5cae000 ---p 0000d000 08:02 2497894                    /usr/local/jdk1.8.0/jre/lib/amd64/libverify.so
7f8fc5cae000-7f8fc5cb0000 rw-p 0000c000 08:02 2497894                    /usr/local/jdk1.8.0/jre/lib/amd64/libverify.so
7f8fc5cb0000-7f8fc5cb7000 r-xp 00000000 08:02 262438                     /lib/x86_64-linux-gnu/librt-2.23.so
7f8fc5cb7000-7f8fc5eb6000 ---p 00007000 08:02 262438                     /lib/x86_64-linux-gnu/librt-2.23.so
7f8fc5eb6000-7f8fc5eb7000 r--p 00006000 08:02 262438                     /lib/x86_64-linux-gnu/librt-2.23.so
7f8fc5eb7000-7f8fc5eb8000 rw-p 00007000 08:02 262438                     /lib/x86_64-linux-gnu/librt-2.23.so
7f8fc5eb8000-7f8fc5fc0000 r-xp 00000000 08:02 262420                     /lib/x86_64-linux-gnu/libm-2.23.so
7f8fc5fc0000-7f8fc61bf000 ---p 00108000 08:02 262420                     /lib/x86_64-linux-gnu/libm-2.23.so
7f8fc61bf000-7f8fc61c0000 r--p 00107000 08:02 262420                     /lib/x86_64-linux-gnu/libm-2.23.so
7f8fc61c0000-7f8fc61c1000 rw-p 00108000 08:02 262420                     /lib/x86_64-linux-gnu/libm-2.23.so
7f8fc61c1000-7f8fc6e8f000 r-xp 00000000 08:02 2497947                    /usr/local/jdk1.8.0/jre/lib/amd64/server/libjvm.so
7f8fc6e8f000-7f8fc708f000 ---p 00cce000 08:02 2497947                    /usr/local/jdk1.8.0/jre/lib/amd64/server/libjvm.so
7f8fc708f000-7f8fc7168000 rw-p 00cce000 08:02 2497947                    /usr/local/jdk1.8.0/jre/lib/amd64/server/libjvm.so
7f8fc7168000-7f8fc71b3000 rw-p 00000000 00:00 0 
7f8fc71b3000-7f8fc7372000 r-xp 00000000 08:02 262424                     /lib/x86_64-linux-gnu/libc-2.23.so
7f8fc7372000-7f8fc7572000 ---p 001bf000 08:02 262424                     /lib/x86_64-linux-gnu/libc-2.23.so
7f8fc7572000-7f8fc7576000 r--p 001bf000 08:02 262424                     /lib/x86_64-linux-gnu/libc-2.23.so
7f8fc7576000-7f8fc7578000 rw-p 001c3000 08:02 262424                     /lib/x86_64-linux-gnu/libc-2.23.so
7f8fc7578000-7f8fc757c000 rw-p 00000000 00:00 0 
7f8fc757c000-7f8fc757f000 r-xp 00000000 08:02 262416                     /lib/x86_64-linux-gnu/libdl-2.23.so
7f8fc757f000-7f8fc777e000 ---p 00003000 08:02 262416                     /lib/x86_64-linux-gnu/libdl-2.23.so
7f8fc777e000-7f8fc777f000 r--p 00002000 08:02 262416                     /lib/x86_64-linux-gnu/libdl-2.23.so
7f8fc777f000-7f8fc7780000 rw-p 00003000 08:02 262416                     /lib/x86_64-linux-gnu/libdl-2.23.so
7f8fc7780000-7f8fc7795000 r-xp 00000000 08:02 2497772                    /usr/local/jdk1.8.0/lib/amd64/jli/libjli.so
7f8fc7795000-7f8fc7995000 ---p 00015000 08:02 2497772                    /usr/local/jdk1.8.0/lib/amd64/jli/libjli.so
7f8fc7995000-7f8fc7996000 rw-p 00015000 08:02 2497772                    /usr/local/jdk1.8.0/lib/amd64/jli/libjli.so
7f8fc7996000-7f8fc79ae000 r-xp 00000000 08:02 262446                     /lib/x86_64-linux-gnu/libpthread-2.23.so
7f8fc79ae000-7f8fc7bad000 ---p 00018000 08:02 262446                     /lib/x86_64-linux-gnu/libpthread-2.23.so
7f8fc7bad000-7f8fc7bae000 r--p 00017000 08:02 262446                     /lib/x86_64-linux-gnu/libpthread-2.23.so
7f8fc7bae000-7f8fc7baf000 rw-p 00018000 08:02 262446                     /lib/x86_64-linux-gnu/libpthread-2.23.so
7f8fc7baf000-7f8fc7bb3000 rw-p 00000000 00:00 0 
7f8fc7bb3000-7f8fc7bd9000 r-xp 00000000 08:02 262426                     /lib/x86_64-linux-gnu/ld-2.23.so
7f8fc7bdc000-7f8fc7caf000 rw-p 00000000 00:00 0 
7f8fc7caf000-7f8fc7cb2000 ---p 00000000 00:00 0 
7f8fc7cb2000-7f8fc7db4000 rw-p 00000000 00:00 0 
7f8fc7dbe000-7f8fc7dcc000 r--s 000e0000 08:11 9964911                    /home/teocci/Android/Sdk/build-tools/25.0.2/lib/dx.jar
7f8fc7dcc000-7f8fc7dd4000 rw-s 00000000 08:02 1577413                    /tmp/hsperfdata_teocci/17958
7f8fc7dd4000-7f8fc7dd5000 rw-p 00000000 00:00 0 
7f8fc7dd5000-7f8fc7dd6000 ---p 00000000 00:00 0 
7f8fc7dd6000-7f8fc7dd8000 rw-p 00000000 00:00 0 
7f8fc7dd8000-7f8fc7dd9000 r--p 00025000 08:02 262426                     /lib/x86_64-linux-gnu/ld-2.23.so
7f8fc7dd9000-7f8fc7dda000 rw-p 00026000 08:02 262426                     /lib/x86_64-linux-gnu/ld-2.23.so
7f8fc7dda000-7f8fc7ddb000 rw-p 00000000 00:00 0 
7fffb7d1f000-7fffb7d41000 rw-p 00000000 00:00 0                          [stack]
7fffb7d42000-7fffb7d44000 r--p 00000000 00:00 0                          [vvar]
7fffb7d44000-7fffb7d46000 r-xp 00000000 00:00 0                          [vdso]
ffffffffff600000-ffffffffff601000 r-xp 00000000 00:00 0                  [vsyscall]

VM Arguments:
jvm_args: -Djava.awt.headless=true -Xmx4g -Dfile.encoding=UTF-8 -Duser.country=US -Duser.language=en -Duser.variant 
java_command: com.android.dx.command.Main --dex --num-threads=4 --multi-dex --main-dex-list /home/teocci/SourceCode/Android/YouTube-In-Background/app/build/intermediates/multi-dex/debug/maindexlist.txt --output /home/teocci/SourceCode/Android/YouTube-In-Background/app/build/intermediates/transforms/dex/debug/folders/1000/1f/main /home/teocci/SourceCode/Android/YouTube-In-Background/app/build/intermediates/transforms/jarMerging/debug/jars/1/1f/combined.jar
java_class_path (initial): /home/teocci/Android/Sdk/build-tools/25.0.2/lib/dx.jar
Launcher Type: SUN_STANDARD

Environment Variables:
JAVA_HOME=/usr/local/jdk1.8.0
PATH=/home/teocci/bin:/home/teocci/.local/bin:/usr/local/sbin:/usr/local/bin:/usr/sbin:/usr/bin:/sbin:/bin:/usr/games:/usr/local/games:/usr/local/jdk1.8.0/bin:/usr/local/android-studio/bin:/home/teocci/Android/Sdk/platform-tools:/snap/bin
LD_LIBRARY_PATH=/usr/local/android-studio/bin:
SHELL=/bin/bash
DISPLAY=:0

Signal Handlers:
SIGSEGV: [libjvm.so+0xac7800], sa_mask[0]=11111111011111111101111111111110, sa_flags=SA_RESTART|SA_SIGINFO
SIGBUS: [libjvm.so+0xac7800], sa_mask[0]=11111111011111111101111111111110, sa_flags=SA_RESTART|SA_SIGINFO
SIGFPE: [libjvm.so+0x920990], sa_mask[0]=11111111011111111101111111111110, sa_flags=SA_RESTART|SA_SIGINFO
SIGPIPE: [libjvm.so+0x920990], sa_mask[0]=11111111011111111101111111111110, sa_flags=SA_RESTART|SA_SIGINFO
SIGXFSZ: [libjvm.so+0x920990], sa_mask[0]=11111111011111111101111111111110, sa_flags=SA_RESTART|SA_SIGINFO
SIGILL: [libjvm.so+0x920990], sa_mask[0]=11111111011111111101111111111110, sa_flags=SA_RESTART|SA_SIGINFO
SIGUSR1: SIG_DFL, sa_mask[0]=00000000000000000000000000000000, sa_flags=none
SIGUSR2: [libjvm.so+0x9221d0], sa_mask[0]=00100000000000000000000000000000, sa_flags=SA_RESTART|SA_SIGINFO
SIGHUP: [libjvm.so+0x9235d0], sa_mask[0]=11111111011111111101111111111110, sa_flags=SA_RESTART|SA_SIGINFO
SIGINT: [libjvm.so+0x9235d0], sa_mask[0]=11111111011111111101111111111110, sa_flags=SA_RESTART|SA_SIGINFO
SIGTERM: [libjvm.so+0x9235d0], sa_mask[0]=11111111011111111101111111111110, sa_flags=SA_RESTART|SA_SIGINFO
SIGQUIT: [libjvm.so+0x9235d0], sa_mask[0]=11111111011111111101111111111110, sa_flags=SA_RESTART|SA_SIGINFO


---------------  S Y S T E M  ---------------

OS:DISTRIB_ID=Ubuntu
DISTRIB_RELEASE=16.04
DISTRIB_CODENAME=xenial
DISTRIB_DESCRIPTION="Ubuntu 16.04.2 LTS"

uname:Linux 4.4.0-79-generic #100-Ubuntu SMP Wed May 17 19:58:14 UTC 2017 x86_64
libc:glibc 2.23 NPTL 2.23 
rlimit: STACK 8192k, CORE 0k, NPROC 30640, NOFILE 65536, AS infinity
load average:7.97 4.36 3.24

/proc/meminfo:
MemTotal:        8106892 kB
MemFree:          103988 kB
MemAvailable:      34424 kB
Buffers:            1464 kB
Cached:            79248 kB
SwapCached:         5512 kB
Active:          5816000 kB
Inactive:        1310196 kB
Active(anon):    5780940 kB
Inactive(anon):  1278636 kB
Active(file):      35060 kB
Inactive(file):    31560 kB
Unevictable:         960 kB
Mlocked:             960 kB
SwapTotal:      19999740 kB
SwapFree:              4 kB
Dirty:                 0 kB
Writeback:            32 kB
AnonPages:       7043768 kB
Mapped:            68788 kB
Shmem:             13996 kB
Slab:             176028 kB
SReclaimable:      63928 kB
SUnreclaim:       112100 kB
KernelStack:       25760 kB
PageTables:       220020 kB
NFS_Unstable:          0 kB
Bounce:                0 kB
WritebackTmp:          0 kB
CommitLimit:    24053184 kB
Committed_AS:   42336088 kB
VmallocTotal:   34359738367 kB
VmallocUsed:           0 kB
VmallocChunk:          0 kB
HardwareCorrupted:     0 kB
AnonHugePages:    444416 kB
CmaTotal:              0 kB
CmaFree:               0 kB
HugePages_Total:       0
HugePages_Free:        0
HugePages_Rsvd:        0
HugePages_Surp:        0
Hugepagesize:       2048 kB
DirectMap4k:     3239384 kB
DirectMap2M:     5081088 kB


CPU:total 4 (2 cores per cpu, 2 threads per core) family 6 model 58 stepping 9, cmov, cx8, fxsr, mmx, sse, sse2, sse3, ssse3, sse4.1, sse4.2, popcnt, avx, clmul, erms, ht, tsc, tscinvbit, tscinv

/proc/cpuinfo:
processor	: 0
vendor_id	: GenuineIntel
cpu family	: 6
model		: 58
model name	: Intel(R) Core(TM) i3-3220 CPU @ 3.30GHz
stepping	: 9
microcode	: 0x1c
cpu MHz		: 3299.871
cache size	: 3072 KB
physical id	: 0
siblings	: 4
core id		: 0
cpu cores	: 2
apicid		: 0
initial apicid	: 0
fpu		: yes
fpu_exception	: yes
cpuid level	: 13
wp		: yes
flags		: fpu vme de pse tsc msr pae mce cx8 apic sep mtrr pge mca cmov pat pse36 clflush dts acpi mmx fxsr sse sse2 ss ht tm pbe syscall nx rdtscp lm constant_tsc arch_perfmon pebs bts rep_good nopl xtopology nonstop_tsc aperfmperf eagerfpu pni pclmulqdq dtes64 monitor ds_cpl vmx est tm2 ssse3 cx16 xtpr pdcm pcid sse4_1 sse4_2 popcnt tsc_deadline_timer xsave avx f16c lahf_lm epb tpr_shadow vnmi flexpriority ept vpid fsgsbase smep erms xsaveopt dtherm arat pln pts
bugs		:
bogomips	: 6585.26
clflush size	: 64
cache_alignment	: 64
address sizes	: 36 bits physical, 48 bits virtual
power management:

processor	: 1
vendor_id	: GenuineIntel
cpu family	: 6
model		: 58
model name	: Intel(R) Core(TM) i3-3220 CPU @ 3.30GHz
stepping	: 9
microcode	: 0x1c
cpu MHz		: 3300.000
cache size	: 3072 KB
physical id	: 0
siblings	: 4
core id		: 1
cpu cores	: 2
apicid		: 2
initial apicid	: 2
fpu		: yes
fpu_exception	: yes
cpuid level	: 13
wp		: yes
flags		: fpu vme de pse tsc msr pae mce cx8 apic sep mtrr pge mca cmov pat pse36 clflush dts acpi mmx fxsr sse sse2 ss ht tm pbe syscall nx rdtscp lm constant_tsc arch_perfmon pebs bts rep_good nopl xtopology nonstop_tsc aperfmperf eagerfpu pni pclmulqdq dtes64 monitor ds_cpl vmx est tm2 ssse3 cx16 xtpr pdcm pcid sse4_1 sse4_2 popcnt tsc_deadline_timer xsave avx f16c lahf_lm epb tpr_shadow vnmi flexpriority ept vpid fsgsbase smep erms xsaveopt dtherm arat pln pts
bugs		:
bogomips	: 6585.26
clflush size	: 64
cache_alignment	: 64
address sizes	: 36 bits physical, 48 bits virtual
power management:

processor	: 2
vendor_id	: GenuineIntel
cpu family	: 6
model		: 58
model name	: Intel(R) Core(TM) i3-3220 CPU @ 3.30GHz
stepping	: 9
microcode	: 0x1c
cpu MHz		: 3299.871
cache size	: 3072 KB
physical id	: 0
siblings	: 4
core id		: 0
cpu cores	: 2
apicid		: 1
initial apicid	: 1
fpu		: yes
fpu_exception	: yes
cpuid level	: 13
wp		: yes
flags		: fpu vme de pse tsc msr pae mce cx8 apic sep mtrr pge mca cmov pat pse36 clflush dts acpi mmx fxsr sse sse2 ss ht tm pbe syscall nx rdtscp lm constant_tsc arch_perfmon pebs bts rep_good nopl xtopology nonstop_tsc aperfmperf eagerfpu pni pclmulqdq dtes64 monitor ds_cpl vmx est tm2 ssse3 cx16 xtpr pdcm pcid sse4_1 sse4_2 popcnt tsc_deadline_timer xsave avx f16c lahf_lm epb tpr_shadow vnmi flexpriority ept vpid fsgsbase smep erms xsaveopt dtherm arat pln pts
bugs		:
bogomips	: 6585.26
clflush size	: 64
cache_alignment	: 64
address sizes	: 36 bits physical, 48 bits virtual
power management:

processor	: 3
vendor_id	: GenuineIntel
cpu family	: 6
model		: 58
model name	: Intel(R) Core(TM) i3-3220 CPU @ 3.30GHz
stepping	: 9
microcode	: 0x1c
cpu MHz		: 3300.000
cache size	: 3072 KB
physical id	: 0
siblings	: 4
core id		: 1
cpu cores	: 2
apicid		: 3
initial apicid	: 3
fpu		: yes
fpu_exception	: yes
cpuid level	: 13
wp		: yes
flags		: fpu vme de pse tsc msr pae mce cx8 apic sep mtrr pge mca cmov pat pse36 clflush dts acpi mmx fxsr sse sse2 ss ht tm pbe syscall nx rdtscp lm constant_tsc arch_perfmon pebs bts rep_good nopl xtopology nonstop_tsc aperfmperf eagerfpu pni pclmulqdq dtes64 monitor ds_cpl vmx est tm2 ssse3 cx16 xtpr pdcm pcid sse4_1 sse4_2 popcnt tsc_deadline_timer xsave avx f16c lahf_lm epb tpr_shadow vnmi flexpriority ept vpid fsgsbase smep erms xsaveopt dtherm arat pln pts
bugs		:
bogomips	: 6585.26
clflush size	: 64
cache_alignment	: 64
address sizes	: 36 bits physical, 48 bits virtual
power management:



Memory: 4k page, physical 8106892k(103988k free), swap 19999740k(8k free)

vm_info: Java HotSpot(TM) 64-Bit Server VM (25.112-b15) for linux-amd64 JRE (1.8.0_112-b15), built on Sep 22 2016 21:10:53 by "java_re" with gcc 4.3.0 20080428 (Red Hat 4.3.0-8)

time: Tue Jun 13 16:43:28 2017
elapsed time: 17 seconds (0d 0h 0m 17s)

