#
# There is insufficient memory for the Java Runtime Environment to continue.
# Native memory allocation (mmap) failed to map 211812352 bytes for committing reserved memory.
# Possible reasons:
#   The system is out of physical RAM or swap space
#   In 32 bit mode, the process size limit was hit
# Possible solutions:
#   Reduce memory load on the system
#   Increase physical memory or swap space
#   Check if swap backing store is full
#   Use 64 bit Java on a 64 bit OS
#   Decrease Java heap size (-Xmx/-Xms)
#   Decrease number of Java threads
#   Decrease Java thread stack sizes (-Xss)
#   Set larger code cache with -XX:ReservedCodeCacheSize=
# This output file may be truncated or incomplete.
#
#  Out of Memory Error (os_linux.cpp:2627), pid=18107, tid=0x00007f9605993700
#
# JRE version: Java(TM) SE Runtime Environment (8.0_112-b15) (build 1.8.0_112-b15)
# Java VM: Java HotSpot(TM) 64-Bit Server VM (25.112-b15 mixed mode linux-amd64 compressed oops)
# Failed to write core dump. Core dumps have been disabled. To enable core dumping, try "ulimit -c unlimited" before starting Java again
#

---------------  T H R E A D  ---------------

Current thread (0x00007f9618078000):  VMThread [stack: 0x00007f9605893000,0x00007f9605994000] [id=18118]

Stack: [0x00007f9605893000,0x00007f9605994000],  sp=0x00007f9605991fa0,  free space=1019k
Native frames: (J=compiled Java code, j=interpreted, Vv=VM code, C=native code)
V  [libjvm.so+0xac6f7a]  VMError::report_and_die()+0x2ba
V  [libjvm.so+0x4fc71b]  report_vm_out_of_memory(char const*, int, unsigned long, VMErrorType, char const*)+0x8b
V  [libjvm.so+0x923b13]  os::Linux::commit_memory_impl(char*, unsigned long, bool)+0x103
V  [libjvm.so+0x924069]  os::pd_commit_memory(char*, unsigned long, unsigned long, bool)+0x29
V  [libjvm.so+0x91e37a]  os::commit_memory(char*, unsigned long, unsigned long, bool)+0x2a
V  [libjvm.so+0x992da3]  PSVirtualSpace::expand_by(unsigned long)+0x53
V  [libjvm.so+0x9941a8]  PSYoungGen::resize_generation(unsigned long, unsigned long)+0xf8
V  [libjvm.so+0x993302]  PSYoungGen::resize(unsigned long, unsigned long)+0x22
V  [libjvm.so+0x9905db]  PSScavenge::invoke_no_policy()+0xf3b
V  [libjvm.so+0x990d61]  PSScavenge::invoke()+0x41
V  [libjvm.so+0x947ac0]  ParallelScavengeHeap::failed_mem_allocate(unsigned long)+0x70
V  [libjvm.so+0xac8997]  VM_ParallelGCFailedAllocation::doit()+0x97
V  [libjvm.so+0xad0475]  VM_Operation::evaluate()+0x55
V  [libjvm.so+0xace84a]  VMThread::evaluate_operation(VM_Operation*)+0xba
V  [libjvm.so+0xacebce]  VMThread::loop()+0x1ce
V  [libjvm.so+0xacf040]  VMThread::run()+0x70
V  [libjvm.so+0x926138]  java_start(Thread*)+0x108

VM_Operation (0x00007f9604ba3b60): ParallelGCFailedAllocation, mode: safepoint, requested by thread 0x00007f96181d1800


---------------  P R O C E S S  ---------------

Java Threads: ( => current thread )
  0x00007f96181d8000 JavaThread "pool-2-thread-4" [_thread_blocked, id=18131, stack(0x00007f96046a1000,0x00007f96047a2000)]
  0x00007f96181d6000 JavaThread "pool-2-thread-3" [_thread_blocked, id=18130, stack(0x00007f96047a2000,0x00007f96048a3000)]
  0x00007f96181d4000 JavaThread "pool-2-thread-2" [_thread_blocked, id=18129, stack(0x00007f96048a3000,0x00007f96049a4000)]
  0x00007f96181d3000 JavaThread "pool-3-thread-1" [_thread_blocked, id=18128, stack(0x00007f96049a4000,0x00007f9604aa5000)]
  0x00007f96181d1800 JavaThread "pool-2-thread-1" [_thread_blocked, id=18127, stack(0x00007f9604aa5000,0x00007f9604ba6000)]
  0x00007f96180c0000 JavaThread "Service Thread" daemon [_thread_blocked, id=18125, stack(0x00007f9604d74000,0x00007f9604e75000)]
  0x00007f96180bd000 JavaThread "C1 CompilerThread2" daemon [_thread_blocked, id=18124, stack(0x00007f9604e75000,0x00007f9604f76000)]
  0x00007f96180bb000 JavaThread "C2 CompilerThread1" daemon [_thread_in_native, id=18123, stack(0x00007f9604f76000,0x00007f9605077000)]
  0x00007f96180b8800 JavaThread "C2 CompilerThread0" daemon [_thread_blocked, id=18122, stack(0x00007f9605077000,0x00007f9605178000)]
  0x00007f96180b7000 JavaThread "Signal Dispatcher" daemon [_thread_blocked, id=18121, stack(0x00007f9605178000,0x00007f9605279000)]
  0x00007f9618084000 JavaThread "Finalizer" daemon [_thread_blocked, id=18120, stack(0x00007f9605691000,0x00007f9605792000)]
  0x00007f961807f800 JavaThread "Reference Handler" daemon [_thread_blocked, id=18119, stack(0x00007f9605792000,0x00007f9605893000)]
  0x00007f961800a000 JavaThread "main" [_thread_blocked, id=18113, stack(0x00007f961efa9000,0x00007f961f0aa000)]

Other Threads:
=>0x00007f9618078000 VMThread [stack: 0x00007f9605893000,0x00007f9605994000] [id=18118]
  0x00007f96180c3000 WatcherThread [stack: 0x00007f9604c73000,0x00007f9604d74000] [id=18126]

VM state:at safepoint (normal execution)

VM Mutex/Monitor currently owned by a thread:  ([mutex/lock_event])
[0x00007f96180064f0] Threads_lock - owner thread: 0x00007f9618078000
[0x00007f96180069f0] Heap_lock - owner thread: 0x00007f96181d1800

Heap:
 PSYoungGen      total 536576K, used 76279K [0x000000076ab00000, 0x0000000790180000, 0x00000007c0000000)
  eden space 460288K, 0% used [0x000000076ab00000,0x000000076ab00000,0x0000000786c80000)
  from space 76288K, 99% used [0x000000078b700000,0x000000079017dec0,0x0000000790180000)
  to   space 53760K, 0% used [0x0000000787c00000,0x0000000787c00000,0x000000078b080000)
 ParOldGen       total 161792K, used 151461K [0x00000006c0000000, 0x00000006c9e00000, 0x000000076ab00000)
  object space 161792K, 93% used [0x00000006c0000000,0x00000006c93e9638,0x00000006c9e00000)
 Metaspace       used 6541K, capacity 7320K, committed 7680K, reserved 1056768K
  class space    used 623K, capacity 656K, committed 768K, reserved 1048576K

Card table byte_map: [0x00007f960843f000,0x00007f9608c40000] byte_map_base: 0x00007f9604e3f000

Marking Bits: (ParMarkBitMap*) 0x00007f961e47fc80
 Begin Bits: [0x00007f95e0000000, 0x00007f95e4000000)
 End Bits:   [0x00007f95e4000000, 0x00007f95e8000000)

Polling page: 0x00007f961f0cf000

CodeCache: size=245760Kb used=10865Kb max_used=10865Kb free=234895Kb
 bounds [0x00007f9609000000, 0x00007f9609ab0000, 0x00007f9618000000]
 total_blobs=2644 nmethods=2381 adapters=176
 compilation: enabled

Compilation events (10 events):
Event: 12.934 Thread 0x00007f96180bd000 2586       3       java.util.HashMap$HashIterator::<init> (79 bytes)
Event: 12.935 Thread 0x00007f96180bd000 nmethod 2586 0x00007f9609a83a90 code [0x00007f9609a83c00, 0x00007f9609a83f90]
Event: 12.970 Thread 0x00007f96180bd000 2587       3       com.android.dx.ssa.SCCP::simulateBranch (666 bytes)
Event: 12.975 Thread 0x00007f96180bd000 nmethod 2587 0x00007f9609a90550 code [0x00007f9609a90a00, 0x00007f9609a94558]
Event: 12.987 Thread 0x00007f96180bd000 2591   !   2       java.util.concurrent.ThreadPoolExecutor::addWorker (292 bytes)
Event: 12.989 Thread 0x00007f96180bd000 nmethod 2591 0x00007f9609a82290 code [0x00007f9609a824e0, 0x00007f9609a82e18]
Event: 13.003 Thread 0x00007f96180bd000 2594       2       com.android.dx.rop.code.Rops::opAdd (29 bytes)
Event: 13.003 Thread 0x00007f96180bd000 nmethod 2594 0x00007f9609a81ed0 code [0x00007f9609a82040, 0x00007f9609a821e8]
Event: 13.038 Thread 0x00007f96180bd000 2599       2       com.android.dx.rop.code.Rops::opIfNe (17 bytes)
Event: 13.038 Thread 0x00007f96180bd000 nmethod 2599 0x00007f9609a901d0 code [0x00007f9609a90340, 0x00007f9609a904c8]

GC Heap History (10 events):
Event: 4.644 GC heap after
Heap after GC invocations=6 (full 0):
 PSYoungGen      total 274432K, used 23856K [0x000000076ab00000, 0x000000077df00000, 0x00000007c0000000)
  eden space 248832K, 0% used [0x000000076ab00000,0x000000076ab00000,0x0000000779e00000)
  from space 25600K, 93% used [0x000000077bc00000,0x000000077d34c2c0,0x000000077d500000)
  to   space 30720K, 0% used [0x0000000779e00000,0x0000000779e00000,0x000000077bc00000)
 ParOldGen       total 84992K, used 31756K [0x00000006c0000000, 0x00000006c5300000, 0x000000076ab00000)
  object space 84992K, 37% used [0x00000006c0000000,0x00000006c1f032e8,0x00000006c5300000)
 Metaspace       used 6439K, capacity 7256K, committed 7424K, reserved 1056768K
  class space    used 620K, capacity 656K, committed 768K, reserved 1048576K
}
Event: 6.349 GC heap before
{Heap before GC invocations=7 (full 0):
 PSYoungGen      total 274432K, used 272688K [0x000000076ab00000, 0x000000077df00000, 0x00000007c0000000)
  eden space 248832K, 100% used [0x000000076ab00000,0x0000000779e00000,0x0000000779e00000)
  from space 25600K, 93% used [0x000000077bc00000,0x000000077d34c2c0,0x000000077d500000)
  to   space 30720K, 0% used [0x0000000779e00000,0x0000000779e00000,0x000000077bc00000)
 ParOldGen       total 84992K, used 31756K [0x00000006c0000000, 0x00000006c5300000, 0x000000076ab00000)
  object space 84992K, 37% used [0x00000006c0000000,0x00000006c1f032e8,0x00000006c5300000)
 Metaspace       used 6479K, capacity 7320K, committed 7680K, reserved 1056768K
  class space    used 621K, capacity 656K, committed 768K, reserved 1048576K
Event: 6.501 GC heap after
Heap after GC invocations=7 (full 0):
 PSYoungGen      total 279552K, used 30710K [0x000000076ab00000, 0x000000078f400000, 0x00000007c0000000)
  eden space 248832K, 0% used [0x000000076ab00000,0x000000076ab00000,0x0000000779e00000)
  from space 30720K, 99% used [0x0000000779e00000,0x000000077bbfdab0,0x000000077bc00000)
  to   space 50688K, 0% used [0x000000078c280000,0x000000078c280000,0x000000078f400000)
 ParOldGen       total 84992K, used 58178K [0x00000006c0000000, 0x00000006c5300000, 0x000000076ab00000)
  object space 84992K, 68% used [0x00000006c0000000,0x00000006c38d0938,0x00000006c5300000)
 Metaspace       used 6479K, capacity 7320K, committed 7680K, reserved 1056768K
  class space    used 621K, capacity 656K, committed 768K, reserved 1048576K
}
Event: 6.502 GC heap before
{Heap before GC invocations=8 (full 1):
 PSYoungGen      total 279552K, used 30710K [0x000000076ab00000, 0x000000078f400000, 0x00000007c0000000)
  eden space 248832K, 0% used [0x000000076ab00000,0x000000076ab00000,0x0000000779e00000)
  from space 30720K, 99% used [0x0000000779e00000,0x000000077bbfdab0,0x000000077bc00000)
  to   space 50688K, 0% used [0x000000078c280000,0x000000078c280000,0x000000078f400000)
 ParOldGen       total 84992K, used 58178K [0x00000006c0000000, 0x00000006c5300000, 0x000000076ab00000)
  object space 84992K, 68% used [0x00000006c0000000,0x00000006c38d0938,0x00000006c5300000)
 Metaspace       used 6479K, capacity 7320K, committed 7680K, reserved 1056768K
  class space    used 621K, capacity 656K, committed 768K, reserved 1048576K
Event: 7.164 GC heap after
Heap after GC invocations=8 (full 1):
 PSYoungGen      total 279552K, used 1012K [0x000000076ab00000, 0x000000078f400000, 0x00000007c0000000)
  eden space 248832K, 0% used [0x000000076ab00000,0x000000076ab00000,0x0000000779e00000)
  from space 30720K, 3% used [0x0000000779e00000,0x0000000779efd120,0x000000077bc00000)
  to   space 50688K, 0% used [0x000000078c280000,0x000000078c280000,0x000000078f400000)
 ParOldGen       total 161792K, used 84673K [0x00000006c0000000, 0x00000006c9e00000, 0x000000076ab00000)
  object space 161792K, 52% used [0x00000006c0000000,0x00000006c52b0638,0x00000006c9e00000)
 Metaspace       used 6479K, capacity 7320K, committed 7680K, reserved 1056768K
  class space    used 621K, capacity 656K, committed 768K, reserved 1048576K
}
Event: 8.894 GC heap before
{Heap before GC invocations=9 (full 1):
 PSYoungGen      total 279552K, used 249844K [0x000000076ab00000, 0x000000078f400000, 0x00000007c0000000)
  eden space 248832K, 100% used [0x000000076ab00000,0x0000000779e00000,0x0000000779e00000)
  from space 30720K, 3% used [0x0000000779e00000,0x0000000779efd120,0x000000077bc00000)
  to   space 50688K, 0% used [0x000000078c280000,0x000000078c280000,0x000000078f400000)
 ParOldGen       total 161792K, used 84673K [0x00000006c0000000, 0x00000006c9e00000, 0x000000076ab00000)
  object space 161792K, 52% used [0x00000006c0000000,0x00000006c52b0638,0x00000006c9e00000)
 Metaspace       used 6496K, capacity 7320K, committed 7680K, reserved 1056768K
  class space    used 621K, capacity 656K, committed 768K, reserved 1048576K
Event: 9.039 GC heap after
Heap after GC invocations=9 (full 1):
 PSYoungGen      total 391168K, used 35055K [0x000000076ab00000, 0x000000078e500000, 0x00000007c0000000)
  eden space 355840K, 0% used [0x000000076ab00000,0x000000076ab00000,0x0000000780680000)
  from space 35328K, 99% used [0x000000078c280000,0x000000078e4bbdf8,0x000000078e500000)
  to   space 53760K, 0% used [0x0000000787c00000,0x0000000787c00000,0x000000078b080000)
 ParOldGen       total 161792K, used 84673K [0x00000006c0000000, 0x00000006c9e00000, 0x000000076ab00000)
  object space 161792K, 52% used [0x00000006c0000000,0x00000006c52b0638,0x00000006c9e00000)
 Metaspace       used 6496K, capacity 7320K, committed 7680K, reserved 1056768K
  class space    used 621K, capacity 656K, committed 768K, reserved 1048576K
}
Event: 10.696 GC heap before
{Heap before GC invocations=10 (full 1):
 PSYoungGen      total 391168K, used 390895K [0x000000076ab00000, 0x000000078e500000, 0x00000007c0000000)
  eden space 355840K, 100% used [0x000000076ab00000,0x0000000780680000,0x0000000780680000)
  from space 35328K, 99% used [0x000000078c280000,0x000000078e4bbdf8,0x000000078e500000)
  to   space 53760K, 0% used [0x0000000787c00000,0x0000000787c00000,0x000000078b080000)
 ParOldGen       total 161792K, used 84673K [0x00000006c0000000, 0x00000006c9e00000, 0x000000076ab00000)
  object space 161792K, 52% used [0x00000006c0000000,0x00000006c52b0638,0x00000006c9e00000)
 Metaspace       used 6518K, capacity 7320K, committed 7680K, reserved 1056768K
  class space    used 622K, capacity 656K, committed 768K, reserved 1048576K
Event: 10.979 GC heap after
Heap after GC invocations=10 (full 1):
 PSYoungGen      total 514048K, used 53743K [0x000000076ab00000, 0x0000000790180000, 0x00000007c0000000)
  eden space 460288K, 0% used [0x000000076ab00000,0x000000076ab00000,0x0000000786c80000)
  from space 53760K, 99% used [0x0000000787c00000,0x000000078b07bcc8,0x000000078b080000)
  to   space 76288K, 0% used [0x000000078b700000,0x000000078b700000,0x0000000790180000)
 ParOldGen       total 161792K, used 115718K [0x00000006c0000000, 0x00000006c9e00000, 0x000000076ab00000)
  object space 161792K, 71% used [0x00000006c0000000,0x00000006c71018b8,0x00000006c9e00000)
 Metaspace       used 6518K, capacity 7320K, committed 7680K, reserved 1056768K
  class space    used 622K, capacity 656K, committed 768K, reserved 1048576K
}
Event: 13.069 GC heap before
{Heap before GC invocations=11 (full 1):
 PSYoungGen      total 514048K, used 514031K [0x000000076ab00000, 0x0000000790180000, 0x00000007c0000000)
  eden space 460288K, 100% used [0x000000076ab00000,0x0000000786c80000,0x0000000786c80000)
  from space 53760K, 99% used [0x0000000787c00000,0x000000078b07bcc8,0x000000078b080000)
  to   space 76288K, 0% used [0x000000078b700000,0x000000078b700000,0x0000000790180000)
 ParOldGen       total 161792K, used 115718K [0x00000006c0000000, 0x00000006c9e00000, 0x000000076ab00000)
  object space 161792K, 71% used [0x00000006c0000000,0x00000006c71018b8,0x00000006c9e00000)
 Metaspace       used 6541K, capacity 7320K, committed 7680K, reserved 1056768K
  class space    used 623K, capacity 656K, committed 768K, reserved 1048576K

Deoptimization events (10 events):
Event: 11.176 Thread 0x00007f96181d8000 Uncommon trap: reason=unstable_if action=reinterpret pc=0x00007f96098f71b4 method=com.android.dx.cf.code.RopperMachine.run(Lcom/android/dx/cf/code/Frame;II)V @ 356
Event: 11.191 Thread 0x00007f96181d6000 Uncommon trap: reason=unstable_if action=reinterpret pc=0x00007f96099ac3f0 method=com.android.dx.cf.code.ByteCatchList.listFor(I)Lcom/android/dx/cf/code/ByteCatchList; @ 47
Event: 11.717 Thread 0x00007f96181d6000 Uncommon trap: reason=unstable_if action=reinterpret pc=0x00007f9609a0c0ec method=com.android.dx.rop.code.LocalItem.compareHandlesNulls(Lcom/android/dx/rop/cst/CstString;Lcom/android/dx/rop/cst/CstString;)I @ 8
Event: 11.718 Thread 0x00007f96181d6000 Uncommon trap: reason=unstable_if action=reinterpret pc=0x00007f96096aaa94 method=com.android.dx.rop.code.LocalItem.compareHandlesNulls(Lcom/android/dx/rop/cst/CstString;Lcom/android/dx/rop/cst/CstString;)I @ 8
Event: 11.988 Thread 0x00007f961800a000 Uncommon trap: reason=class_check action=maybe_recompile pc=0x00007f9609a59f8c method=com.android.dx.ssa.back.FirstFitLocalCombiningAllocator.findNextUnreservedRopReg(IILcom/android/dx/ssa/back/FirstFitLocalCombiningAllocator$Alignment;)I @ 60
Event: 11.993 Thread 0x00007f961800a000 Uncommon trap: reason=class_check action=maybe_recompile pc=0x00007f9609a59f8c method=com.android.dx.ssa.back.FirstFitLocalCombiningAllocator.findNextUnreservedRopReg(IILcom/android/dx/ssa/back/FirstFitLocalCombiningAllocator$Alignment;)I @ 60
Event: 12.007 Thread 0x00007f96181d8000 Uncommon trap: reason=unstable_if action=reinterpret pc=0x00007f96097ff274 method=com.android.dx.cf.code.Merger.isPossiblyAssignableFrom(Lcom/android/dx/rop/type/TypeBearer;Lcom/android/dx/rop/type/TypeBearer;)Z @ 131
Event: 12.045 Thread 0x00007f961800a000 Uncommon trap: reason=class_check action=maybe_recompile pc=0x00007f9609a59f8c method=com.android.dx.ssa.back.FirstFitLocalCombiningAllocator.findNextUnreservedRopReg(IILcom/android/dx/ssa/back/FirstFitLocalCombiningAllocator$Alignment;)I @ 60
Event: 12.120 Thread 0x00007f961800a000 Uncommon trap: reason=unstable_if action=reinterpret pc=0x00007f960932c500 method=com.android.dx.rop.code.RegisterSpec.equals(ILcom/android/dx/rop/type/TypeBearer;Lcom/android/dx/rop/code/LocalItem;)Z @ 31
Event: 12.970 Thread 0x00007f96181d1800 Uncommon trap: reason=unstable_if action=reinterpret pc=0x00007f96099ce2ec method=com.android.dx.ssa.SCCP.simulateBranch(Lcom/android/dx/ssa/SsaInsn;)V @ 334

Internal exceptions (10 events):
Event: 0.070 Thread 0x00007f961800a000 Exception <a 'java/lang/NoSuchMethodError': Method sun.misc.Unsafe.prefetchRead(Ljava/lang/Object;J)V name or signature does not match> (0x000000076ab07f60) thrown at [/HUDSON3/workspace/8-2-build-linux-amd64/jdk8u112/7884/hotspot/src/share/vm/prims/jni.c
Event: 0.542 Thread 0x00007f961800a000 Implicit null exception at 0x00007f96091783f4 to 0x00007f9609178a3d
Event: 1.382 Thread 0x00007f96181d1800 Implicit null exception at 0x00007f96092e6b62 to 0x00007f96092e6c5b
Event: 1.460 Thread 0x00007f961800a000 Implicit null exception at 0x00007f960931702f to 0x00007f9609317ba1
Event: 2.541 Thread 0x00007f96181d6000 Exception <a 'java/lang/ArrayIndexOutOfBoundsException': 18> (0x000000076bf58048) thrown at [/HUDSON3/workspace/8-2-build-linux-amd64/jdk8u112/7884/hotspot/src/share/vm/interpreter/interpreterRuntime.cpp, line 366]
Event: 2.542 Thread 0x00007f96181d6000 Exception <a 'java/lang/ArrayIndexOutOfBoundsException': 145> (0x000000076bf59bc8) thrown at [/HUDSON3/workspace/8-2-build-linux-amd64/jdk8u112/7884/hotspot/src/share/vm/interpreter/interpreterRuntime.cpp, line 366]
Event: 2.545 Thread 0x00007f96181d6000 Exception <a 'java/lang/ArrayIndexOutOfBoundsException': 40> (0x000000076bf5aeb0) thrown at [/HUDSON3/workspace/8-2-build-linux-amd64/jdk8u112/7884/hotspot/src/share/vm/interpreter/interpreterRuntime.cpp, line 366]
Event: 11.717 Thread 0x00007f96181d6000 Implicit null exception at 0x00007f9609a0809e to 0x00007f9609a0c09d
Event: 11.718 Thread 0x00007f96181d6000 Implicit null exception at 0x00007f96096a99ae to 0x00007f96096aaa65
Event: 12.120 Thread 0x00007f961800a000 Implicit null exception at 0x00007f960932c137 to 0x00007f960932c4b5

Events (10 events):
Event: 12.930 Thread 0x00007f96181d4000 DEOPT PACKING pc=0x00007f9609455af4 sp=0x00007f96049a2050
Event: 12.930 Thread 0x00007f96181d4000 DEOPT UNPACKING pc=0x00007f9609047633 sp=0x00007f96049a1d50 mode 0
Event: 12.970 Thread 0x00007f96181d1800 Uncommon trap: trap_request=0xffffff65 fr.pc=0x00007f96099ce2ec
Event: 12.970 Thread 0x00007f96181d1800 DEOPT PACKING pc=0x00007f96099ce2ec sp=0x00007f9604ba3bf0
Event: 12.970 Thread 0x00007f96181d1800 DEOPT UNPACKING pc=0x00007f9609005229 sp=0x00007f9604ba3c18 mode 2
Event: 12.986 Thread 0x00007f96181d4000 DEOPT PACKING pc=0x00007f9609417d2f sp=0x00007f96049a1f30
Event: 12.986 Thread 0x00007f96181d4000 DEOPT UNPACKING pc=0x00007f9609047633 sp=0x00007f96049a1cf0 mode 0
Event: 13.064 Thread 0x00007f96181d1800 DEOPT PACKING pc=0x00007f9609455af4 sp=0x00007f9604ba3e00
Event: 13.064 Thread 0x00007f96181d1800 DEOPT UNPACKING pc=0x00007f9609047633 sp=0x00007f9604ba3b00 mode 0
Event: 13.065 Executing VM operation: ParallelGCFailedAllocation


Dynamic libraries:
00400000-00401000 r-xp 00000000 08:02 2497811                            /usr/local/jdk1.8.0/bin/java
00600000-00601000 rw-p 00000000 08:02 2497811                            /usr/local/jdk1.8.0/bin/java
01667000-01688000 rw-p 00000000 00:00 0                                  [heap]
6c0000000-6c9e00000 rw-p 00000000 00:00 0 
6c9e00000-76ab00000 ---p 00000000 00:00 0 
76ab00000-790180000 rw-p 00000000 00:00 0 
79cb80000-7c0000000 ---p 00000000 00:00 0 
7c0000000-7c00c0000 rw-p 00000000 00:00 0 
7c00c0000-800000000 ---p 00000000 00:00 0 
7f95a8000000-7f95a8021000 rw-p 00000000 00:00 0 
7f95a8021000-7f95ac000000 ---p 00000000 00:00 0 
7f95b0000000-7f95b0027000 rw-p 00000000 00:00 0 
7f95b0027000-7f95b4000000 ---p 00000000 00:00 0 
7f95b4000000-7f95b402f000 rw-p 00000000 00:00 0 
7f95b402f000-7f95b8000000 ---p 00000000 00:00 0 
7f95b8000000-7f95b802d000 rw-p 00000000 00:00 0 
7f95b802d000-7f95bc000000 ---p 00000000 00:00 0 
7f95bc000000-7f95bc021000 rw-p 00000000 00:00 0 
7f95bc021000-7f95c0000000 ---p 00000000 00:00 0 
7f95c0000000-7f95c0021000 rw-p 00000000 00:00 0 
7f95c0021000-7f95c4000000 ---p 00000000 00:00 0 
7f95c4000000-7f95c4021000 rw-p 00000000 00:00 0 
7f95c4021000-7f95c8000000 ---p 00000000 00:00 0 
7f95c8000000-7f95c984f000 rw-p 00000000 00:00 0 
7f95c984f000-7f95cc000000 ---p 00000000 00:00 0 
7f95cc000000-7f95cc861000 rw-p 00000000 00:00 0 
7f95cc861000-7f95d0000000 ---p 00000000 00:00 0 
7f95d0000000-7f95d0021000 rw-p 00000000 00:00 0 
7f95d0021000-7f95d4000000 ---p 00000000 00:00 0 
7f95d4000000-7f95d586f000 rw-p 00000000 00:00 0 
7f95d586f000-7f95d8000000 ---p 00000000 00:00 0 
7f95d8000000-7f95d8021000 rw-p 00000000 00:00 0 
7f95d8021000-7f95dc000000 ---p 00000000 00:00 0 
7f95dc000000-7f95dc021000 rw-p 00000000 00:00 0 
7f95dc021000-7f95e0000000 ---p 00000000 00:00 0 
7f95e0000000-7f95e8000000 rw-p 00000000 00:00 0 
7f95e8000000-7f95e8021000 rw-p 00000000 00:00 0 
7f95e8021000-7f95ec000000 ---p 00000000 00:00 0 
7f95ec000000-7f95ec290000 rw-p 00000000 00:00 0 
7f95ec290000-7f95f0000000 ---p 00000000 00:00 0 
7f95f0000000-7f95f0021000 rw-p 00000000 00:00 0 
7f95f0021000-7f95f4000000 ---p 00000000 00:00 0 
7f95f8000000-7f95f8021000 rw-p 00000000 00:00 0 
7f95f8021000-7f95fc000000 ---p 00000000 00:00 0 
7f9600000000-7f9600021000 rw-p 00000000 00:00 0 
7f9600021000-7f9604000000 ---p 00000000 00:00 0 
7f96046a1000-7f96046a4000 ---p 00000000 00:00 0 
7f96046a4000-7f96047a2000 rw-p 00000000 00:00 0 
7f96047a2000-7f96047a5000 ---p 00000000 00:00 0 
7f96047a5000-7f96048a3000 rw-p 00000000 00:00 0 
7f96048a3000-7f96048a6000 ---p 00000000 00:00 0 
7f96048a6000-7f96049a4000 rw-p 00000000 00:00 0 
7f96049a4000-7f96049a7000 ---p 00000000 00:00 0 
7f96049a7000-7f9604aa5000 rw-p 00000000 00:00 0 
7f9604aa5000-7f9604aa8000 ---p 00000000 00:00 0 
7f9604aa8000-7f9604ba6000 rw-p 00000000 00:00 0 
7f9604ba6000-7f9604c73000 r--s 00949000 08:11 21767241                   /home/teocci/SourceCode/Android/YouTube-In-Background/app/build/intermediates/transforms/jarMerging/debug/jars/1/1f/combined.jar
7f9604c73000-7f9604c74000 ---p 00000000 00:00 0 
7f9604c74000-7f9604d74000 rw-p 00000000 00:00 0 
7f9604d74000-7f9604d77000 ---p 00000000 00:00 0 
7f9604d77000-7f9604e75000 rw-p 00000000 00:00 0 
7f9604e75000-7f9604e78000 ---p 00000000 00:00 0 
7f9604e78000-7f9604f76000 rw-p 00000000 00:00 0 
7f9604f76000-7f9604f79000 ---p 00000000 00:00 0 
7f9604f79000-7f9605077000 rw-p 00000000 00:00 0 
7f9605077000-7f960507a000 ---p 00000000 00:00 0 
7f960507a000-7f9605178000 rw-p 00000000 00:00 0 
7f9605178000-7f960517b000 ---p 00000000 00:00 0 
7f960517b000-7f9605279000 rw-p 00000000 00:00 0 
7f9605279000-7f9605691000 r--p 00000000 08:02 2232037                    /usr/lib/locale/locale-archive
7f9605691000-7f9605694000 ---p 00000000 00:00 0 
7f9605694000-7f9605792000 rw-p 00000000 00:00 0 
7f9605792000-7f9605795000 ---p 00000000 00:00 0 
7f9605795000-7f9605893000 rw-p 00000000 00:00 0 
7f9605893000-7f9605894000 ---p 00000000 00:00 0 
7f9605894000-7f9606997000 rw-p 00000000 00:00 0 
7f9606997000-7f9606b70000 r--s 03d2c000 08:02 2497885                    /usr/local/jdk1.8.0/jre/lib/rt.jar
7f9606b70000-7f96072a6000 rw-p 00000000 00:00 0 
7f96072a6000-7f96073e6000 ---p 00000000 00:00 0 
7f96073e6000-7f9607be6000 rw-p 00000000 00:00 0 
7f9607be6000-7f9607be7000 ---p 00000000 00:00 0 
7f9607be7000-7f9607ce7000 rw-p 00000000 00:00 0 
7f9607ce7000-7f9607ce8000 ---p 00000000 00:00 0 
7f9607ce8000-7f9607de8000 rw-p 00000000 00:00 0 
7f9607de8000-7f9607de9000 ---p 00000000 00:00 0 
7f9607de9000-7f9607f38000 rw-p 00000000 00:00 0 
7f9607f38000-7f960843f000 ---p 00000000 00:00 0 
7f960843f000-7f960848e000 rw-p 00000000 00:00 0 
7f960848e000-7f9608994000 ---p 00000000 00:00 0 
7f9608994000-7f9608ac0000 rw-p 00000000 00:00 0 
7f9608ac0000-7f9608c3f000 ---p 00000000 00:00 0 
7f9608c3f000-7f9608c6b000 rw-p 00000000 00:00 0 
7f9608c6b000-7f9609000000 ---p 00000000 00:00 0 
7f9609000000-7f9609ab0000 rwxp 00000000 00:00 0 
7f9609ab0000-7f9618000000 ---p 00000000 00:00 0 
7f9618000000-7f96183ee000 rw-p 00000000 00:00 0 
7f96183ee000-7f961c000000 ---p 00000000 00:00 0 
7f961c014000-7f961c015000 ---p 00000000 00:00 0 
7f961c015000-7f961c115000 rw-p 00000000 00:00 0 
7f961c115000-7f961c12f000 r-xp 00000000 08:02 2497916                    /usr/local/jdk1.8.0/jre/lib/amd64/libzip.so
7f961c12f000-7f961c32f000 ---p 0001a000 08:02 2497916                    /usr/local/jdk1.8.0/jre/lib/amd64/libzip.so
7f961c32f000-7f961c330000 rw-p 0001a000 08:02 2497916                    /usr/local/jdk1.8.0/jre/lib/amd64/libzip.so
7f961c330000-7f961c33b000 r-xp 00000000 08:02 262432                     /lib/x86_64-linux-gnu/libnss_files-2.23.so
7f961c33b000-7f961c53a000 ---p 0000b000 08:02 262432                     /lib/x86_64-linux-gnu/libnss_files-2.23.so
7f961c53a000-7f961c53b000 r--p 0000a000 08:02 262432                     /lib/x86_64-linux-gnu/libnss_files-2.23.so
7f961c53b000-7f961c53c000 rw-p 0000b000 08:02 262432                     /lib/x86_64-linux-gnu/libnss_files-2.23.so
7f961c53c000-7f961c542000 rw-p 00000000 00:00 0 
7f961c542000-7f961c54d000 r-xp 00000000 08:02 262418                     /lib/x86_64-linux-gnu/libnss_nis-2.23.so
7f961c54d000-7f961c74c000 ---p 0000b000 08:02 262418                     /lib/x86_64-linux-gnu/libnss_nis-2.23.so
7f961c74c000-7f961c74d000 r--p 0000a000 08:02 262418                     /lib/x86_64-linux-gnu/libnss_nis-2.23.so
7f961c74d000-7f961c74e000 rw-p 0000b000 08:02 262418                     /lib/x86_64-linux-gnu/libnss_nis-2.23.so
7f961c74e000-7f961c764000 r-xp 00000000 08:02 262422                     /lib/x86_64-linux-gnu/libnsl-2.23.so
7f961c764000-7f961c963000 ---p 00016000 08:02 262422                     /lib/x86_64-linux-gnu/libnsl-2.23.so
7f961c963000-7f961c964000 r--p 00015000 08:02 262422                     /lib/x86_64-linux-gnu/libnsl-2.23.so
7f961c964000-7f961c965000 rw-p 00016000 08:02 262422                     /lib/x86_64-linux-gnu/libnsl-2.23.so
7f961c965000-7f961c967000 rw-p 00000000 00:00 0 
7f961c967000-7f961c96f000 r-xp 00000000 08:02 262436                     /lib/x86_64-linux-gnu/libnss_compat-2.23.so
7f961c96f000-7f961cb6e000 ---p 00008000 08:02 262436                     /lib/x86_64-linux-gnu/libnss_compat-2.23.so
7f961cb6e000-7f961cb6f000 r--p 00007000 08:02 262436                     /lib/x86_64-linux-gnu/libnss_compat-2.23.so
7f961cb6f000-7f961cb70000 rw-p 00008000 08:02 262436                     /lib/x86_64-linux-gnu/libnss_compat-2.23.so
7f961cb70000-7f961cb9b000 r-xp 00000000 08:02 2497943                    /usr/local/jdk1.8.0/jre/lib/amd64/libjava.so
7f961cb9b000-7f961cd9a000 ---p 0002b000 08:02 2497943                    /usr/local/jdk1.8.0/jre/lib/amd64/libjava.so
7f961cd9a000-7f961cd9c000 rw-p 0002a000 08:02 2497943                    /usr/local/jdk1.8.0/jre/lib/amd64/libjava.so
7f961cd9c000-7f961cda9000 r-xp 00000000 08:02 2497894                    /usr/local/jdk1.8.0/jre/lib/amd64/libverify.so
7f961cda9000-7f961cfa8000 ---p 0000d000 08:02 2497894                    /usr/local/jdk1.8.0/jre/lib/amd64/libverify.so
7f961cfa8000-7f961cfaa000 rw-p 0000c000 08:02 2497894                    /usr/local/jdk1.8.0/jre/lib/amd64/libverify.so
7f961cfaa000-7f961cfb1000 r-xp 00000000 08:02 262438                     /lib/x86_64-linux-gnu/librt-2.23.so
7f961cfb1000-7f961d1b0000 ---p 00007000 08:02 262438                     /lib/x86_64-linux-gnu/librt-2.23.so
7f961d1b0000-7f961d1b1000 r--p 00006000 08:02 262438                     /lib/x86_64-linux-gnu/librt-2.23.so
7f961d1b1000-7f961d1b2000 rw-p 00007000 08:02 262438                     /lib/x86_64-linux-gnu/librt-2.23.so
7f961d1b2000-7f961d2ba000 r-xp 00000000 08:02 262420                     /lib/x86_64-linux-gnu/libm-2.23.so
7f961d2ba000-7f961d4b9000 ---p 00108000 08:02 262420                     /lib/x86_64-linux-gnu/libm-2.23.so
7f961d4b9000-7f961d4ba000 r--p 00107000 08:02 262420                     /lib/x86_64-linux-gnu/libm-2.23.so
7f961d4ba000-7f961d4bb000 rw-p 00108000 08:02 262420                     /lib/x86_64-linux-gnu/libm-2.23.so
7f961d4bb000-7f961e189000 r-xp 00000000 08:02 2497947                    /usr/local/jdk1.8.0/jre/lib/amd64/server/libjvm.so
7f961e189000-7f961e389000 ---p 00cce000 08:02 2497947                    /usr/local/jdk1.8.0/jre/lib/amd64/server/libjvm.so
7f961e389000-7f961e462000 rw-p 00cce000 08:02 2497947                    /usr/local/jdk1.8.0/jre/lib/amd64/server/libjvm.so
7f961e462000-7f961e4ad000 rw-p 00000000 00:00 0 
7f961e4ad000-7f961e66c000 r-xp 00000000 08:02 262424                     /lib/x86_64-linux-gnu/libc-2.23.so
7f961e66c000-7f961e86c000 ---p 001bf000 08:02 262424                     /lib/x86_64-linux-gnu/libc-2.23.so
7f961e86c000-7f961e870000 r--p 001bf000 08:02 262424                     /lib/x86_64-linux-gnu/libc-2.23.so
7f961e870000-7f961e872000 rw-p 001c3000 08:02 262424                     /lib/x86_64-linux-gnu/libc-2.23.so
7f961e872000-7f961e876000 rw-p 00000000 00:00 0 
7f961e876000-7f961e879000 r-xp 00000000 08:02 262416                     /lib/x86_64-linux-gnu/libdl-2.23.so
7f961e879000-7f961ea78000 ---p 00003000 08:02 262416                     /lib/x86_64-linux-gnu/libdl-2.23.so
7f961ea78000-7f961ea79000 r--p 00002000 08:02 262416                     /lib/x86_64-linux-gnu/libdl-2.23.so
7f961ea79000-7f961ea7a000 rw-p 00003000 08:02 262416                     /lib/x86_64-linux-gnu/libdl-2.23.so
7f961ea7a000-7f961ea8f000 r-xp 00000000 08:02 2497772                    /usr/local/jdk1.8.0/lib/amd64/jli/libjli.so
7f961ea8f000-7f961ec8f000 ---p 00015000 08:02 2497772                    /usr/local/jdk1.8.0/lib/amd64/jli/libjli.so
7f961ec8f000-7f961ec90000 rw-p 00015000 08:02 2497772                    /usr/local/jdk1.8.0/lib/amd64/jli/libjli.so
7f961ec90000-7f961eca8000 r-xp 00000000 08:02 262446                     /lib/x86_64-linux-gnu/libpthread-2.23.so
7f961eca8000-7f961eea7000 ---p 00018000 08:02 262446                     /lib/x86_64-linux-gnu/libpthread-2.23.so
7f961eea7000-7f961eea8000 r--p 00017000 08:02 262446                     /lib/x86_64-linux-gnu/libpthread-2.23.so
7f961eea8000-7f961eea9000 rw-p 00018000 08:02 262446                     /lib/x86_64-linux-gnu/libpthread-2.23.so
7f961eea9000-7f961eead000 rw-p 00000000 00:00 0 
7f961eead000-7f961eed3000 r-xp 00000000 08:02 262426                     /lib/x86_64-linux-gnu/ld-2.23.so
7f961eed6000-7f961efa9000 rw-p 00000000 00:00 0 
7f961efa9000-7f961efac000 ---p 00000000 00:00 0 
7f961efac000-7f961f0ae000 rw-p 00000000 00:00 0 
7f961f0b8000-7f961f0c6000 r--s 000e0000 08:11 9964911                    /home/teocci/Android/Sdk/build-tools/25.0.2/lib/dx.jar
7f961f0c6000-7f961f0ce000 rw-s 00000000 08:02 1577413                    /tmp/hsperfdata_teocci/18107
7f961f0ce000-7f961f0cf000 rw-p 00000000 00:00 0 
7f961f0cf000-7f961f0d0000 ---p 00000000 00:00 0 
7f961f0d0000-7f961f0d2000 rw-p 00000000 00:00 0 
7f961f0d2000-7f961f0d3000 r--p 00025000 08:02 262426                     /lib/x86_64-linux-gnu/ld-2.23.so
7f961f0d3000-7f961f0d4000 rw-p 00026000 08:02 262426                     /lib/x86_64-linux-gnu/ld-2.23.so
7f961f0d4000-7f961f0d5000 rw-p 00000000 00:00 0 
7ffe5cbd3000-7ffe5cbf5000 rw-p 00000000 00:00 0                          [stack]
7ffe5cbfc000-7ffe5cbfe000 r--p 00000000 00:00 0                          [vvar]
7ffe5cbfe000-7ffe5cc00000 r-xp 00000000 00:00 0                          [vdso]
ffffffffff600000-ffffffffff601000 r-xp 00000000 00:00 0                  [vsyscall]

VM Arguments:
jvm_args: -Djava.awt.headless=true -Xmx4g -Dfile.encoding=UTF-8 -Duser.country=US -Duser.language=en -Duser.variant 
java_command: com.android.dx.command.Main --dex --num-threads=4 --multi-dex --main-dex-list /home/teocci/SourceCode/Android/YouTube-In-Background/app/build/intermediates/multi-dex/debug/maindexlist.txt --output /home/teocci/SourceCode/Android/YouTube-In-Background/app/build/intermediates/transforms/dex/debug/folders/1000/1f/main /home/teocci/SourceCode/Android/YouTube-In-Background/app/build/intermediates/transforms/jarMerging/debug/jars/1/1f/combined.jar
java_class_path (initial): /home/teocci/Android/Sdk/build-tools/25.0.2/lib/dx.jar
Launcher Type: SUN_STANDARD

Environment Variables:
JAVA_HOME=/usr/local/jdk1.8.0
PATH=/home/teocci/bin:/home/teocci/.local/bin:/usr/local/sbin:/usr/local/bin:/usr/sbin:/usr/bin:/sbin:/bin:/usr/games:/usr/local/games:/usr/local/jdk1.8.0/bin:/usr/local/android-studio/bin:/home/teocci/Android/Sdk/platform-tools:/snap/bin
LD_LIBRARY_PATH=/usr/local/android-studio/bin:
SHELL=/bin/bash
DISPLAY=:0

Signal Handlers:
SIGSEGV: [libjvm.so+0xac7800], sa_mask[0]=11111111011111111101111111111110, sa_flags=SA_RESTART|SA_SIGINFO
SIGBUS: [libjvm.so+0xac7800], sa_mask[0]=11111111011111111101111111111110, sa_flags=SA_RESTART|SA_SIGINFO
SIGFPE: [libjvm.so+0x920990], sa_mask[0]=11111111011111111101111111111110, sa_flags=SA_RESTART|SA_SIGINFO
SIGPIPE: [libjvm.so+0x920990], sa_mask[0]=11111111011111111101111111111110, sa_flags=SA_RESTART|SA_SIGINFO
SIGXFSZ: [libjvm.so+0x920990], sa_mask[0]=11111111011111111101111111111110, sa_flags=SA_RESTART|SA_SIGINFO
SIGILL: [libjvm.so+0x920990], sa_mask[0]=11111111011111111101111111111110, sa_flags=SA_RESTART|SA_SIGINFO
SIGUSR1: SIG_DFL, sa_mask[0]=00000000000000000000000000000000, sa_flags=none
SIGUSR2: [libjvm.so+0x9221d0], sa_mask[0]=00100000000000000000000000000000, sa_flags=SA_RESTART|SA_SIGINFO
SIGHUP: [libjvm.so+0x9235d0], sa_mask[0]=11111111011111111101111111111110, sa_flags=SA_RESTART|SA_SIGINFO
SIGINT: [libjvm.so+0x9235d0], sa_mask[0]=11111111011111111101111111111110, sa_flags=SA_RESTART|SA_SIGINFO
SIGTERM: [libjvm.so+0x9235d0], sa_mask[0]=11111111011111111101111111111110, sa_flags=SA_RESTART|SA_SIGINFO
SIGQUIT: [libjvm.so+0x9235d0], sa_mask[0]=11111111011111111101111111111110, sa_flags=SA_RESTART|SA_SIGINFO


---------------  S Y S T E M  ---------------

OS:DISTRIB_ID=Ubuntu
DISTRIB_RELEASE=16.04
DISTRIB_CODENAME=xenial
DISTRIB_DESCRIPTION="Ubuntu 16.04.2 LTS"

uname:Linux 4.4.0-79-generic #100-Ubuntu SMP Wed May 17 19:58:14 UTC 2017 x86_64
libc:glibc 2.23 NPTL 2.23 
rlimit: STACK 8192k, CORE 0k, NPROC 30640, NOFILE 65536, AS infinity
load average:3.57 3.42 3.07

/proc/meminfo:
MemTotal:        8106892 kB
MemFree:          124688 kB
MemAvailable:      40624 kB
Buffers:            1536 kB
Cached:            35532 kB
SwapCached:        58372 kB
Active:          5804768 kB
Inactive:        1297888 kB
Active(anon):    5787928 kB
Inactive(anon):  1279652 kB
Active(file):      16840 kB
Inactive(file):    18236 kB
Unevictable:         960 kB
Mlocked:             960 kB
SwapTotal:      19999740 kB
SwapFree:              0 kB
Dirty:               348 kB
Writeback:             0 kB
AnonPages:       7011020 kB
Mapped:            31440 kB
Shmem:              1280 kB
Slab:             178520 kB
SReclaimable:      66472 kB
SUnreclaim:       112048 kB
KernelStack:       25600 kB
PageTables:       219168 kB
NFS_Unstable:          0 kB
Bounce:                0 kB
WritebackTmp:          0 kB
CommitLimit:    24053184 kB
Committed_AS:   42006792 kB
VmallocTotal:   34359738367 kB
VmallocUsed:           0 kB
VmallocChunk:          0 kB
HardwareCorrupted:     0 kB
AnonHugePages:    450560 kB
CmaTotal:              0 kB
CmaFree:               0 kB
HugePages_Total:       0
HugePages_Free:        0
HugePages_Rsvd:        0
HugePages_Surp:        0
Hugepagesize:       2048 kB
DirectMap4k:     3239384 kB
DirectMap2M:     5081088 kB


CPU:total 4 (2 cores per cpu, 2 threads per core) family 6 model 58 stepping 9, cmov, cx8, fxsr, mmx, sse, sse2, sse3, ssse3, sse4.1, sse4.2, popcnt, avx, clmul, erms, ht, tsc, tscinvbit, tscinv

/proc/cpuinfo:
processor	: 0
vendor_id	: GenuineIntel
cpu family	: 6
model		: 58
model name	: Intel(R) Core(TM) i3-3220 CPU @ 3.30GHz
stepping	: 9
microcode	: 0x1c
cpu MHz		: 3300.000
cache size	: 3072 KB
physical id	: 0
siblings	: 4
core id		: 0
cpu cores	: 2
apicid		: 0
initial apicid	: 0
fpu		: yes
fpu_exception	: yes
cpuid level	: 13
wp		: yes
flags		: fpu vme de pse tsc msr pae mce cx8 apic sep mtrr pge mca cmov pat pse36 clflush dts acpi mmx fxsr sse sse2 ss ht tm pbe syscall nx rdtscp lm constant_tsc arch_perfmon pebs bts rep_good nopl xtopology nonstop_tsc aperfmperf eagerfpu pni pclmulqdq dtes64 monitor ds_cpl vmx est tm2 ssse3 cx16 xtpr pdcm pcid sse4_1 sse4_2 popcnt tsc_deadline_timer xsave avx f16c lahf_lm epb tpr_shadow vnmi flexpriority ept vpid fsgsbase smep erms xsaveopt dtherm arat pln pts
bugs		:
bogomips	: 6585.26
clflush size	: 64
cache_alignment	: 64
address sizes	: 36 bits physical, 48 bits virtual
power management:

processor	: 1
vendor_id	: GenuineIntel
cpu family	: 6
model		: 58
model name	: Intel(R) Core(TM) i3-3220 CPU @ 3.30GHz
stepping	: 9
microcode	: 0x1c
cpu MHz		: 3299.871
cache size	: 3072 KB
physical id	: 0
siblings	: 4
core id		: 1
cpu cores	: 2
apicid		: 2
initial apicid	: 2
fpu		: yes
fpu_exception	: yes
cpuid level	: 13
wp		: yes
flags		: fpu vme de pse tsc msr pae mce cx8 apic sep mtrr pge mca cmov pat pse36 clflush dts acpi mmx fxsr sse sse2 ss ht tm pbe syscall nx rdtscp lm constant_tsc arch_perfmon pebs bts rep_good nopl xtopology nonstop_tsc aperfmperf eagerfpu pni pclmulqdq dtes64 monitor ds_cpl vmx est tm2 ssse3 cx16 xtpr pdcm pcid sse4_1 sse4_2 popcnt tsc_deadline_timer xsave avx f16c lahf_lm epb tpr_shadow vnmi flexpriority ept vpid fsgsbase smep erms xsaveopt dtherm arat pln pts
bugs		:
bogomips	: 6585.26
clflush size	: 64
cache_alignment	: 64
address sizes	: 36 bits physical, 48 bits virtual
power management:

processor	: 2
vendor_id	: GenuineIntel
cpu family	: 6
model		: 58
model name	: Intel(R) Core(TM) i3-3220 CPU @ 3.30GHz
stepping	: 9
microcode	: 0x1c
cpu MHz		: 3300.000
cache size	: 3072 KB
physical id	: 0
siblings	: 4
core id		: 0
cpu cores	: 2
apicid		: 1
initial apicid	: 1
fpu		: yes
fpu_exception	: yes
cpuid level	: 13
wp		: yes
flags		: fpu vme de pse tsc msr pae mce cx8 apic sep mtrr pge mca cmov pat pse36 clflush dts acpi mmx fxsr sse sse2 ss ht tm pbe syscall nx rdtscp lm constant_tsc arch_perfmon pebs bts rep_good nopl xtopology nonstop_tsc aperfmperf eagerfpu pni pclmulqdq dtes64 monitor ds_cpl vmx est tm2 ssse3 cx16 xtpr pdcm pcid sse4_1 sse4_2 popcnt tsc_deadline_timer xsave avx f16c lahf_lm epb tpr_shadow vnmi flexpriority ept vpid fsgsbase smep erms xsaveopt dtherm arat pln pts
bugs		:
bogomips	: 6585.26
clflush size	: 64
cache_alignment	: 64
address sizes	: 36 bits physical, 48 bits virtual
power management:

processor	: 3
vendor_id	: GenuineIntel
cpu family	: 6
model		: 58
model name	: Intel(R) Core(TM) i3-3220 CPU @ 3.30GHz
stepping	: 9
microcode	: 0x1c
cpu MHz		: 3300.000
cache size	: 3072 KB
physical id	: 0
siblings	: 4
core id		: 1
cpu cores	: 2
apicid		: 3
initial apicid	: 3
fpu		: yes
fpu_exception	: yes
cpuid level	: 13
wp		: yes
flags		: fpu vme de pse tsc msr pae mce cx8 apic sep mtrr pge mca cmov pat pse36 clflush dts acpi mmx fxsr sse sse2 ss ht tm pbe syscall nx rdtscp lm constant_tsc arch_perfmon pebs bts rep_good nopl xtopology nonstop_tsc aperfmperf eagerfpu pni pclmulqdq dtes64 monitor ds_cpl vmx est tm2 ssse3 cx16 xtpr pdcm pcid sse4_1 sse4_2 popcnt tsc_deadline_timer xsave avx f16c lahf_lm epb tpr_shadow vnmi flexpriority ept vpid fsgsbase smep erms xsaveopt dtherm arat pln pts
bugs		:
bogomips	: 6585.26
clflush size	: 64
cache_alignment	: 64
address sizes	: 36 bits physical, 48 bits virtual
power management:



Memory: 4k page, physical 8106892k(124688k free), swap 19999740k(0k free)

vm_info: Java HotSpot(TM) 64-Bit Server VM (25.112-b15) for linux-amd64 JRE (1.8.0_112-b15), built on Sep 22 2016 21:10:53 by "java_re" with gcc 4.3.0 20080428 (Red Hat 4.3.0-8)

time: Tue Jun 13 16:46:56 2017
elapsed time: 13 seconds (0d 0h 0m 13s)

